<?xml version="1.0" encoding="UTF-8"?>
<robot generator="Robot 7.4.2 (Python 3.12.12 on win32)" generated="2026-05-14T22:47:38.746935" rpa="false" schemaversion="5">
<suite id="s1" name="Pdv" source="C:\LAB\softcom-smart-automation\softcom-smart-automation\tests\regression\pdv\pdv.robot">
<kw name="Suite Setup Default" owner="setup" type="SETUP">
<kw name="Set Suite Variable" owner="BuiltIn">
<msg time="2026-05-14T22:47:39.346178" level="INFO">${UI_FAILURE_DETECTED} = False</msg>
<arg>${UI_FAILURE_DETECTED}</arg>
<arg>${FALSE}</arg>
<doc>Makes a variable available everywhere within the scope of the current suite.</doc>
<status status="PASS" start="2026-05-14T22:47:39.345176" elapsed="0.001002"/>
</kw>
<kw name="Log Action" owner="structured_logging">
<kw name="Get Current Date" owner="DateTime">
<msg time="2026-05-14T22:47:39.347181" level="INFO">${timestamp} = 2026-05-14 22:47:39</msg>
<var>${timestamp}</var>
<arg>result_format=%Y-%m-%d %H:%M:%S</arg>
<doc>Returns current local or UTC time with an optional increment.</doc>
<status status="PASS" start="2026-05-14T22:47:39.346178" elapsed="0.001003"/>
</kw>
<kw name="Evaluate" owner="BuiltIn">
<msg time="2026-05-14T22:47:39.347181" level="INFO">${extras} = suite=Pdv</msg>
<var>${extras}</var>
<arg>' | '.join(f'{k}={v}' for k, v in $kwargs.items())</arg>
<doc>Evaluates the given expression in Python and returns the result.</doc>
<status status="PASS" start="2026-05-14T22:47:39.347181" elapsed="0.000000"/>
</kw>
<kw name="Set Variable If" owner="BuiltIn">
<msg time="2026-05-14T22:47:39.348182" level="INFO">${formatted} = [SUITE_START] Iniciando suite | suite=Pdv | timestamp=2026-05-14 22:47:39</msg>
<var>${formatted}</var>
<arg>$extras</arg>
<arg>[${action.upper()}] ${message} | ${extras} | timestamp=${timestamp}</arg>
<arg>[${action.upper()}] ${message} | timestamp=${timestamp}</arg>
<doc>Sets variable based on the given condition.</doc>
<status status="PASS" start="2026-05-14T22:47:39.347181" elapsed="0.001001"/>
</kw>
<kw name="Log" owner="BuiltIn">
<msg time="2026-05-14T22:47:39.348182" level="INFO">[SUITE_START] Iniciando suite | suite=Pdv | timestamp=2026-05-14 22:47:39</msg>
<arg>${formatted}</arg>
<arg>level=${level}</arg>
<doc>Logs the given message with the given level.</doc>
<status status="PASS" start="2026-05-14T22:47:39.348182" elapsed="0.000000"/>
</kw>
<arg>action=suite_start</arg>
<arg>message=Iniciando suite</arg>
<arg>suite=${SUITE_NAME}</arg>
<status status="PASS" start="2026-05-14T22:47:39.346178" elapsed="0.002004"/>
</kw>
<kw name="Open App" owner="open_app">
<try>
<branch type="TRY">
<kw name="Open App Session" owner="open_app">
<if>
<branch type="IF" condition="'${udid}' == '${NONE}'">
<kw name="Get Device UDID From Tag" owner="open_app">
<if>
<branch type="IF" condition="'${DEVICE_TAG}' == ''">
<return>
<value>${DEVICE_UDID}</value>
<status status="NOT RUN" start="2026-05-14T22:47:39.349190" elapsed="0.000000"/>
</return>
<status status="NOT RUN" start="2026-05-14T22:47:39.349190" elapsed="0.000000"/>
</branch>
<status status="PASS" start="2026-05-14T22:47:39.349190" elapsed="0.000000"/>
</if>
<kw name="Evaluate" owner="BuiltIn">
<msg time="2026-05-14T22:47:39.350195" level="INFO">${is_default} = True</msg>
<var>${is_default}</var>
<arg>'${DEVICE_UDID}' == '${DEFAULT_UDID}' or '${DEVICE_UDID}' == 'emulator-5554'</arg>
<doc>Evaluates the given expression in Python and returns the result.</doc>
<status status="PASS" start="2026-05-14T22:47:39.349190" elapsed="0.001005"/>
</kw>
<if>
<branch type="IF" condition="not ${is_default}">
<return>
<value>${DEVICE_UDID}</value>
<status status="NOT RUN" start="2026-05-14T22:47:39.350195" elapsed="0.000000"/>
</return>
<status status="NOT RUN" start="2026-05-14T22:47:39.350195" elapsed="0.000000"/>
</branch>
<status status="PASS" start="2026-05-14T22:47:39.350195" elapsed="0.000000"/>
</if>
<kw name="Get Device Udid" owner="devicesconfig">
<msg time="2026-05-14T22:47:39.357250" level="INFO">${device_udid} = PBM222B172911</msg>
<var>${device_udid}</var>
<arg>${DEVICE_TAG}</arg>
<arg>${DEFAULT_UDID}</arg>
<status status="PASS" start="2026-05-14T22:47:39.350195" elapsed="0.007055"/>
</kw>
<kw name="Log Action" owner="structured_logging">
<kw name="Get Current Date" owner="DateTime">
<msg time="2026-05-14T22:47:39.357250" level="INFO">${timestamp} = 2026-05-14 22:47:39</msg>
<var>${timestamp}</var>
<arg>result_format=%Y-%m-%d %H:%M:%S</arg>
<doc>Returns current local or UTC time with an optional increment.</doc>
<status status="PASS" start="2026-05-14T22:47:39.357250" elapsed="0.000000"/>
</kw>
<kw name="Evaluate" owner="BuiltIn">
<msg time="2026-05-14T22:47:39.358252" level="INFO">${extras} = tag=getnet_p2 | udid=PBM222B172911</msg>
<var>${extras}</var>
<arg>' | '.join(f'{k}={v}' for k, v in $kwargs.items())</arg>
<doc>Evaluates the given expression in Python and returns the result.</doc>
<status status="PASS" start="2026-05-14T22:47:39.357250" elapsed="0.001002"/>
</kw>
<kw name="Set Variable If" owner="BuiltIn">
<msg time="2026-05-14T22:47:39.358252" level="INFO">${formatted} = [DEVICE_MAPPING] Tag mapeada para UDID | tag=getnet_p2 | udid=PBM222B172911 | timestamp=2026-05-14 22:47:39</msg>
<var>${formatted}</var>
<arg>$extras</arg>
<arg>[${action.upper()}] ${message} | ${extras} | timestamp=${timestamp}</arg>
<arg>[${action.upper()}] ${message} | timestamp=${timestamp}</arg>
<doc>Sets variable based on the given condition.</doc>
<status status="PASS" start="2026-05-14T22:47:39.358252" elapsed="0.000000"/>
</kw>
<kw name="Log" owner="BuiltIn">
<msg time="2026-05-14T22:47:39.359254" level="INFO">[DEVICE_MAPPING] Tag mapeada para UDID | tag=getnet_p2 | udid=PBM222B172911 | timestamp=2026-05-14 22:47:39</msg>
<arg>${formatted}</arg>
<arg>level=${level}</arg>
<doc>Logs the given message with the given level.</doc>
<status status="PASS" start="2026-05-14T22:47:39.358252" elapsed="0.001002"/>
</kw>
<arg>action=device_mapping</arg>
<arg>message=Tag mapeada para UDID</arg>
<arg>tag=${DEVICE_TAG}</arg>
<arg>udid=${device_udid}</arg>
<status status="PASS" start="2026-05-14T22:47:39.357250" elapsed="0.002004"/>
</kw>
<return>
<value>${device_udid}</value>
<status status="PASS" start="2026-05-14T22:47:39.359254" elapsed="0.000000"/>
</return>
<msg time="2026-05-14T22:47:39.359254" level="INFO">${final_udid} = PBM222B172911</msg>
<var>${final_udid}</var>
<doc>Retorna o UDID do dispositivo a ser usado na sessão Appium.</doc>
<status status="PASS" start="2026-05-14T22:47:39.349190" elapsed="0.010064"/>
</kw>
<status status="PASS" start="2026-05-14T22:47:39.349190" elapsed="0.010064"/>
</branch>
<branch type="ELSE">
<kw name="Set Variable" owner="BuiltIn">
<var>${final_udid}</var>
<arg>${udid}</arg>
<doc>Returns the given values which can then be assigned to a variables.</doc>
<status status="NOT RUN" start="2026-05-14T22:47:39.359254" elapsed="0.000000"/>
</kw>
<status status="NOT RUN" start="2026-05-14T22:47:39.359254" elapsed="0.000000"/>
</branch>
<status status="PASS" start="2026-05-14T22:47:39.349190" elapsed="0.010064"/>
</if>
<kw name="Set Suite Variable" owner="BuiltIn">
<msg time="2026-05-14T22:47:39.359254" level="INFO">${DEVICE_UDID} = PBM222B172911</msg>
<arg>${DEVICE_UDID}</arg>
<arg>${final_udid}</arg>
<doc>Makes a variable available everywhere within the scope of the current suite.</doc>
<status status="PASS" start="2026-05-14T22:47:39.359254" elapsed="0.000000"/>
</kw>
<kw name="Get Device Config" owner="devicesconfig">
<msg time="2026-05-14T22:47:39.360257" level="INFO">${config} = DeviceConfig(system_port=8208, appium_server='http://192.168.0.14:4723/wd/hub', app_package='softcom.mobile.smart2')</msg>
<var>${config}</var>
<arg>${device_tag}</arg>
<status status="PASS" start="2026-05-14T22:47:39.360257" elapsed="0.000000"/>
</kw>
<kw name="Log Action" owner="structured_logging">
<kw name="Get Current Date" owner="DateTime">
<msg time="2026-05-14T22:47:39.361259" level="INFO">${timestamp} = 2026-05-14 22:47:39</msg>
<var>${timestamp}</var>
<arg>result_format=%Y-%m-%d %H:%M:%S</arg>
<doc>Returns current local or UTC time with an optional increment.</doc>
<status status="PASS" start="2026-05-14T22:47:39.361259" elapsed="0.000000"/>
</kw>
<kw name="Evaluate" owner="BuiltIn">
<msg time="2026-05-14T22:47:39.361259" level="INFO">${extras} = udid=PBM222B172911 | tag=getnet_p2 | systemPort=8208 | appiumServer=http://192.168.0.14:4723/wd/hub</msg>
<var>${extras}</var>
<arg>' | '.join(f'{k}={v}' for k, v in $kwargs.items())</arg>
<doc>Evaluates the given expression in Python and returns the result.</doc>
<status status="PASS" start="2026-05-14T22:47:39.361259" elapsed="0.000000"/>
</kw>
<kw name="Set Variable If" owner="BuiltIn">
<msg time="2026-05-14T22:47:39.362261" level="INFO">${formatted} = [APP_CONNECT] Conectando ao dispositivo | udid=PBM222B172911 | tag=getnet_p2 | systemPort=8208 | appiumServer=http://192.168.0.14:4723/wd/hub | timestamp=2026-05-14 22:47:39</msg>
<var>${formatted}</var>
<arg>$extras</arg>
<arg>[${action.upper()}] ${message} | ${extras} | timestamp=${timestamp}</arg>
<arg>[${action.upper()}] ${message} | timestamp=${timestamp}</arg>
<doc>Sets variable based on the given condition.</doc>
<status status="PASS" start="2026-05-14T22:47:39.361259" elapsed="0.001002"/>
</kw>
<kw name="Log" owner="BuiltIn">
<msg time="2026-05-14T22:47:39.362261" level="INFO">[APP_CONNECT] Conectando ao dispositivo | udid=PBM222B172911 | tag=getnet_p2 | systemPort=8208 | appiumServer=http://192.168.0.14:4723/wd/hub | timestamp=2026-05-14 22:47:39</msg>
<arg>${formatted}</arg>
<arg>level=${level}</arg>
<doc>Logs the given message with the given level.</doc>
<status status="PASS" start="2026-05-14T22:47:39.362261" elapsed="0.000000"/>
</kw>
<arg>action=app_connect</arg>
<arg>message=Conectando ao dispositivo</arg>
<arg>udid=${final_udid}</arg>
<arg>tag=${device_tag}</arg>
<arg>systemPort=${config.system_port}</arg>
<arg>appiumServer=${config.appium_server}</arg>
<status status="PASS" start="2026-05-14T22:47:39.360257" elapsed="0.002004"/>
</kw>
<kw name="Open Application" owner="AppiumLibrary">
<arg>remote_url=${config.appium_server}</arg>
<arg>platformName=${platform_name}</arg>
<arg>automationName=${automation_name}</arg>
<arg>udid=${final_udid}</arg>
<arg>systemPort=${config.system_port}</arg>
<arg>deviceName=${device_tag}</arg>
<doc>Opens a new application to the given Appium server.
Capabilities of appium server, Android and iOS,
Please check https://appium.io/docs/en/2.19/guides/caps/
| *Option*            | *Man.* | *Description*     |
| remote_url          | Yes    | Appium server url |
| alias               | No     | alias             |</doc>
<status status="PASS" start="2026-05-14T22:47:39.362261" elapsed="15.814463"/>
</kw>
<doc>Abre a sessão Appium no dispositivo resolvido.
Conecta ao device sem lançar nem resetar o app — o app deve estar aberto em foreground.
Configurações de system_port e appium_server são lidas do devices.yaml via DevicesConfig.py.</doc>
<status status="PASS" start="2026-05-14T22:47:39.349190" elapsed="15.827534"/>
</kw>
<kw name="Clear Logcat" owner="logcatlibrary">
<doc>Clears the Android logcat buffer for the current device.</doc>
<status status="PASS" start="2026-05-14T22:47:55.176724" elapsed="0.087312"/>
</kw>
<kw name="Log Action" owner="structured_logging">
<kw name="Get Current Date" owner="DateTime">
<msg time="2026-05-14T22:47:55.265048" level="INFO">${timestamp} = 2026-05-14 22:47:55</msg>
<var>${timestamp}</var>
<arg>result_format=%Y-%m-%d %H:%M:%S</arg>
<doc>Returns current local or UTC time with an optional increment.</doc>
<status status="PASS" start="2026-05-14T22:47:55.265048" elapsed="0.000000"/>
</kw>
<kw name="Evaluate" owner="BuiltIn">
<msg time="2026-05-14T22:47:55.266052" level="INFO">${extras} = tag=getnet_p2</msg>
<var>${extras}</var>
<arg>' | '.join(f'{k}={v}' for k, v in $kwargs.items())</arg>
<doc>Evaluates the given expression in Python and returns the result.</doc>
<status status="PASS" start="2026-05-14T22:47:55.265048" elapsed="0.001004"/>
</kw>
<kw name="Set Variable If" owner="BuiltIn">
<msg time="2026-05-14T22:47:55.266052" level="INFO">${formatted} = [APP_OPEN] Aplicação aberta com sucesso | tag=getnet_p2 | timestamp=2026-05-14 22:47:55</msg>
<var>${formatted}</var>
<arg>$extras</arg>
<arg>[${action.upper()}] ${message} | ${extras} | timestamp=${timestamp}</arg>
<arg>[${action.upper()}] ${message} | timestamp=${timestamp}</arg>
<doc>Sets variable based on the given condition.</doc>
<status status="PASS" start="2026-05-14T22:47:55.266052" elapsed="0.000000"/>
</kw>
<kw name="Log" owner="BuiltIn">
<msg time="2026-05-14T22:47:55.267055" level="INFO">[APP_OPEN] Aplicação aberta com sucesso | tag=getnet_p2 | timestamp=2026-05-14 22:47:55</msg>
<arg>${formatted}</arg>
<arg>level=${level}</arg>
<doc>Logs the given message with the given level.</doc>
<status status="PASS" start="2026-05-14T22:47:55.267055" elapsed="0.000000"/>
</kw>
<arg>action=app_open</arg>
<arg>message=Aplicação aberta com sucesso</arg>
<arg>tag=${DEVICE_TAG}</arg>
<status status="PASS" start="2026-05-14T22:47:55.265048" elapsed="0.002007"/>
</kw>
<status status="PASS" start="2026-05-14T22:47:39.348182" elapsed="15.918873"/>
</branch>
<branch type="EXCEPT" assign="${error}">
<kw name="Log Action" owner="structured_logging">
<arg>action=app_open_failed</arg>
<arg>message=Falha ao abrir aplicação</arg>
<arg>error=${error}</arg>
<arg>level=ERROR</arg>
<status status="NOT RUN" start="2026-05-14T22:47:55.267055" elapsed="0.000000"/>
</kw>
<kw name="Fail" owner="BuiltIn">
<arg>Falha ao abrir a aplicação: ${error}</arg>
<doc>Fails the test with the given message and optionally alters its tags.</doc>
<status status="NOT RUN" start="2026-05-14T22:47:55.267055" elapsed="0.000000"/>
</kw>
<status status="NOT RUN" start="2026-05-14T22:47:55.267055" elapsed="0.000000"/>
</branch>
<status status="PASS" start="2026-05-14T22:47:39.348182" elapsed="15.918873"/>
</try>
<doc>Keyword de Test Setup — abre a aplicação e limpa o logcat.
Use via base_&lt;modulo&gt;.resource no Suite Setup ou Test Setup.</doc>
<status status="PASS" start="2026-05-14T22:47:39.348182" elapsed="15.918873"/>
</kw>
<doc>Setup padrão de suite — abre a aplicação e prepara o ambiente.
Use quando não há necessidade de setup específico por módulo.</doc>
<status status="PASS" start="2026-05-14T22:47:39.344174" elapsed="15.922881"/>
</kw>
<test id="s1-t1" name="PDV - Orders - Client Order" line="41">
<kw name="Test Setup Default" owner="setup" type="SETUP">
<kw name="Get Variable Value" owner="BuiltIn">
<msg time="2026-05-14T22:47:55.268057" level="INFO">${_ui_failed} = False</msg>
<var>${_ui_failed}</var>
<arg>${UI_FAILURE_DETECTED}</arg>
<arg>${FALSE}</arg>
<doc>Returns variable value or ``default`` if the variable does not exist.</doc>
<status status="PASS" start="2026-05-14T22:47:55.268057" elapsed="0.000000"/>
</kw>
<if>
<branch type="IF" condition="${_ui_failed}">
<kw name="Skip" owner="BuiltIn">
<arg>Teste ignorado: falha de UI detectada no teste anterior — o app pode estar em estado inválido.</arg>
<doc>Skips the rest of the current test.</doc>
<status status="NOT RUN" start="2026-05-14T22:47:55.268057" elapsed="0.000000"/>
</kw>
<status status="NOT RUN" start="2026-05-14T22:47:55.268057" elapsed="0.000000"/>
</branch>
<status status="PASS" start="2026-05-14T22:47:55.268057" elapsed="0.000000"/>
</if>
<kw name="Log Action" owner="structured_logging">
<kw name="Get Current Date" owner="DateTime">
<msg time="2026-05-14T22:47:55.269059" level="INFO">${timestamp} = 2026-05-14 22:47:55</msg>
<var>${timestamp}</var>
<arg>result_format=%Y-%m-%d %H:%M:%S</arg>
<doc>Returns current local or UTC time with an optional increment.</doc>
<status status="PASS" start="2026-05-14T22:47:55.269059" elapsed="0.000000"/>
</kw>
<kw name="Evaluate" owner="BuiltIn">
<msg time="2026-05-14T22:47:55.269059" level="INFO">${extras} = test=PDV - Orders - Client Order</msg>
<var>${extras}</var>
<arg>' | '.join(f'{k}={v}' for k, v in $kwargs.items())</arg>
<doc>Evaluates the given expression in Python and returns the result.</doc>
<status status="PASS" start="2026-05-14T22:47:55.269059" elapsed="0.000000"/>
</kw>
<kw name="Set Variable If" owner="BuiltIn">
<msg time="2026-05-14T22:47:55.270062" level="INFO">${formatted} = [TEST_START] Iniciando teste | test=PDV - Orders - Client Order | timestamp=2026-05-14 22:47:55</msg>
<var>${formatted}</var>
<arg>$extras</arg>
<arg>[${action.upper()}] ${message} | ${extras} | timestamp=${timestamp}</arg>
<arg>[${action.upper()}] ${message} | timestamp=${timestamp}</arg>
<doc>Sets variable based on the given condition.</doc>
<status status="PASS" start="2026-05-14T22:47:55.269059" elapsed="0.001003"/>
</kw>
<kw name="Log" owner="BuiltIn">
<msg time="2026-05-14T22:47:55.270062" level="INFO">[TEST_START] Iniciando teste | test=PDV - Orders - Client Order | timestamp=2026-05-14 22:47:55</msg>
<arg>${formatted}</arg>
<arg>level=${level}</arg>
<doc>Logs the given message with the given level.</doc>
<status status="PASS" start="2026-05-14T22:47:55.270062" elapsed="0.000000"/>
</kw>
<arg>action=test_start</arg>
<arg>message=Iniciando teste</arg>
<arg>test=${TEST_NAME}</arg>
<status status="PASS" start="2026-05-14T22:47:55.268057" elapsed="0.002005"/>
</kw>
<doc>Setup padrão de teste — registra início do caso de teste no log.
Ignora o teste automaticamente se uma falha de UI foi detectada no teste anterior,
evitando falhas em cadeia por estado inválido da interface.</doc>
<status status="PASS" start="2026-05-14T22:47:55.268057" elapsed="0.002005"/>
</kw>
<kw name="Pdv - Navigate To Client Order" owner="pdv_navigation">
<kw name="Pdv - Navigate To Clients" owner="pdv_navigation">
<kw name="Pdv - Home - Click Clients" owner="home_page">
<kw name="Wait Visible And Click Element" owner="common_keywords">
<kw name="Run With Screenshot On Failure" owner="common_keywords">
<try>
<branch type="TRY">
<kw name="Run Keyword" owner="BuiltIn">
<kw name="_Do Wait Visible And Click Element" owner="common_keywords">
<kw name="Wait Until Element Is Visible" owner="AppiumLibrary">
<msg time="2026-05-14T22:47:56.548209" level="INFO">xpath criteria: //android.widget.TextView[@resource-id="HomeOptionText_0"]</msg>
<arg>${locator}</arg>
<arg>timeout=${timeout}</arg>
<doc>Waits until the element specified by the ``locator`` is visible.</doc>
<status status="PASS" start="2026-05-14T22:47:55.273076" elapsed="1.275133"/>
</kw>
<kw name="Click Element" owner="AppiumLibrary">
<msg time="2026-05-14T22:47:56.550214" level="INFO">Clicking element '//android.widget.TextView[@resource-id="HomeOptionText_0"]'.</msg>
<msg time="2026-05-14T22:47:57.533092" level="INFO">xpath criteria: //android.widget.TextView[@resource-id="HomeOptionText_0"]</msg>
<arg>${locator}</arg>
<doc>Clicks the element identified by ``locator``.</doc>
<status status="PASS" start="2026-05-14T22:47:56.549212" elapsed="0.983880"/>
</kw>
<arg>@{args}</arg>
<status status="PASS" start="2026-05-14T22:47:55.273076" elapsed="2.260016"/>
</kw>
<arg>${keyword_name}</arg>
<arg>@{args}</arg>
<doc>Executes the given keyword with the given arguments.</doc>
<status status="PASS" start="2026-05-14T22:47:55.273076" elapsed="2.260016"/>
</kw>
<status status="PASS" start="2026-05-14T22:47:55.272074" elapsed="2.261018"/>
</branch>
<branch type="EXCEPT" assign="${error}">
<kw name="Capture Page Screenshot" owner="AppiumLibrary">
<arg>${SCREENSHOT_DIR}/${screenshot_suffix}_${TEST_NAME}.png</arg>
<doc>Takes a screenshot of the current page and embeds it into the log.</doc>
<status status="NOT RUN" start="2026-05-14T22:47:57.533092" elapsed="0.000000"/>
</kw>
<kw name="Fail" owner="BuiltIn">
<arg>${error_message}: ${error}</arg>
<doc>Fails the test with the given message and optionally alters its tags.</doc>
<status status="NOT RUN" start="2026-05-14T22:47:57.533092" elapsed="0.000000"/>
</kw>
<status status="NOT RUN" start="2026-05-14T22:47:57.533092" elapsed="0.000000"/>
</branch>
<status status="PASS" start="2026-05-14T22:47:55.272074" elapsed="2.261018"/>
</try>
<arg>_Do Wait Visible And Click Element</arg>
<arg>click_error</arg>
<arg>Erro ao clicar no elemento '${locator}'</arg>
<arg>${locator}</arg>
<arg>${timeout}</arg>
<doc>Executa uma keyword e, em caso de falha, captura screenshot e relança o erro.
Centraliza o padrão TRY/EXCEPT do projeto — todas as keywords públicas
deste arquivo delegam sua lógica real a uma keyword _Do via este wrapper.</doc>
<status status="PASS" start="2026-05-14T22:47:55.272074" elapsed="2.262057"/>
</kw>
<arg>${home.clients}</arg>
<doc>Aguarda o elemento ficar visível e clica nele.
Aceita timeout customizável — substitui Wait And Click Element.</doc>
<status status="PASS" start="2026-05-14T22:47:55.271072" elapsed="2.263059"/>
</kw>
<status status="PASS" start="2026-05-14T22:47:55.271072" elapsed="2.263059"/>
</kw>
<doc>Navega da tela inicial para o cadastro de clientes.</doc>
<status status="PASS" start="2026-05-14T22:47:55.271072" elapsed="2.263059"/>
</kw>
<kw name="Pdv - Clients - Input Search" owner="clients_page">
<kw name="Wait Visible And Input Text" owner="common_keywords">
<kw name="Run With Screenshot On Failure" owner="common_keywords">
<try>
<branch type="TRY">
<kw name="Run Keyword" owner="BuiltIn">
<kw name="_Do Wait Visible And Input Text" owner="common_keywords">
<kw name="Wait Visible And Click Element" owner="common_keywords">
<kw name="Run With Screenshot On Failure" owner="common_keywords">
<try>
<branch type="TRY">
<kw name="Run Keyword" owner="BuiltIn">
<kw name="_Do Wait Visible And Click Element" owner="common_keywords">
<kw name="Wait Until Element Is Visible" owner="AppiumLibrary">
<msg time="2026-05-14T22:48:00.147915" level="INFO">xpath criteria: //android.widget.EditText
xpath criteria: //android.widget.EditText</msg>
<arg>${locator}</arg>
<arg>timeout=${timeout}</arg>
<doc>Waits until the element specified by the ``locator`` is visible.</doc>
<status status="PASS" start="2026-05-14T22:47:57.537646" elapsed="2.610269"/>
</kw>
<kw name="Click Element" owner="AppiumLibrary">
<msg time="2026-05-14T22:48:00.150102" level="INFO">Clicking element '//android.widget.EditText'.</msg>
<msg time="2026-05-14T22:48:00.433047" level="INFO">xpath criteria: //android.widget.EditText</msg>
<arg>${locator}</arg>
<doc>Clicks the element identified by ``locator``.</doc>
<status status="PASS" start="2026-05-14T22:48:00.147915" elapsed="0.285132"/>
</kw>
<arg>@{args}</arg>
<status status="PASS" start="2026-05-14T22:47:57.537646" elapsed="2.895401"/>
</kw>
<arg>${keyword_name}</arg>
<arg>@{args}</arg>
<doc>Executes the given keyword with the given arguments.</doc>
<status status="PASS" start="2026-05-14T22:47:57.536637" elapsed="2.896410"/>
</kw>
<status status="PASS" start="2026-05-14T22:47:57.536637" elapsed="2.896410"/>
</branch>
<branch type="EXCEPT" assign="${error}">
<kw name="Capture Page Screenshot" owner="AppiumLibrary">
<arg>${SCREENSHOT_DIR}/${screenshot_suffix}_${TEST_NAME}.png</arg>
<doc>Takes a screenshot of the current page and embeds it into the log.</doc>
<status status="NOT RUN" start="2026-05-14T22:48:00.433047" elapsed="0.000000"/>
</kw>
<kw name="Fail" owner="BuiltIn">
<arg>${error_message}: ${error}</arg>
<doc>Fails the test with the given message and optionally alters its tags.</doc>
<status status="NOT RUN" start="2026-05-14T22:48:00.434050" elapsed="0.000000"/>
</kw>
<status status="NOT RUN" start="2026-05-14T22:48:00.433047" elapsed="0.001003"/>
</branch>
<status status="PASS" start="2026-05-14T22:47:57.536637" elapsed="2.897413"/>
</try>
<arg>_Do Wait Visible And Click Element</arg>
<arg>click_error</arg>
<arg>Erro ao clicar no elemento '${locator}'</arg>
<arg>${locator}</arg>
<arg>${timeout}</arg>
<doc>Executa uma keyword e, em caso de falha, captura screenshot e relança o erro.
Centraliza o padrão TRY/EXCEPT do projeto — todas as keywords públicas
deste arquivo delegam sua lógica real a uma keyword _Do via este wrapper.</doc>
<status status="PASS" start="2026-05-14T22:47:57.536637" elapsed="2.897413"/>
</kw>
<arg>${locator}</arg>
<doc>Aguarda o elemento ficar visível e clica nele.
Aceita timeout customizável — substitui Wait And Click Element.</doc>
<status status="PASS" start="2026-05-14T22:47:57.535133" elapsed="2.898917"/>
</kw>
<kw name="Input Text" owner="AppiumLibrary">
<msg time="2026-05-14T22:48:00.436491" level="INFO">Typing text 'Client_Credit' into text field '//android.widget.EditText'</msg>
<msg time="2026-05-14T22:48:00.679213" level="INFO">xpath criteria: //android.widget.EditText</msg>
<arg>${locator}</arg>
<arg>${text}</arg>
<doc>Types the given ``text`` into the text field identified by ``locator``.</doc>
<status status="PASS" start="2026-05-14T22:48:00.434050" elapsed="0.245163"/>
</kw>
<arg>@{args}</arg>
<status status="PASS" start="2026-05-14T22:47:57.535133" elapsed="3.144080"/>
</kw>
<arg>${keyword_name}</arg>
<arg>@{args}</arg>
<doc>Executes the given keyword with the given arguments.</doc>
<status status="PASS" start="2026-05-14T22:47:57.535133" elapsed="3.144080"/>
</kw>
<status status="PASS" start="2026-05-14T22:47:57.535133" elapsed="3.144080"/>
</branch>
<branch type="EXCEPT" assign="${error}">
<kw name="Capture Page Screenshot" owner="AppiumLibrary">
<arg>${SCREENSHOT_DIR}/${screenshot_suffix}_${TEST_NAME}.png</arg>
<doc>Takes a screenshot of the current page and embeds it into the log.</doc>
<status status="NOT RUN" start="2026-05-14T22:48:00.679213" elapsed="0.000000"/>
</kw>
<kw name="Fail" owner="BuiltIn">
<arg>${error_message}: ${error}</arg>
<doc>Fails the test with the given message and optionally alters its tags.</doc>
<status status="NOT RUN" start="2026-05-14T22:48:00.679213" elapsed="0.000000"/>
</kw>
<status status="NOT RUN" start="2026-05-14T22:48:00.679213" elapsed="0.000000"/>
</branch>
<status status="PASS" start="2026-05-14T22:47:57.535133" elapsed="3.144080"/>
</try>
<arg>_Do Wait Visible And Input Text</arg>
<arg>input_error</arg>
<arg>Erro ao inserir texto no elemento '${locator}'</arg>
<arg>${locator}</arg>
<arg>${text}</arg>
<doc>Executa uma keyword e, em caso de falha, captura screenshot e relança o erro.
Centraliza o padrão TRY/EXCEPT do projeto — todas as keywords públicas
deste arquivo delegam sua lógica real a uma keyword _Do via este wrapper.</doc>
<status status="PASS" start="2026-05-14T22:47:57.535133" elapsed="3.144080"/>
</kw>
<arg>${clients.search_client}</arg>
<arg>${name}</arg>
<doc>Aguarda o elemento ficar visível, clica e insere o texto.</doc>
<status status="PASS" start="2026-05-14T22:47:57.534131" elapsed="3.146084"/>
</kw>
<kw name="Close Keyboard" owner="common_keywords">
<try>
<branch type="TRY">
<if>
<branch type="IF" condition="'${DEVICE_TAG}' != ''">
<kw name="Set Variable" owner="BuiltIn">
<msg time="2026-05-14T22:48:00.681218" level="INFO">${tag} = getnet_p2</msg>
<var>${tag}</var>
<arg>${DEVICE_TAG}</arg>
<doc>Returns the given values which can then be assigned to a variables.</doc>
<status status="PASS" start="2026-05-14T22:48:00.681218" elapsed="0.000000"/>
</kw>
<status status="PASS" start="2026-05-14T22:48:00.680215" elapsed="0.001003"/>
</branch>
<branch type="ELSE">
<kw name="Get Tag From Udid" owner="devicesconfig">
<var>${tag}</var>
<arg>${DEVICE_UDID}</arg>
<status status="NOT RUN" start="2026-05-14T22:48:00.681218" elapsed="0.000000"/>
</kw>
<status status="NOT RUN" start="2026-05-14T22:48:00.681218" elapsed="0.000000"/>
</branch>
<status status="PASS" start="2026-05-14T22:48:00.680215" elapsed="0.001003"/>
</if>
<kw name="Convert To Lower Case" owner="String">
<msg time="2026-05-14T22:48:00.682220" level="INFO">${tag_lower} = getnet_p2</msg>
<var>${tag_lower}</var>
<arg>${tag}</arg>
<doc>Converts string to lower case.</doc>
<status status="PASS" start="2026-05-14T22:48:00.681218" elapsed="0.001002"/>
</kw>
<kw name="Get Keyboard Close Method" owner="devicesconfig">
<msg time="2026-05-14T22:48:00.689554" level="INFO">${method} = back</msg>
<var>${method}</var>
<arg>${tag_lower}</arg>
<status status="PASS" start="2026-05-14T22:48:00.682220" elapsed="0.007334"/>
</kw>
<if>
<branch type="IF" condition="'${method}' == 'back'">
<kw name="Press Keycode" owner="AppiumLibrary">
<arg>4</arg>
<doc>Sends a press of ``keycode`` to the device.</doc>
<status status="PASS" start="2026-05-14T22:48:00.690559" elapsed="0.312734"/>
</kw>
<status status="PASS" start="2026-05-14T22:48:00.689554" elapsed="0.313739"/>
</branch>
<branch type="ELSE">
<kw name="Hide Keyboard" owner="AppiumLibrary">
<doc>Hides the software keyboard on the device if it is currently visible.</doc>
<status status="NOT RUN" start="2026-05-14T22:48:01.003293" elapsed="0.000000"/>
</kw>
<status status="NOT RUN" start="2026-05-14T22:48:01.003293" elapsed="0.000000"/>
</branch>
<status status="PASS" start="2026-05-14T22:48:00.689554" elapsed="0.313739"/>
</if>
<kw name="Log Action" owner="structured_logging">
<kw name="Get Current Date" owner="DateTime">
<msg time="2026-05-14T22:48:01.004296" level="INFO">${timestamp} = 2026-05-14 22:48:01</msg>
<var>${timestamp}</var>
<arg>result_format=%Y-%m-%d %H:%M:%S</arg>
<doc>Returns current local or UTC time with an optional increment.</doc>
<status status="PASS" start="2026-05-14T22:48:01.004296" elapsed="0.000000"/>
</kw>
<kw name="Evaluate" owner="BuiltIn">
<msg time="2026-05-14T22:48:01.005336" level="INFO">${extras} = device=getnet_p2 | method=back</msg>
<var>${extras}</var>
<arg>' | '.join(f'{k}={v}' for k, v in $kwargs.items())</arg>
<doc>Evaluates the given expression in Python and returns the result.</doc>
<status status="PASS" start="2026-05-14T22:48:01.004296" elapsed="0.001040"/>
</kw>
<kw name="Set Variable If" owner="BuiltIn">
<msg time="2026-05-14T22:48:01.005336" level="INFO">${formatted} = [KEYBOARD_CLOSE] Teclado fechado | device=getnet_p2 | method=back | timestamp=2026-05-14 22:48:01</msg>
<var>${formatted}</var>
<arg>$extras</arg>
<arg>[${action.upper()}] ${message} | ${extras} | timestamp=${timestamp}</arg>
<arg>[${action.upper()}] ${message} | timestamp=${timestamp}</arg>
<doc>Sets variable based on the given condition.</doc>
<status status="PASS" start="2026-05-14T22:48:01.005336" elapsed="0.000000"/>
</kw>
<kw name="Log" owner="BuiltIn">
<msg time="2026-05-14T22:48:01.006339" level="INFO">[KEYBOARD_CLOSE] Teclado fechado | device=getnet_p2 | method=back | timestamp=2026-05-14 22:48:01</msg>
<arg>${formatted}</arg>
<arg>level=${level}</arg>
<doc>Logs the given message with the given level.</doc>
<status status="PASS" start="2026-05-14T22:48:01.006339" elapsed="0.000000"/>
</kw>
<arg>action=keyboard_close</arg>
<arg>message=Teclado fechado</arg>
<arg>device=${tag_lower}</arg>
<arg>method=${method}</arg>
<status status="PASS" start="2026-05-14T22:48:01.003293" elapsed="0.003046"/>
</kw>
<status status="PASS" start="2026-05-14T22:48:00.680215" elapsed="0.326124"/>
</branch>
<branch type="EXCEPT" assign="${error}">
<kw name="Log Action" owner="structured_logging">
<arg>action=keyboard_close_fallback</arg>
<arg>message=Fallback Hide Keyboard aplicado</arg>
<arg>error=${error}</arg>
<arg>level=WARN</arg>
<status status="NOT RUN" start="2026-05-14T22:48:01.006339" elapsed="0.000000"/>
</kw>
<kw name="Hide Keyboard" owner="AppiumLibrary">
<doc>Hides the software keyboard on the device if it is currently visible.</doc>
<status status="NOT RUN" start="2026-05-14T22:48:01.006339" elapsed="0.000000"/>
</kw>
<status status="NOT RUN" start="2026-05-14T22:48:01.006339" elapsed="0.000000"/>
</branch>
<status status="PASS" start="2026-05-14T22:48:00.680215" elapsed="0.326124"/>
</try>
<doc>Fecha o teclado de forma segura.
O método (back/hide) é lido do devices.yaml para cada tag via DevicesConfig.
- back: envia keycode 4 (botão voltar Android)
- hide: chama Hide Keyboard do AppiumLibrary
Em caso de falha inesperada, aplica Hide Keyboard como fallback.</doc>
<status status="PASS" start="2026-05-14T22:48:00.680215" elapsed="0.326124"/>
</kw>
<arg>Client_Credit</arg>
<status status="PASS" start="2026-05-14T22:47:57.534131" elapsed="3.472208"/>
</kw>
<kw name="Pdv - Clients - Click Client 1" owner="clients_page">
<kw name="Wait Visible And Click Element" owner="common_keywords">
<kw name="Run With Screenshot On Failure" owner="common_keywords">
<try>
<branch type="TRY">
<kw name="Run Keyword" owner="BuiltIn">
<kw name="_Do Wait Visible And Click Element" owner="common_keywords">
<kw name="Wait Until Element Is Visible" owner="AppiumLibrary">
<msg time="2026-05-14T22:48:02.060534" level="INFO">xpath criteria: //android.widget.TextView[@text="Client_Credit"]</msg>
<arg>${locator}</arg>
<arg>timeout=${timeout}</arg>
<doc>Waits until the element specified by the ``locator`` is visible.</doc>
<status status="PASS" start="2026-05-14T22:48:01.008346" elapsed="1.052188"/>
</kw>
<kw name="Click Element" owner="AppiumLibrary">
<msg time="2026-05-14T22:48:02.062539" level="INFO">Clicking element '//android.widget.TextView[@text="Client_Credit"]'.</msg>
<msg time="2026-05-14T22:48:02.281445" level="INFO">xpath criteria: //android.widget.TextView[@text="Client_Credit"]</msg>
<arg>${locator}</arg>
<doc>Clicks the element identified by ``locator``.</doc>
<status status="PASS" start="2026-05-14T22:48:02.060534" elapsed="0.220911"/>
</kw>
<arg>@{args}</arg>
<status status="PASS" start="2026-05-14T22:48:01.008346" elapsed="1.273099"/>
</kw>
<arg>${keyword_name}</arg>
<arg>@{args}</arg>
<doc>Executes the given keyword with the given arguments.</doc>
<status status="PASS" start="2026-05-14T22:48:01.008346" elapsed="1.273099"/>
</kw>
<status status="PASS" start="2026-05-14T22:48:01.008346" elapsed="1.273099"/>
</branch>
<branch type="EXCEPT" assign="${error}">
<kw name="Capture Page Screenshot" owner="AppiumLibrary">
<arg>${SCREENSHOT_DIR}/${screenshot_suffix}_${TEST_NAME}.png</arg>
<doc>Takes a screenshot of the current page and embeds it into the log.</doc>
<status status="NOT RUN" start="2026-05-14T22:48:02.281445" elapsed="0.000000"/>
</kw>
<kw name="Fail" owner="BuiltIn">
<arg>${error_message}: ${error}</arg>
<doc>Fails the test with the given message and optionally alters its tags.</doc>
<status status="NOT RUN" start="2026-05-14T22:48:02.281445" elapsed="0.000000"/>
</kw>
<status status="NOT RUN" start="2026-05-14T22:48:02.281445" elapsed="0.000000"/>
</branch>
<status status="PASS" start="2026-05-14T22:48:01.008346" elapsed="1.273099"/>
</try>
<arg>_Do Wait Visible And Click Element</arg>
<arg>click_error</arg>
<arg>Erro ao clicar no elemento '${locator}'</arg>
<arg>${locator}</arg>
<arg>${timeout}</arg>
<doc>Executa uma keyword e, em caso de falha, captura screenshot e relança o erro.
Centraliza o padrão TRY/EXCEPT do projeto — todas as keywords públicas
deste arquivo delegam sua lógica real a uma keyword _Do via este wrapper.</doc>
<status status="PASS" start="2026-05-14T22:48:01.007342" elapsed="1.274103"/>
</kw>
<arg>${clients.client1}</arg>
<doc>Aguarda o elemento ficar visível e clica nele.
Aceita timeout customizável — substitui Wait And Click Element.</doc>
<status status="PASS" start="2026-05-14T22:48:01.007342" elapsed="1.274103"/>
</kw>
<status status="PASS" start="2026-05-14T22:48:01.006339" elapsed="1.275106"/>
</kw>
<kw name="Pdv - Clients - Click New Order Client" owner="clients_page">
<kw name="Wait Visible And Click Element" owner="common_keywords">
<kw name="Run With Screenshot On Failure" owner="common_keywords">
<try>
<branch type="TRY">
<kw name="Run Keyword" owner="BuiltIn">
<kw name="_Do Wait Visible And Click Element" owner="common_keywords">
<kw name="Wait Until Element Is Visible" owner="AppiumLibrary">
<msg time="2026-05-14T22:48:05.238775" level="INFO">xpath criteria: //android.widget.TextView[@text="Iniciar Venda"]
xpath criteria: //android.widget.TextView[@text="Iniciar Venda"]</msg>
<arg>${locator}</arg>
<arg>timeout=${timeout}</arg>
<doc>Waits until the element specified by the ``locator`` is visible.</doc>
<status status="PASS" start="2026-05-14T22:48:02.284615" elapsed="2.954160"/>
</kw>
<kw name="Click Element" owner="AppiumLibrary">
<msg time="2026-05-14T22:48:05.240778" level="INFO">Clicking element '//android.widget.TextView[@text="Iniciar Venda"]'.</msg>
<msg time="2026-05-14T22:48:06.125878" level="INFO">xpath criteria: //android.widget.TextView[@text="Iniciar Venda"]</msg>
<arg>${locator}</arg>
<doc>Clicks the element identified by ``locator``.</doc>
<status status="PASS" start="2026-05-14T22:48:05.238775" elapsed="0.887103"/>
</kw>
<arg>@{args}</arg>
<status status="PASS" start="2026-05-14T22:48:02.284615" elapsed="3.841263"/>
</kw>
<arg>${keyword_name}</arg>
<arg>@{args}</arg>
<doc>Executes the given keyword with the given arguments.</doc>
<status status="PASS" start="2026-05-14T22:48:02.283609" elapsed="3.842269"/>
</kw>
<status status="PASS" start="2026-05-14T22:48:02.283609" elapsed="3.842269"/>
</branch>
<branch type="EXCEPT" assign="${error}">
<kw name="Capture Page Screenshot" owner="AppiumLibrary">
<arg>${SCREENSHOT_DIR}/${screenshot_suffix}_${TEST_NAME}.png</arg>
<doc>Takes a screenshot of the current page and embeds it into the log.</doc>
<status status="NOT RUN" start="2026-05-14T22:48:06.126881" elapsed="0.000000"/>
</kw>
<kw name="Fail" owner="BuiltIn">
<arg>${error_message}: ${error}</arg>
<doc>Fails the test with the given message and optionally alters its tags.</doc>
<status status="NOT RUN" start="2026-05-14T22:48:06.126881" elapsed="0.000000"/>
</kw>
<status status="NOT RUN" start="2026-05-14T22:48:06.125878" elapsed="0.001003"/>
</branch>
<status status="PASS" start="2026-05-14T22:48:02.283609" elapsed="3.843272"/>
</try>
<arg>_Do Wait Visible And Click Element</arg>
<arg>click_error</arg>
<arg>Erro ao clicar no elemento '${locator}'</arg>
<arg>${locator}</arg>
<arg>${timeout}</arg>
<doc>Executa uma keyword e, em caso de falha, captura screenshot e relança o erro.
Centraliza o padrão TRY/EXCEPT do projeto — todas as keywords públicas
deste arquivo delegam sua lógica real a uma keyword _Do via este wrapper.</doc>
<status status="PASS" start="2026-05-14T22:48:02.283609" elapsed="3.843272"/>
</kw>
<arg>${clients.new_order_client}</arg>
<doc>Aguarda o elemento ficar visível e clica nele.
Aceita timeout customizável — substitui Wait And Click Element.</doc>
<status status="PASS" start="2026-05-14T22:48:02.282605" elapsed="3.844276"/>
</kw>
<status status="PASS" start="2026-05-14T22:48:02.282605" elapsed="3.844276"/>
</kw>
<kw name="Pdv - Orders - Click Item" owner="orders_page">
<kw name="Wait Visible And Click Element" owner="common_keywords">
<kw name="Run With Screenshot On Failure" owner="common_keywords">
<try>
<branch type="TRY">
<kw name="Run Keyword" owner="BuiltIn">
<kw name="_Do Wait Visible And Click Element" owner="common_keywords">
<kw name="Wait Until Element Is Visible" owner="AppiumLibrary">
<msg time="2026-05-14T22:48:09.540400" level="INFO">xpath criteria: //android.view.View[@content-desc="Item_primary"]
xpath criteria: //android.view.View[@content-desc="Item_primary"]</msg>
<arg>${locator}</arg>
<arg>timeout=${timeout}</arg>
<doc>Waits until the element specified by the ``locator`` is visible.</doc>
<status status="PASS" start="2026-05-14T22:48:06.128887" elapsed="3.411513"/>
</kw>
<kw name="Click Element" owner="AppiumLibrary">
<msg time="2026-05-14T22:48:09.541426" level="INFO">Clicking element '//android.view.View[@content-desc="Item_primary"]'.</msg>
<msg time="2026-05-14T22:48:10.077947" level="INFO">xpath criteria: //android.view.View[@content-desc="Item_primary"]</msg>
<arg>${locator}</arg>
<doc>Clicks the element identified by ``locator``.</doc>
<status status="PASS" start="2026-05-14T22:48:09.540400" elapsed="0.537547"/>
</kw>
<arg>@{args}</arg>
<status status="PASS" start="2026-05-14T22:48:06.128887" elapsed="3.949060"/>
</kw>
<arg>${keyword_name}</arg>
<arg>@{args}</arg>
<doc>Executes the given keyword with the given arguments.</doc>
<status status="PASS" start="2026-05-14T22:48:06.128887" elapsed="3.949060"/>
</kw>
<status status="PASS" start="2026-05-14T22:48:06.128887" elapsed="3.949060"/>
</branch>
<branch type="EXCEPT" assign="${error}">
<kw name="Capture Page Screenshot" owner="AppiumLibrary">
<arg>${SCREENSHOT_DIR}/${screenshot_suffix}_${TEST_NAME}.png</arg>
<doc>Takes a screenshot of the current page and embeds it into the log.</doc>
<status status="NOT RUN" start="2026-05-14T22:48:10.077947" elapsed="0.000000"/>
</kw>
<kw name="Fail" owner="BuiltIn">
<arg>${error_message}: ${error}</arg>
<doc>Fails the test with the given message and optionally alters its tags.</doc>
<status status="NOT RUN" start="2026-05-14T22:48:10.077947" elapsed="0.000000"/>
</kw>
<status status="NOT RUN" start="2026-05-14T22:48:10.077947" elapsed="0.000000"/>
</branch>
<status status="PASS" start="2026-05-14T22:48:06.128887" elapsed="3.949060"/>
</try>
<arg>_Do Wait Visible And Click Element</arg>
<arg>click_error</arg>
<arg>Erro ao clicar no elemento '${locator}'</arg>
<arg>${locator}</arg>
<arg>${timeout}</arg>
<doc>Executa uma keyword e, em caso de falha, captura screenshot e relança o erro.
Centraliza o padrão TRY/EXCEPT do projeto — todas as keywords públicas
deste arquivo delegam sua lógica real a uma keyword _Do via este wrapper.</doc>
<status status="PASS" start="2026-05-14T22:48:06.127884" elapsed="3.950063"/>
</kw>
<arg>${orders.item}</arg>
<doc>Aguarda o elemento ficar visível e clica nele.
Aceita timeout customizável — substitui Wait And Click Element.</doc>
<status status="PASS" start="2026-05-14T22:48:06.126881" elapsed="3.952071"/>
</kw>
<status status="PASS" start="2026-05-14T22:48:06.126881" elapsed="3.952071"/>
</kw>
<kw name="Pdv - Orders - Click Conference" owner="orders_page">
<kw name="Wait Visible And Click Element" owner="common_keywords">
<kw name="Run With Screenshot On Failure" owner="common_keywords">
<try>
<branch type="TRY">
<kw name="Run Keyword" owner="BuiltIn">
<kw name="_Do Wait Visible And Click Element" owner="common_keywords">
<kw name="Wait Until Element Is Visible" owner="AppiumLibrary">
<msg time="2026-05-14T22:48:11.092045" level="INFO">xpath criteria: //android.widget.TextView[@resource-id="CheckoutFooterText_0"]</msg>
<arg>${locator}</arg>
<arg>timeout=${timeout}</arg>
<doc>Waits until the element specified by the ``locator`` is visible.</doc>
<status status="PASS" start="2026-05-14T22:48:10.080958" elapsed="1.011087"/>
</kw>
<kw name="Click Element" owner="AppiumLibrary">
<msg time="2026-05-14T22:48:11.094214" level="INFO">Clicking element '//android.widget.TextView[@resource-id="CheckoutFooterText_0"]'.</msg>
<msg time="2026-05-14T22:48:12.321375" level="INFO">xpath criteria: //android.widget.TextView[@resource-id="CheckoutFooterText_0"]</msg>
<arg>${locator}</arg>
<doc>Clicks the element identified by ``locator``.</doc>
<status status="PASS" start="2026-05-14T22:48:11.093206" elapsed="1.229172"/>
</kw>
<arg>@{args}</arg>
<status status="PASS" start="2026-05-14T22:48:10.080958" elapsed="2.241420"/>
</kw>
<arg>${keyword_name}</arg>
<arg>@{args}</arg>
<doc>Executes the given keyword with the given arguments.</doc>
<status status="PASS" start="2026-05-14T22:48:10.079956" elapsed="2.242422"/>
</kw>
<status status="PASS" start="2026-05-14T22:48:10.079956" elapsed="2.242422"/>
</branch>
<branch type="EXCEPT" assign="${error}">
<kw name="Capture Page Screenshot" owner="AppiumLibrary">
<arg>${SCREENSHOT_DIR}/${screenshot_suffix}_${TEST_NAME}.png</arg>
<doc>Takes a screenshot of the current page and embeds it into the log.</doc>
<status status="NOT RUN" start="2026-05-14T22:48:12.322378" elapsed="0.000000"/>
</kw>
<kw name="Fail" owner="BuiltIn">
<arg>${error_message}: ${error}</arg>
<doc>Fails the test with the given message and optionally alters its tags.</doc>
<status status="NOT RUN" start="2026-05-14T22:48:12.322378" elapsed="0.000000"/>
</kw>
<status status="NOT RUN" start="2026-05-14T22:48:12.322378" elapsed="0.000000"/>
</branch>
<status status="PASS" start="2026-05-14T22:48:10.079956" elapsed="2.242422"/>
</try>
<arg>_Do Wait Visible And Click Element</arg>
<arg>click_error</arg>
<arg>Erro ao clicar no elemento '${locator}'</arg>
<arg>${locator}</arg>
<arg>${timeout}</arg>
<doc>Executa uma keyword e, em caso de falha, captura screenshot e relança o erro.
Centraliza o padrão TRY/EXCEPT do projeto — todas as keywords públicas
deste arquivo delegam sua lógica real a uma keyword _Do via este wrapper.</doc>
<status status="PASS" start="2026-05-14T22:48:10.079956" elapsed="2.242422"/>
</kw>
<arg>${orders.conference}</arg>
<doc>Aguarda o elemento ficar visível e clica nele.
Aceita timeout customizável — substitui Wait And Click Element.</doc>
<status status="PASS" start="2026-05-14T22:48:10.078952" elapsed="2.243426"/>
</kw>
<status status="PASS" start="2026-05-14T22:48:10.078952" elapsed="2.243426"/>
</kw>
<kw name="Pdv - Orders - Click Finalize Order" owner="orders_page">
<kw name="Wait Visible And Click Element" owner="common_keywords">
<kw name="Run With Screenshot On Failure" owner="common_keywords">
<try>
<branch type="TRY">
<kw name="Run Keyword" owner="BuiltIn">
<kw name="_Do Wait Visible And Click Element" owner="common_keywords">
<kw name="Wait Until Element Is Visible" owner="AppiumLibrary">
<msg time="2026-05-14T22:48:14.568097" level="INFO">xpath criteria: //android.widget.TextView[@resource-id="CarrinhoItensText_1"]
xpath criteria: //android.widget.TextView[@resource-id="CarrinhoItensText_1"]</msg>
<arg>${locator}</arg>
<arg>timeout=${timeout}</arg>
<doc>Waits until the element specified by the ``locator`` is visible.</doc>
<status status="PASS" start="2026-05-14T22:48:12.324383" elapsed="2.243714"/>
</kw>
<kw name="Click Element" owner="AppiumLibrary">
<msg time="2026-05-14T22:48:14.570132" level="INFO">Clicking element '//android.widget.TextView[@resource-id="CarrinhoItensText_1"]'.</msg>
<msg time="2026-05-14T22:48:15.598230" level="INFO">xpath criteria: //android.widget.TextView[@resource-id="CarrinhoItensText_1"]</msg>
<arg>${locator}</arg>
<doc>Clicks the element identified by ``locator``.</doc>
<status status="PASS" start="2026-05-14T22:48:14.568097" elapsed="1.030133"/>
</kw>
<arg>@{args}</arg>
<status status="PASS" start="2026-05-14T22:48:12.324383" elapsed="3.273847"/>
</kw>
<arg>${keyword_name}</arg>
<arg>@{args}</arg>
<doc>Executes the given keyword with the given arguments.</doc>
<status status="PASS" start="2026-05-14T22:48:12.324383" elapsed="3.273847"/>
</kw>
<status status="PASS" start="2026-05-14T22:48:12.324383" elapsed="3.273847"/>
</branch>
<branch type="EXCEPT" assign="${error}">
<kw name="Capture Page Screenshot" owner="AppiumLibrary">
<arg>${SCREENSHOT_DIR}/${screenshot_suffix}_${TEST_NAME}.png</arg>
<doc>Takes a screenshot of the current page and embeds it into the log.</doc>
<status status="NOT RUN" start="2026-05-14T22:48:15.598230" elapsed="0.000000"/>
</kw>
<kw name="Fail" owner="BuiltIn">
<arg>${error_message}: ${error}</arg>
<doc>Fails the test with the given message and optionally alters its tags.</doc>
<status status="NOT RUN" start="2026-05-14T22:48:15.598230" elapsed="0.000000"/>
</kw>
<status status="NOT RUN" start="2026-05-14T22:48:15.598230" elapsed="0.000000"/>
</branch>
<status status="PASS" start="2026-05-14T22:48:12.324383" elapsed="3.273847"/>
</try>
<arg>_Do Wait Visible And Click Element</arg>
<arg>click_error</arg>
<arg>Erro ao clicar no elemento '${locator}'</arg>
<arg>${locator}</arg>
<arg>${timeout}</arg>
<doc>Executa uma keyword e, em caso de falha, captura screenshot e relança o erro.
Centraliza o padrão TRY/EXCEPT do projeto — todas as keywords públicas
deste arquivo delegam sua lógica real a uma keyword _Do via este wrapper.</doc>
<status status="PASS" start="2026-05-14T22:48:12.324383" elapsed="3.273847"/>
</kw>
<arg>${orders.finalize_order}</arg>
<doc>Aguarda o elemento ficar visível e clica nele.
Aceita timeout customizável — substitui Wait And Click Element.</doc>
<status status="PASS" start="2026-05-14T22:48:12.323381" elapsed="3.274849"/>
</kw>
<status status="PASS" start="2026-05-14T22:48:12.322378" elapsed="3.275852"/>
</kw>
<kw name="Pdv - Orders - Click Payment Money" owner="orders_page">
<kw name="Wait Visible And Click Element" owner="common_keywords">
<kw name="Run With Screenshot On Failure" owner="common_keywords">
<try>
<branch type="TRY">
<kw name="Run Keyword" owner="BuiltIn">
<kw name="_Do Wait Visible And Click Element" owner="common_keywords">
<kw name="Wait Until Element Is Visible" owner="AppiumLibrary">
<msg time="2026-05-14T22:48:18.095440" level="INFO">xpath criteria: //android.view.View[@resource-id="PaymentMethodTileColumn_0"]
xpath criteria: //android.view.View[@resource-id="PaymentMethodTileColumn_0"]</msg>
<arg>${locator}</arg>
<arg>timeout=${timeout}</arg>
<doc>Waits until the element specified by the ``locator`` is visible.</doc>
<status status="PASS" start="2026-05-14T22:48:15.601237" elapsed="2.494203"/>
</kw>
<kw name="Click Element" owner="AppiumLibrary">
<msg time="2026-05-14T22:48:18.096443" level="INFO">Clicking element '//android.view.View[@resource-id="PaymentMethodTileColumn_0"]'.</msg>
<msg time="2026-05-14T22:48:18.455432" level="INFO">xpath criteria: //android.view.View[@resource-id="PaymentMethodTileColumn_0"]</msg>
<arg>${locator}</arg>
<doc>Clicks the element identified by ``locator``.</doc>
<status status="PASS" start="2026-05-14T22:48:18.095440" elapsed="0.359992"/>
</kw>
<arg>@{args}</arg>
<status status="PASS" start="2026-05-14T22:48:15.600235" elapsed="2.855197"/>
</kw>
<arg>${keyword_name}</arg>
<arg>@{args}</arg>
<doc>Executes the given keyword with the given arguments.</doc>
<status status="PASS" start="2026-05-14T22:48:15.600235" elapsed="2.855197"/>
</kw>
<status status="PASS" start="2026-05-14T22:48:15.600235" elapsed="2.855197"/>
</branch>
<branch type="EXCEPT" assign="${error}">
<kw name="Capture Page Screenshot" owner="AppiumLibrary">
<arg>${SCREENSHOT_DIR}/${screenshot_suffix}_${TEST_NAME}.png</arg>
<doc>Takes a screenshot of the current page and embeds it into the log.</doc>
<status status="NOT RUN" start="2026-05-14T22:48:18.455432" elapsed="0.000000"/>
</kw>
<kw name="Fail" owner="BuiltIn">
<arg>${error_message}: ${error}</arg>
<doc>Fails the test with the given message and optionally alters its tags.</doc>
<status status="NOT RUN" start="2026-05-14T22:48:18.455432" elapsed="0.000000"/>
</kw>
<status status="NOT RUN" start="2026-05-14T22:48:18.455432" elapsed="0.000000"/>
</branch>
<status status="PASS" start="2026-05-14T22:48:15.600235" elapsed="2.855197"/>
</try>
<arg>_Do Wait Visible And Click Element</arg>
<arg>click_error</arg>
<arg>Erro ao clicar no elemento '${locator}'</arg>
<arg>${locator}</arg>
<arg>${timeout}</arg>
<doc>Executa uma keyword e, em caso de falha, captura screenshot e relança o erro.
Centraliza o padrão TRY/EXCEPT do projeto — todas as keywords públicas
deste arquivo delegam sua lógica real a uma keyword _Do via este wrapper.</doc>
<status status="PASS" start="2026-05-14T22:48:15.600235" elapsed="2.855197"/>
</kw>
<arg>${orders.money}</arg>
<doc>Aguarda o elemento ficar visível e clica nele.
Aceita timeout customizável — substitui Wait And Click Element.</doc>
<status status="PASS" start="2026-05-14T22:48:15.599233" elapsed="2.856199"/>
</kw>
<status status="PASS" start="2026-05-14T22:48:15.598230" elapsed="2.857202"/>
</kw>
<kw name="Pdv - Orders - Click Confirm Value" owner="orders_page">
<kw name="Wait Visible And Click Element" owner="common_keywords">
<kw name="Run With Screenshot On Failure" owner="common_keywords">
<try>
<branch type="TRY">
<kw name="Run Keyword" owner="BuiltIn">
<kw name="_Do Wait Visible And Click Element" owner="common_keywords">
<kw name="Wait Until Element Is Visible" owner="AppiumLibrary">
<msg time="2026-05-14T22:48:20.420442" level="INFO">xpath criteria: //android.widget.TextView[@resource-id="ValorPagamentoDialogText_23"]
xpath criteria: //android.widget.TextView[@resource-id="ValorPagamentoDialogText_23"]</msg>
<arg>${locator}</arg>
<arg>timeout=${timeout}</arg>
<doc>Waits until the element specified by the ``locator`` is visible.</doc>
<status status="PASS" start="2026-05-14T22:48:18.458433" elapsed="1.962009"/>
</kw>
<kw name="Click Element" owner="AppiumLibrary">
<msg time="2026-05-14T22:48:20.421445" level="INFO">Clicking element '//android.widget.TextView[@resource-id="ValorPagamentoDialogText_23"]'.</msg>
<msg time="2026-05-14T22:48:21.452196" level="INFO">xpath criteria: //android.widget.TextView[@resource-id="ValorPagamentoDialogText_23"]</msg>
<arg>${locator}</arg>
<doc>Clicks the element identified by ``locator``.</doc>
<status status="PASS" start="2026-05-14T22:48:20.420442" elapsed="1.031754"/>
</kw>
<arg>@{args}</arg>
<status status="PASS" start="2026-05-14T22:48:18.458433" elapsed="2.994764"/>
</kw>
<arg>${keyword_name}</arg>
<arg>@{args}</arg>
<doc>Executes the given keyword with the given arguments.</doc>
<status status="PASS" start="2026-05-14T22:48:18.457432" elapsed="2.995765"/>
</kw>
<status status="PASS" start="2026-05-14T22:48:18.457432" elapsed="2.995765"/>
</branch>
<branch type="EXCEPT" assign="${error}">
<kw name="Capture Page Screenshot" owner="AppiumLibrary">
<arg>${SCREENSHOT_DIR}/${screenshot_suffix}_${TEST_NAME}.png</arg>
<doc>Takes a screenshot of the current page and embeds it into the log.</doc>
<status status="NOT RUN" start="2026-05-14T22:48:21.453197" elapsed="0.000000"/>
</kw>
<kw name="Fail" owner="BuiltIn">
<arg>${error_message}: ${error}</arg>
<doc>Fails the test with the given message and optionally alters its tags.</doc>
<status status="NOT RUN" start="2026-05-14T22:48:21.453197" elapsed="0.000000"/>
</kw>
<status status="NOT RUN" start="2026-05-14T22:48:21.453197" elapsed="0.000000"/>
</branch>
<status status="PASS" start="2026-05-14T22:48:18.457432" elapsed="2.995765"/>
</try>
<arg>_Do Wait Visible And Click Element</arg>
<arg>click_error</arg>
<arg>Erro ao clicar no elemento '${locator}'</arg>
<arg>${locator}</arg>
<arg>${timeout}</arg>
<doc>Executa uma keyword e, em caso de falha, captura screenshot e relança o erro.
Centraliza o padrão TRY/EXCEPT do projeto — todas as keywords públicas
deste arquivo delegam sua lógica real a uma keyword _Do via este wrapper.</doc>
<status status="PASS" start="2026-05-14T22:48:18.457432" elapsed="2.995765"/>
</kw>
<arg>${orders.confirm_value}</arg>
<doc>Aguarda o elemento ficar visível e clica nele.
Aceita timeout customizável — substitui Wait And Click Element.</doc>
<status status="PASS" start="2026-05-14T22:48:18.456432" elapsed="2.996765"/>
</kw>
<status status="PASS" start="2026-05-14T22:48:18.456432" elapsed="2.996765"/>
</kw>
<kw name="Pdv - Orders - Click Finish Order" owner="orders_page">
<kw name="Wait Visible And Click Element" owner="common_keywords">
<kw name="Run With Screenshot On Failure" owner="common_keywords">
<try>
<branch type="TRY">
<kw name="Run Keyword" owner="BuiltIn">
<kw name="_Do Wait Visible And Click Element" owner="common_keywords">
<kw name="Wait Until Element Is Visible" owner="AppiumLibrary">
<msg time="2026-05-14T22:48:22.229013" level="INFO">xpath criteria: //android.widget.TextView[@resource-id="PaymentBottomBarText_0"]</msg>
<arg>${locator}</arg>
<arg>timeout=${timeout}</arg>
<doc>Waits until the element specified by the ``locator`` is visible.</doc>
<status status="PASS" start="2026-05-14T22:48:21.455203" elapsed="0.773810"/>
</kw>
<kw name="Click Element" owner="AppiumLibrary">
<msg time="2026-05-14T22:48:22.230015" level="INFO">Clicking element '//android.widget.TextView[@resource-id="PaymentBottomBarText_0"]'.</msg>
<msg time="2026-05-14T22:48:23.143323" level="INFO">xpath criteria: //android.widget.TextView[@resource-id="PaymentBottomBarText_0"]</msg>
<arg>${locator}</arg>
<doc>Clicks the element identified by ``locator``.</doc>
<status status="PASS" start="2026-05-14T22:48:22.229013" elapsed="0.915314"/>
</kw>
<arg>@{args}</arg>
<status status="PASS" start="2026-05-14T22:48:21.455203" elapsed="1.689124"/>
</kw>
<arg>${keyword_name}</arg>
<arg>@{args}</arg>
<doc>Executes the given keyword with the given arguments.</doc>
<status status="PASS" start="2026-05-14T22:48:21.455203" elapsed="1.689124"/>
</kw>
<status status="PASS" start="2026-05-14T22:48:21.455203" elapsed="1.689124"/>
</branch>
<branch type="EXCEPT" assign="${error}">
<kw name="Capture Page Screenshot" owner="AppiumLibrary">
<arg>${SCREENSHOT_DIR}/${screenshot_suffix}_${TEST_NAME}.png</arg>
<doc>Takes a screenshot of the current page and embeds it into the log.</doc>
<status status="NOT RUN" start="2026-05-14T22:48:23.144327" elapsed="0.000000"/>
</kw>
<kw name="Fail" owner="BuiltIn">
<arg>${error_message}: ${error}</arg>
<doc>Fails the test with the given message and optionally alters its tags.</doc>
<status status="NOT RUN" start="2026-05-14T22:48:23.144327" elapsed="0.000000"/>
</kw>
<status status="NOT RUN" start="2026-05-14T22:48:23.144327" elapsed="0.000000"/>
</branch>
<status status="PASS" start="2026-05-14T22:48:21.455203" elapsed="1.689124"/>
</try>
<arg>_Do Wait Visible And Click Element</arg>
<arg>click_error</arg>
<arg>Erro ao clicar no elemento '${locator}'</arg>
<arg>${locator}</arg>
<arg>${timeout}</arg>
<doc>Executa uma keyword e, em caso de falha, captura screenshot e relança o erro.
Centraliza o padrão TRY/EXCEPT do projeto — todas as keywords públicas
deste arquivo delegam sua lógica real a uma keyword _Do via este wrapper.</doc>
<status status="PASS" start="2026-05-14T22:48:21.455203" elapsed="1.689124"/>
</kw>
<arg>${orders.finish_order}</arg>
<doc>Aguarda o elemento ficar visível e clica nele.
Aceita timeout customizável — substitui Wait And Click Element.</doc>
<status status="PASS" start="2026-05-14T22:48:21.454200" elapsed="1.690127"/>
</kw>
<status status="PASS" start="2026-05-14T22:48:21.453197" elapsed="1.692132"/>
</kw>
<kw name="Pdv - Orders - Click Home" owner="orders_page">
<kw name="Wait Visible And Click Element" owner="common_keywords">
<kw name="Run With Screenshot On Failure" owner="common_keywords">
<try>
<branch type="TRY">
<kw name="Run Keyword" owner="BuiltIn">
<kw name="_Do Wait Visible And Click Element" owner="common_keywords">
<kw name="Wait Until Element Is Visible" owner="AppiumLibrary">
<msg time="2026-05-14T22:48:53.971011" level="INFO">&lt;?xml version='1.0' encoding='UTF-8' standalone='yes' ?&gt;
&lt;hierarchy index="0" class="hierarchy" rotation="0" width="720" height="1344"&gt;
  &lt;android.widget.FrameLayout index="0" package="softcom.mobile.smart2" class="android.widget.FrameLayout" text="" checkable="false" checked="false" clickable="false" enabled="true" focusable="false" focused="false" long-clickable="false" password="false" scrollable="false" selected="false" bounds="[0,0][720,1344]" displayed="true"&gt;
    &lt;android.widget.LinearLayout index="0" package="softcom.mobile.smart2" class="android.widget.LinearLayout" text="" checkable="false" checked="false" clickable="false" enabled="true" focusable="false" focused="false" long-clickable="false" password="false" scrollable="false" selected="false" bounds="[0,0][720,1344]" displayed="true"&gt;
      &lt;android.widget.FrameLayout index="0" package="softcom.mobile.smart2" class="android.widget.FrameLayout" text="" resource-id="android:id/content" checkable="false" checked="false" clickable="false" enabled="true" focusable="false" focused="false" long-clickable="false" password="false" scrollable="false" selected="false" bounds="[0,0][720,1344]" displayed="true"&gt;
        &lt;androidx.compose.ui.platform.ComposeView index="0" package="softcom.mobile.smart2" class="androidx.compose.ui.platform.ComposeView" text="" checkable="false" checked="false" clickable="false" enabled="true" focusable="false" focused="false" long-clickable="false" password="false" scrollable="false" selected="false" bounds="[0,0][720,1344]" displayed="true"&gt;
          &lt;android.view.View index="0" package="softcom.mobile.smart2" class="android.view.View" text="" checkable="false" checked="false" clickable="false" enabled="true" focusable="false" focused="false" long-clickable="false" password="false" scrollable="false" selected="false" bounds="[0,0][720,1344]" displayed="true"&gt;
            &lt;android.view.View index="0" package="softcom.mobile.smart2" class="android.view.View" text="" checkable="false" checked="false" clickable="false" enabled="true" focusable="false" focused="false" long-clickable="false" password="false" scrollable="false" selected="false" bounds="[0,0][720,1344]" displayed="true"&gt;
              &lt;android.widget.ImageView index="0" package="softcom.mobile.smart2" class="android.widget.ImageView" text="" content-desc="Fundo com ícones" checkable="false" checked="false" clickable="false" enabled="true" focusable="false" focused="false" long-clickable="false" password="false" scrollable="false" selected="false" bounds="[0,0][720,1344]" displayed="true" /&gt;
              &lt;android.widget.TextView index="1" package="softcom.mobile.smart2" class="android.widget.TextView" text="Sua venda está sendo processada, por favor, aguarde!" checkable="false" checked="false" clickable="false" enabled="true" focusable="false" focused="false" long-clickable="false" password="false" scrollable="false" selected="false" bounds="[64,581][656,675]" displayed="true" /&gt;
              &lt;android.widget.ProgressBar index="2" package="softcom.mobile.smart2" class="android.widget.ProgressBar" text="" checkable="false" checked="false" clickable="false" enabled="true" focusable="false" focused="false" long-clickable="false" password="false" scrollable="false" selected="false" bounds="[300,739][420,859]" displayed="true" /&gt;
              &lt;android.widget.ImageView index="3" package="softcom.mobile.smart2" class="android.widget.ImageView" text="" content-desc="Logo Softcom" checkable="false" checked="false" clickable="false" enabled="true" focusable="false" focused="false" long-clickable="false" password="false" scrollable="false" selected="false" bounds="[215,1312][505,1344]" displayed="true" /&gt;
            &lt;/android.view.View&gt;
          &lt;/android.view.View&gt;
        &lt;/androidx.compose.ui.platform.ComposeView&gt;
      &lt;/android.widget.FrameLayout&gt;
    &lt;/android.widget.LinearLayout&gt;
  &lt;/android.widget.FrameLayout&gt;
&lt;/hierarchy&gt;</msg>
<kw name="Capture Page Screenshot" owner="AppiumLibrary">
<msg time="2026-05-14T22:48:59.500574" level="INFO" html="true">&lt;/td&gt;&lt;/tr&gt;&lt;tr&gt;&lt;td colspan="3"&gt;&lt;img src="data:image/png;base64, iVBORw0KGgoAAAANSUhEUgAAAtAAAAWgCAYAAAB30nTTAAAABHNCSVQICAgIfAhkiAAAIABJREFU
eJzsvWeT5DqyJXgAitCpq+qqvt395o3t2n7bv7S/ZP7lrs2bN/26+/a9pVKFpsR+OI4AQ2YwMgQj
k2lW5uWZJAiCEA7H8ePK/D8wsD9KAcaptf7OdO0Blz8CnWvgy38AaVSt+tV6rdd6rdd6rdd6rVdA
11Bq/o+1/n51KMAPAS+gMX3q+tR6rdd6rdd6rdd6rVdQ17Nf1rKWWvP/SgFZevr61LKWtaxlLWtZ
y1pWUOrXFQJAaVrkegtpUImXruUaCfmexgAKp69PLWtZy1rWspa1rGUFpdoJA600ELaB9iXghTzu
B0CjC4XrF/Q8BaIRMHkG0gQzI63s82v9Zd3zgc4tkEzZ5nn68v1hC7j5FfAbwB//L+956XkAoDzA
ZPx/Vd6/1mu91mu91mu91mv9QLo/++W20vOB3kfg4iOgvO3vs7J7R4Pu8TdgOih/fy23k36DwYBh
Bxh+B/qfgSTe4n4NYMvnKA20r4DWJZ8xqb9nLWtZy1rWspa1fPuyJAZaA40ucPkDdjKerWy0gauf
gKBZiUZ4kzIeA8+f6e3v3NCz3L4CoF64PweyhHLTdV4AXP0IXP9Cz7VBNd67lrWsZS1rWcta1vLA
spwHWimg92ELI2wLGbaARsdRpVWgMd6cHD8ByQRo3wCXnwC/CYRNoP8VQL58fRIBz38AeQaYFX+3
MpQNUKNLQ/3xNz7nJaO7lrWsZS1rWcta1vINyHIYaC8Afvq/AO3vB0Py/Afw9PtJMSzvQtce0Lzg
yYEfEjrz/W+8pkx5tpyrH4l9nzwBT39wE1Sl9631Wq/1A+sKlYhhUdo5dYbfeXp2yvrUeq3X+rvR
y/FAw2DGurHN9S+Wh9fdX+vb6XlGY/f+70A0xJKneNvywjZw+ys3UIOvwMM/gSw+/ftVQdeaY8ML
2D5eACjvdbp9ThXer9Zr3Rj280aX8RV+kxtypU9XHy9gTM7lJ6lLxdqr1mu91t+s7s9+uY20tBrb
Xl/LaslkAnz9z93vzxJg9AhEA8JDgGq816ml9oBmj8GU+4A3KQWYnN9r+AAgq8Z71rKWSgN3f2aQ
cp4C0Zj9NBoDeQLE0xP1V1SjfWpZy1q+G1kOA81Z6uSVruWJZDIFnn4D8hrrPCe9gJjwaLg/TL/1
rOUZMLyvxnvWspbGAINvDEz2GwxMNpeAydn3swR4+A1Ip8erlz0ZrUL71LKWtXw3kh7oRU/iOr1I
7LzN9bVefT1o8bumU0AZGsebrn/p7+9Rt7Cm0SONaPtj/+43iNP0fHc/IMbxd25MitcDhHE0uzwm
P/X71Xqtz8Z/Bgy+8wTKC8ik1OjyX9Div/Yl0J9Wo761Xuu1fkY6KJUGzc1q2xvlMdAocX2tV19v
dIAPfwV++D+Aq5/pUfIbgsFVp6/fOen5QjKZ4majiG22/7SHmeds8XoY6rpC71frta4UZlSX0QgY
PzIW4uv/omdaKcZKFD3Cp65vrdd6rVdfhwJaAoVs9khY0Lqi46kK9Vuh1xjo9y7Hz0yKE7SAoAF0
PxDLOB0CyZjYxiwB0hh1eu8dZRYD3/736etRy1ruW1o4Vxpxvsgzbsq1X8hQW7h+MUZgSQfmje8V
f9cayFJSaBrDa+zflebJjVKHfe9ozHF96vavZS3fgtQeT7GSKW0NS3TgN5kMbjpAFe2PGgP9FqTy
gO6VpFVfgQXMMiZUicfL9+cJMwj2GsB0xABBv8FFsH3JBSuecIGMRuzg8QR1YNuBpa5IPWpZy21l
EjGw0AuAmz+Js2XBE629wn0APG++nEWjW/tu3YEBlPw9T4Ev/wEe8Rae0+wBt39xcKlDve/D34FB
HZtQy1q+TmrCwDyf9kmWzP89FXhj64I2zMnrOy9rDPRb0H2fnuOwjbkf+7nylB0zmay+f/zIoCDt
AaMnXuv5pIUKO/TotK/5L0tYXjzhrnA6XPbEnLo9ar3WN+meT8/GIia9eP056XnGMZilOClm0J5U
eSGPYZfqCxSyDqzW81wSOYGLa56Kbp+X8z3tuy7WJ54IPtvff3t7PudDk9MDrVCN/lzrtX6ueqND
PRqtHs/G0Gmn5WRpMqhU/XfzQAPbXV/L48g0YmIUXUivDnCRsZN8viGzYDwG4hEN8EabrA8mY8eN
RsDwGxfFsE2vdNCkbF1I55f7rTFtF7z3kplw2/EAxUUYRr5Jtt/ya7lZeiH5ghvdwiRYmNbOWWqP
G9r+F47bk8xDMQ1eGM5J/a+cA4r9fFGHkXmqUE5eLBfLz8lz/j7LCDsrjo8sBh7/ib2zcmhNTOZd
l552U5/A1bKWu48nCZLPEjnRNpuvT6aEmYYtXn/q+ousMdBvRb5m0YSh0fzhgjvCybNb1Oxilwnf
6/A7jUAbbR+0gUaLg+HqJ3buaAhM+uIVS8BF850Y0+uk0vTyNy9o7Ez6wOie7VOF+r11CTBAtvsB
mPaZVChLT1+vfUjPB+7+AnTv+J4P/zhRfcDNeOsSMKAn+FD9u2hkL8IKUTDSc7MfmeU01o2hU2HR
6K9lLWu5nfRDwkTTWIzhFZvkpfEup2x+E/DSyqybO3igt3jZrSTwbjyUlZeStCOeEkOo/YVj0wWZ
pUA+pMdLe/RIhy0a04Fww/Y+0FOTTORfxMFiPdSVeO8jSYDe+t5HYszTCOjdcjwNvq0eBzUGer9S
e+6ExgapaE9gTzuWmxsgizgeGh3+btf6mZz1CprlThwsnMB6frW3n/baVSZTtof2uFDmR9ikHIMH
2vOFXURxPnvJY1bLWtZyWTbagA6IbU6icvenMcd52OYmNj/9JrYkBhp86bC93fWb9DxzHqBd7q/1
/eppTM9cT7DUabTd/XnGzhyNnJHihTQEmh0el7ev5HsnYkjL9fFEFv4KvP8hde3R8xyPmGTC/rQu
6NE3Favvm9UxrwcNCZQVHu/i9Zt0LYEvSgPPfxC61LygwbjN/UXd8+mNSSY8BWpeYMYrvs39iSxE
lWhfRWO+uDmJRqetz750KG6S8lSCJfNq1a/Wa73KOkA7IEt5Qj0H4ypRXjLFbCxO+yd/v3Ie6DwD
Rg/0Nr52x59EPMbe9f5a7iZ1gXe4+HuTk9Kuc82j4GgApCWPSfIMM09aMmZwouU/bl3QmG522fl7
EIN6DIz7NCCyBLNkLqdupzISWPN3OK5nz3cwGwAwmfw+KHyPNe+9tvxalpOYb894DDwn5cvRAXD7
K+BL385iYPjVlV+mvO4tcNkB8lA2leNy9wPLcIJT9pcs4ea72ZN14pXjSuuX54Nt33fb8lbJhnBb
J1N+70r051rW8gyk0lzz04Se55nxvOM8ZYMKG10a4yd8v3IYaKXEgG4CresdqYIk5evzHzWP5rFl
0CCTRp6upmDKInqQWpeA13gdRtQuUtZojEeYGYzNnltgGxdSp5zGw+RZvGrT4xz/HkyCk0brgoZW
0KKHUmn+3fJuX3wCYIgXnQ5Rw5oOKVd4EtIdjCFfue9kYW1lN5tWZikwiwQ0u5dTGSnjuNGjZ115
2InyEgro3XFemPY3f6dtqFW1x3lGe/T0l8VQBk3KJNoMb6tlLWtZGHcBT6ItFW7x70GTY2mXdT6e
0BnnhSe1I8t5oI3hyz7+TrysJczfFkOY52K8fadBdeqP+14kQIP14iOPiEf3gH5Y9sQkMXd0zS4X
r+/D/dbDeqgHU0IXdMAAxPY1A+xawuwRjYgNHj9Wo/12kV7ANgxaBTiMkk0nHN+t5wPKI2/uH/+f
MwZqDPR+pdZY8njkO5YHAwcH2cf43FM5VZHRGLgAx0DY5MawbDlBgzEDfsjN5fMf66PvX8JAax+4
/IHefihu0ssu2s0epQ2MrkI7V0aCTgLlrc5DsC+ZG9lkvpDUS3lAEFTv5M7WP0sAbGDFehNSc+wG
DQm6XXHSlyW0NZJo2bh+UYLzTLMDRNnJNrXlMNBWzxLSJXm+eE8w31nX6fa40Xpttn1erb9CB2EZ
lz+wQw++8d86DN+kz4Wm0WXnT6ID1g/0dHsBZtCP4T2DE4vRuZVqzy11gAv34CsX7JtfOUk8/ovX
dW+Bzi1w/w9iRa9+olGdZsep37vUMa9rzahuP6SRZz2lW5UH6jMiY8XNn8mXjxW3KQ+G480L3YJz
8vbaUY8lwMcPuUnepbw0In3mxY/ETioFPP1B73aZ8ryAY6t9zd/3v0oQaYn6eAG96cbwZMxeU5X2
PqXuhXR+NNr8f/GnODz2pWdCrzodANNnrmPF+ugAuPqRjgut9v/8fdQ/i7nOTp5p+BXrf+rvuQ9d
KZ4ua5/zqn3HxeuRM3lbsyd2YZn51/D6eEpbZdI/ib1Q3gNdlDtT+WDH+w4gtQaDiPLdPVJVlcoD
rn/g4qEUjbfx4+bvlk7ZqTtXnBifP++5Xpr/ujesV9DkYvv8WWiv4reDgbazZ57T414MnJj0uUkw
2fr7Xyq/liUl5tsTCrj4ADQvSf02firxve1kLXqzQ0NNAfj2t3IeFYBjoi3xB8Pv9LjuOg5O3V/y
jEZq2BGeZoWNHsNVEgD63zhXXf4ItCTTav8zkz0Vy1v3vnZj2uhxnD1/5ulbWRYgv8HNbZ7yu566
fasigxZw8wu/87HYX0JFr2XnGhg9Ak//mv+efuiSgp26fdbV3xieto67PM2vAJvE3qRNNpSn3OQs
OkuXxnnGDXezK9eX9MxnMZAooNVjLNWR37c8BvotSBvY1egQ0tC64MQ4eaZhY3E5p67na6TygGvx
vKQxFw+7Y990X57zuvYlB3n/a/lOvUoCnNwaPRotfoPt3P9Koz6NOdhO3W77lPZYHmAGpeLf03j1
sVYtDygXjbgVsI6tv6s1wu3vrVG9a3mL9apCe72inadDOcVqcVHdCfYAxtxkqRjCbeDqZ7bP6BFz
m5jF9mt0gZuf+fwspvd6/LQbhWarh1lWxFMlqama1D5w/TPbWUlgphGI3iGfa5NRaZ9OGJubwP49
jYDJk9SrAu20qf6dG/anwbfT12sf0g9oPKcRPcNqcb5dIy07V9jeDe6VRmzPRlsyhB7vvV/ngT43
qTQxt0Gbgy9ouZ1q0KQxfZnyI06exJg+00A23+NgjYbc5abT7e8fPwMXhZS8o4dX1EcYKJo9Qhaa
XRqPk2caz8kUbzZwbi42AOXes8ZA71euwkBnqXg0H8qxX6zCQCcT4Pvf+feymbKsl2ZwzzknWgFT
OCdpA4KNIQbaBs7uWt7kmZv4y59cwibtAcOHwvfQ7js3ujTugraDTU2edn9+IGwiSVRveq1syuZI
acBIoGf/y2GxqDD8tpc/0AEDj/Ce0YNz8uQpx6EfyslHRdprVv8OcPGD8L17XBOH9/txUp3svSC5
INq0N3YJzM4i2gmNFhDtkGkwmRRgp8fb5O6GgT4rHRxszR4HfbPnsFpKYZZa1nqltc9B2brgxP30
Bz9OZd5nSz2J5Hgr5zvO3neb+w29wtbDMH7CnPG3bX20TyhI60rSdqbicX4SLKOpTnsdQkfF6vPu
dSzrSeRw/qXKg1sUAUkuVBLDV9RhgDwBJhPMfk7eXq+Zf2Rj7De4MG7LK79OnwyA/F8MzG1f04gO
mjSi7fXao1fv4hOfG4+Ap995L3Z8H+0V8M/j6rTvqXXlOedTnnG9sNh/+zPXv/ekp4lbw+33sbEj
xfWraEQdsj6l6x9zTfUb1JXiOvna8XEqHcolGJr2Bcu8Q3m5JHOzeOiiEb7V/QIFCdsu58QR3l+z
EQof+63o2qP39PZX4MO/keWgcys7VwCWOuz7fwFf/xdT+w7vMcOkatnd3vzCIJJTv88u+qqAzW3v
t+m8m4XBXro+Yrg3ui6goP+FE20RrlGV9tq3ji2vzzNOoPZ4ee7vmslteneFcivyfmen77P9IJPp
nsrDMd7/iHqecZOsfRq6RXaGXcuPhjSIB185Ljq33OQrzfIvPhHi4Tfoyb//uwSHmt3fx55SwjA2
pCrtWzUdOM7zVsH8qvD+W9cf8/W3P1WpXxkdijaWyWm82tiqXcvL5PS/iAwoe38ylflmh/t30N8W
Blp74kG+pNczbMFR64gnNokIVh89CA41BRSEg7jP4J3ODVkS/AaNv+4tMcSnfr9jSguzaF8TW7TT
sQiIVTQghV7nSmgMv+52zHNucg6buQG+kUzYH2/+5OBDc9dpBpelcZ186FVyYfHSEtBaFnPsBYBR
1C18QGnA2wG7rDRgwdNKrQhkhoOfWCNUq+oH2lq8cKNLr9BoT5SUaUzMKMAxYVOoG/DUMM85Rh7+
uR9+WOtBz7NyMLj3JBeNwkpKONawbd7nWFSFi8bZWUiZ79qXwrKR7G8+somYLAKgbLlpLPR5LZ4Y
HXiefBsYaKVp5LUu6TW2CSuM4cKURJLxTnDN1mhe9fEsI0QaiTcjpBE5+Lrfj2FTXvuhHP8m1eIX
Rc7j0c4NseGT/m71gzBQpBGj6XsfuLF5+p2bllO/5yHltvzoXsC2AWhw5CmpzIxhPx3e8yTg8kfH
mVmF9zsnuQoD7TeJp9R+yfLAPmwMF2RPqLMWT2q2nQfy1MVa2CNp7WPGpaq9QsZKw3GYpYLHzR07
xHRUHSMPhh7j3p2cQHn7m99SCQpMpoRy2OP8LGUA9MNve4pdgUvZnk3Ik3/qdq2a1Oq4RuCuPNMW
e9xoQyoMzEf+igRjGJ7/4Bx86PqfxeZjof5eyHFxqBixJOKYC9u0EcraXdOhJDBrLsNv9yzfBga6
dUGohcWq2R1kPOYgmNrAHFO4HxvKNzS2W5eAJxkX/cY8B+hr6mspq65+IA9yLvnh44mTRaq5U7Vv
FrEzNntcyO1gWXd92GLdV/19OuD93Tv+u/2zo6RaPJY7dX/al74tBtqmPP7+N25Yeh/mPfQ2edGH
v/Dv/c/VeL+z0zGvpxEx+Urzd8XrN+naBy4/SSCQ4Vwz+Daflr1MeQDnmM4154OwCVhPWZ45KJZ9
J7/BOmgPMwM6nrBfRKOKtHcu3qSEgT12o7DP8kePXFyvfmR7DL+R+i5Pl9t3l+d5gQtGi8bL/efk
/bnWt9abF/SYbpO3oimY5PgImHf7c+r22UbX2gWOTgccg4d6XjKVTIMNIJ+Wv386IArB5M5uO0D7
nL8HWnvOwDOGk/bwnpiceCzenR08xzaxBwBYL1PZ6Pp1sn0pnhPBVmufBnXrUhbDKXdO42fKU3mm
00JmwvbVZo9xo80o+elAjljN8nXxhN79ZEoD5FIi5fufzzs9LrDm94bfWnvr708mmBlwacyNW/OC
fSEeS9YqcEIffCcUZtovxxpRS5GY/15ZCuTD8uV4AWDuqENhlr56l3oFTY799iXrl4xpGGYxyw6a
rK/NYAm4k7IslUWtKZv9kB7o4T37yKlhHmnCkzWvxTlksO/oeKHcvI/5TSZ9zBppH+XbAEKgcCJU
hX5cIXkKD/Ti87Z5fjQApl2xEzi01koLXzxG/e3Pqb/ji/UWOytLZJNuDvs8GD6n2RWISEn7AOAc
2Ojsni58C3n+GGgt1CcGNPbu/y4LzA58n6ukpazaV3nW++z5QuX2mUcVrUvB83nkHW106JFKE3aE
8bMEmh2Zn3o6IAa8dUnDeBV22fOB7keeBDSEVL//BSupebKEyQzSmKcG3TtOak+/S4awimM7t5WZ
EMl35Qh75XUgTMZ6DZs99oloQIPq8TfBnheootpXvO6tw18OIrGfclbyQJeV4Le8+IH8qaNHjoss
5YlEV6BO1oNiYWd2IbOBbZM+N11j4b7tfWDg9OA7x+spYWF56vhdLRXcvp+Tv2Lz8pL0A5cl9RDH
+W9FLnroqiinIyD9x3bGqnVmHKNe52A8+w1u0pOpwCuO9L0h4651Oc/7XuZ+O/9Ew9X2yCvl+Xug
G21iXQAJDCybU32NLOIQ7THqLoOjyEeZp+yIQZPXDL6xg0QjGlJ+wM7SuhDsnQc0BBDf+yiBjs+E
VWQxjetDt2885vFlSxLODO+Xrws7QPtCdnoZF3GA2OdVvKl5TuPyy38Ad391uPX7fxwcs3Q8CX7f
0QPWJ9copKG1gRPTPvD8BfjYBTp39Eja1LVpQtnoAt5jjYUuNZ5XYKBzw82fTZKxrcd2FQ+01hyv
Sm2x+AJoCabdD7lRGj+xrOufePSYxdxURqPlzTvA+aF7x7HW6ALPv0tCoiljNy4+sTx7unOKds8S
lza70alGP9haakCHnJOP4XE7V3kuGGilqjFfnhUGGjQ+/ZBj4BSb8TxzmOZiuu5t789i2nJh6yCb
4PPGQGtPKE98hyN+6X4oCdxLsBHTFrRonJuckIqyPI3KoxexfeW4CYvcqGlEmMns/hRIMsEyfuUH
t/f6Dda52RNvphigg6+S/vKA7Z1nPCa1MI7RI5hxSv6uPXqolcfAi8mAnuXLH/gOj7+v59G2380Y
8bDp/df/1LrlxQSkPc28bq8fPRLL6TXYXv2vxInnPRpSBoAy7OOtS8wlp6jS+1Zax3L/637gOH34
Z0nMo3w/CxnwGqRUMznTgm+KYfB8bo4aHX7b0SPv697ydCpLmQ7cskgUn5fLpisaOc/05SfAfCIl
ZzRmgN3dXxjAN+0LXvFE7Z9MOId4gSQ5iCrUHzbN36pwsjme34RUoX61/jZ0+1OV+lgdivaPxTuf
sv+nYgTP0n2XvD8ec80M23uPETlvHmjtcWcCzGfAWXc9wEXl9s885uzcslEXrw+aLqoeAMYP7v5G
52VeZO3z/ps/CVwj5HPa1/QaKS2G5wfWfylTlxxLPv6Li+L937nQjp8Ak/H69pXDUR+6vUdP4j1v
8f1nfwcN+maPsIPRAxfMh38KlrdHY9oSrdvylJLAzz9Rjh/phYuG1epfx9TjMQBFIwPgRGGJ6aMR
lo2/itX/LHTM60pxkQg7bPfFv28sz34P0f2QG8ZmF9Av8MYrzUBBYwRbK55vL3BJR4qYvXX1yTMx
snM+2/4+mbgyV81vx9STKd9Fe2znSvWHDbr2GJ+hlHPMVKl+tf42dPtTlfooRfulKet8vOYE7Ki6
cXkSbExI2fKiAf9fnCf3UL/zxkAHTTfJjR7Z0Juu93xCISyEon3FY/F0KolDMi6EnRthRtASkCMT
aOuCgXJa0+CxnL022599Tu+GZShN43A6kKx814SbKEWj+upHF7Dw/MdqoLwNGJoOAf+Bi2z7ynGg
euHh08sioxF98ZEBbtGQ7+yHPCpWmtHvth7WiL78gV61u7/QKzaVwIxmj946v0FP6zps9buSOfuv
hftYZoeLT687tqxlQWKhX+eEy0yeeXKy+Pe140FhCQMdDSXzp3mZfxhgfw87HM9aczxFI552NTqE
Zgzv1x+bAjTWOzesT78QuBsWNvinPra2p25QfK/RQwX6wRbSUqNmidukVKFeVZTYctwc5bt5wNUn
OnaqUJ8lCdmsF8ZxJeol0gvZ7yNJjFKVfp9nPL1qdoWTvaS9kAse2gYV7sneOF8M9CyYRgu4ffoy
hjHPuROxXKvKA0KfHbp5IZ1FSMIBF+RnFzGlXWBJ0CJW8fKTGNLP4kGVdLLaI675+Xferz1+tLu/
cFEDMON5bXRoYGcvBAimseOAbXQB3ZXo/CO097RP732zCwxDwMSSZKXLTcIiTCNPaTTD0NN/8wvw
qNgOlz9wQX0UT/VL7/0eJCBH3YXvGY3Yr7B4QlHL8vPFCgx0Jtny4hXHepvkKgw0cpcs5KV5KE14
bdjhWEgjiYUYAg9/Z2Bh745z0rRPWJdNVqAL85X1xjz8023k/YDjzQvlFGNw2nZHzvoHbZdh7FSY
7DLSJuFKx8eJNTlXWTUMdNjg5lMfaV189fioyuZD064JW5Ic5TCsFa+Secr5Omzzd2Ux2VlCO8Vv
gDSbr7c7zhcDbdksjOEH3yp3OoD7fwLNR8d64YUukMimf8wzCeb6Y57XeCqpZNtX9CT7IWW3SU/r
5JkLod9gffqfHRWeMTQ+Tc4I+dEDd3rNnkQIl8j9bhMrIJ8v/5DtbTm1Gx3XgXsf6J0Zfl9df2SC
gY7oSb39le2cxmzb8YPDdJ66P51cz9nvtF9ov3y1Z7QS9T1HHSv+Lv0PKFmeXI+Fv2/bn8dPHMMX
n4CbX2k4R3KqNf1PjrP2JTeo7StglkFNIsnTmLzH42dHdeiHhIV1b2mMP/7GPnXq9o9GMmeK82Hx
pO3U9VvUlXKws3ha/frWemH8SRxREWZpf6qgwwDKw8wpYn9O2t+1ZF1uc16yc0YVvueinsaYJVmJ
huXntyQClM/NvBm92v44Xw90oy1GpJFgvG0pSsBoTguraHbpHelcy6ADmQ8ef1t28+cpDd+hGL+B
YB6DlvNY2IFrgwbt/V5Ar1GeyfFIDIwiwTWXeG8tnSdoCF9sMt/ZDyVh+O6WJaR1wfabPHLR39Te
w+9su8ufXKZHS8R+6n60D7mP9jcQT13DJcgwZjUc4Bjf+01Ku4iJXEqbXeZ7yyQKtdv3gHF86d07
4PYv3HBbgzgWj7RNN24398ByYhVA4Bx3NLrHcnKW7Jt3eUc541CWaPiq1Gvt91WOejKLwLiTCtSr
irJqPNBpzJghmyn01O2zVH+PJ0StCzeeTzmfBw06EU3O9f3U9dlGJlOJUWhyzSxrR8RjzpfF5Hg7
1ud8MdCtK8EiT+aDZsqUk6c0QnWfC9bNn8QjHQqF3QZscSSJWsaP/BCezzqEbQA3vKZ4XBmKwT/t
y6S843vbHPQGLrvfMdrb8q3G4k0C+L5F7OWm+8dPnNzybH9Ug29J5sIbff0zF+9JX35fL977kwue
hKABNHqA55UrR/suUBDGMeTsAqdKYm7WO7cMCm5dEvs8fnbjTpn1x43KAy4/OG755y882alSTEEa
cVMQNF3a7ZXX69VJh2wSmZle8ODZ6wD5joXr7OZjrjywPLcLEk5t5f6uVYGDewVrSC3n5T7bB4oB
tjtvsnL2t6pu0qA4VxT77anq4wtFbhrxpEWdUT+Px1wngx3TdVs2Kzvuot0hAAAgAElEQVQ/7ViP
8/RAW8+xgXz8V2YItJCN8ZPgpzx6mLdJVoF8/jp7ROmH9GqPhDmjc8PBHU+4aO5aXy9gx8ni1ZQs
h5RZwo4XdrjwPH8pt4N7s8kIZPOmlPMUWqxeGRmPaERffGK7njoA7C3JVRhom+nPfrsy5UVDYGrE
wFJug1zmx+Ss0/C7cH1fMFD3+hfCMPpfHQ3cYr19mQd6dzTmp30a3jZa/dTtXZS5xUG3pL01A71a
V5hRVyrFOUWtwLiuNDJKXLeUam72AZy+6r5k4nisq9COVZSbPNBBy62nk2f2z03l+Q06sXwxir7/
DUvJL849oLoKPNCAO8WORtXabJeR1ojO092IFKZDbmZekanwPDHQza4ECeQu0UBxEO9Sfp7PL1bK
2628aMRFrNHhQtjo8kOFbVdfGMwt5luXryVw0udxi+00x2p/5PSMta8lo+B3zCUDqUr/OLae5wxI
u/yBmyP7o/ipt9JNTqNs9ECaxaC5wANcofc9V90YtrMNILZwotn3KFy/tS79/+kPWZy2/eCiz+af
jIGA0ZDjq3XBfpBG7BN23lAeT4DaV24RGEjGSnsSVJX2numKm8PuLY0k7XMT7odr2ld+p5X817jA
zBlmUeb8OV51zJdn67GY3nvGmlT4HMZgxm9vf9J4PgamMu15BjpA47l7y/97gSSDWhezA66ZzQv3
rYLm3nl7K6fbn2M9z+KdPZ+nnCeJkVD8Vxyvu5RnA5Qbbc6DyEren3G+bXSEXzovXZ/z80Brj653
LXypllh7H+WnievQu5aTJQyQu/6FO/DuHY9nlaJBFDRoTO/iKQLcsYPlVz12+1vGgMlzzZ5hZRaT
baV16TzQs/662H/X6YLtS2NOBnrhONrKPCVsaBXl4avGlcXanlH0elbCcwIjSUUkZuH652p7XmKh
kfJDzh/dO8DkXPgyicWYDmTTfwaxBPGY9bcY/6c/eFS/anFanFfyHEueSGB5/rRjYvG7v9Yjv6/1
5S3KtR5ogc7YkwLtbW5HrcSo2mKeWiznnL7PYv1fa2+UkUqLx1ay+50qBkl7kt1wixP+l2SeCD1d
m/Nh6ftT2lI7Zio8Pwy033DJAbL49fCNogxbbkC+xjicDhjI0LkGmpeOd9oLmb63cyMZBz+Xq3+j
zTrmCen4FhefY8g0BvoC3TjF86sqJysyvu0q+19kc7SifZMISL/vuf6aMAAtXtlVx+NVkzajaFIC
5hJPmC4+bALKq/ZxcJ5xgcliyUQqXqMkcimyV/WPqsokZp39kPPh6MFlYj1I+1Xkvd+DrNeB3eWx
jGdPEj3FEzm5PtWmG5zL9gkzSwXv3rpwsSNl7s9iofBrlzbqz88D3ZDc7DDEF28TwAbFHe4mT43n
C7eyJ7zS49fVMx6zs7bHwNXPQBA6PuigKRGko3IYYgvfmA65kJ7qO7xZLHNF5LGxz0qJR2B4Pouh
1oDfArysxGY352Q5PjNsucXDn7oer5HIucHsfRA+aP80J2i13JOUecJ6oBdPzBZP4pTCyhO14nje
xpj0/HlPNU7dDiXlKTDQSgOtHo3LU/M7a4/1yfccW5BGmEFcy3qiLUFC2KGdVsIpc14YaE/4+5Qn
AW2Dl+/3G0xMkKe8Pp4sZ9ixabVtdGw0BqLJHuovE4vn0ej8/l800i0F3HSL+lsdSuAbgpUtkohX
5fvU+nnqCvNYuFPXZxvdslNUpT61/vL3ss6CsMU+V6X61Xo5PRF6P+NJlt0bAEZiQAxmScLs9da4
sUnEsPD9lXIntfyFxDp5heu14KSFYlCBG+IsPX177Krbn0M+r9ESvHN6uPcBXEbVl67X3v7tlzyj
JzpsSx6OqPz98Yg2VpbNb+433H9eHmjtcxAC3DG8tFOAInawKxhk85GYwfEz709j53m++MgBmkbk
Z1V4fX3tgFee8xqnEaPuy5bX7MqElO92TFHLWm6S25zkVE3aEyWgGvWp5eb+lUwow/Z2mVdrWV0Z
j2mUdW+5zjZ7m9NnB00GxW5bvucD13/afJ0NsD2nfAKnwEB7AZ2Ch3wvzydMJJluhmdozf6yTXlQ
5TzmWUobyw8AU+ZkUmRugwoFyrHFCdkZYaDBQWgTlYwfl3cGqz5WGnGAQYKkgjZw1WHjWryn3Smb
TLIP7qmzBcKzCLC+alejXHbvXiBZF19H/l3LWi6NkyrUo5ZvW+Yp5+Ogxbns3GEp71nmGTD4yrWt
c4MlXu5Dy2gEjO5JPVuF9thVHmXzf4T5PU1IPxi0XohtyF+2XyzE1fLHl6pHRA932CHioGyAdZoI
S5AkaXkBq30+HmjPF+iDYJRtVPdLg3z8yOubPUnf3XblFUn70ynw9JlUUvva0UK5BCvG7F6O59OT
DZD9omo8r7Ws5SllHTB2HtLSwvlNngxGmzKY1rLyMp4AT79LhtoLSUImLD5a8zvPnFO5UI1tcCLZ
QDdjeFIxGSycjOUC3ZQkZucYyH4KDHSeA75P4/CQz7GUcGF7sxNyE3FC+1LgFOPdWZLiCdBQYkQP
y9+fTJzD0vbdNdefDwZaaUfhNunPN+6m+7MUyAYcdMPvMnnfSBabBq9LI+Dhn5JbfY+8xjB8vhcC
N7+SN3k6XI6Cfak8G4VvjKPtO/X3qPW3oy/KU9en1t+mnmecv5oXXCjVXwmXSwU3q33eY3+K9+9T
N2YZ47ju+izFjB/61O1XRT1LnFFrkxUB/P/1L4B3TT2NaGwnGzDQ3Vsg+Jl6npGlKhovXC8c3lV5
/9fq9ueQz4tkzJk++/MhnxdPXFKpMnkqoLgJSxOJlShhH63SbZKVsM2+Wfb+6UCS35nlk7LC9efj
gW50JdOXcQ1S5n4YTtRZQj7YZpdGbdgCOSu9/fOppjE7b9Dk8xod4fGVhAnRmJR0WYa18A6tJelA
g/dlQkR/6u9Ry7cjz70/nXv935McPdIr2b1jwpjO9XGea7OmFHWTb4Yv5TmNOJtspwrtV1VpnUUz
3cOSEbS4GSmeHGm9cP8L15+rPAUGOksJqwhagBkdljd+MTPzttITZEG2J3aOmRHdkezQJdlHAM5V
rQu5N1953flgoFuXgNKS6W+CV8MspkN6pK9+Iug8bAKTA3Sm/jf+P+wQPqJ9ydB0R9jIdMgjg+nQ
RRQXy1EeKWiMqeEbtTyMLBoRgBy7VtEoxeGPIWt5WJmnwLPwyLcuubh5PlwsCvj/WYyKkqNU+X2e
cb5cVz7UglEs/VnJ/SaX1L/Z/PNMzrIX2QGy1D23Cu13NnIBtmjhjGspOiHBX4Xfv4dNy7E2/6lw
HftN2h2HNqLLbnYOMa/PMhUuZBrcuhwxwpsXdLquuP88PNDad9Q16bRc8oRNcvzExCYG4t0+QGfO
Yh5dWRiGTVfa6LAz91oyccd8r2hIlo0sYicPmzS+82R1WtNavl76DbKwZBkw+PLO2QH0fNrkKsrF
zfNb8Ey9J5lLJsXxM40mKDoVOreAAvn9xw+kRNOaJ3i9D0JzltPxsXgsW+y/xXk8aPCkUQdcDIff
BZ8JGnTtK3rCteYiO/hWMJYFc1sbz7vJJKJn2sgmptFdnzkzbAKtK6eb7Ph8+MeQp8BAWxlPaEfl
GWD2zMO8jdQ+v+sxM6faTIPNLjH1qmR7Z3K/TRe+8PfzwEC3LwElR0LTkeOsfW35ecYywXE+8zQc
4n1sMoTpQLDYDXpgWhecXPyGg3p0P3CiiUeSPMXjolIGU3RyHeJh8uXdZcCaDFgkvz91fVsXPBGw
QafnzCu6iz4nczcmlKJxan+qoFehvWp9PzoyIE4574VtLm7jJ+DxX/PGUzTkv7u/yrUdYPgA2ACz
Vf3D6vbk0ga8TZ7dNUoLq1HMXAGNDg3oeLxcXhXa69z0qA8kN5K7QYuTIqYhU4TPBE0mG7MB/jDA
4DtmXuyqvM8hdPtzlPGWs+3bV8A0Pywv9KKuA+DyI9D/upxE5dDPTyJAeWJE90veL/z1uuMyFRb+
Xn0PtNZMh+15QDylUQnsp3w/xMxjYfIj7YzgsNjRkGmbwxaxgKHgdfyAFHjNC2Z6SmPBP5/R8XWj
BVz/7Mjx81SyM45diuJMNjCnzkimhOIQmSPuP3X7HVOe+/uee/3fu2xKQHcacz5c5XlMpjRub/4k
kf6tlzOiap8B4wCPYMfPgHQXXpcDMCy3c80TwUb7vDJyVllGY7bt5Q+Sij7kJigauYD9oFEI6Ae/
TzSmI+PU9T+EPAUGek6CRqQ1JtUR+jkUv+/4WZKc7Miu8RqZTGgEB03OJbvcH3ZoMxbmp+pjoL0G
j3eModG1iQKllIR4JxRmu4yjdCZw8rcYvywBpik7sx/yI7Uu+KG9AIhjgtkn/Wp8j21lEpMSMJNO
p+W4tHWFGZY1nfK9Bl+Pe6xTy3lZ80DX8pQyaHKRzdPNRvGkD5h8mYJ0nfRDlmvyzcaC/ftFi+uN
9t45jGuPciBJw3ofxZmC9UlXjHhIn/94P7EOp9j8I5MYhF55WIPSdO4ZzN+XxliJMQboubVQitYV
ZjEHR31vCW5s9rhpLgsDtrEXjQ5m0C51Dh7oZpfuf2PohX0pY5oXkH7E89k5kvHqybDZ5XXad57R
Y73P5Y983tMfy50wS2h4+g2HGYqPZNzve5A+/cHvocWj7oXcDPlNbiIaPU6qw3vM0jKfst41lvY8
Zf3dzltCYetkD1BwgX8vlVu47iWP8mxdObN59hzk4BsNlvY10L4QusLC97NplMfPXOPfIvbZylNi
oIsyiyXhSIse/63rL+PPpu2e+44rrg8akgBO7CuTuTG/WL6NEyvaeIBgj/fQTpZfOmiy7mVP9LOE
fTNs80TLVB0DrX1+YO3xg08HL98ftoCrH/mBurf0hE4HbmDCEFPd+0hsVp7Sw1v0bB/sfYSSrtlz
Rv063uniMQNY7ZN/j130NAYQc4K0aTy1D/TueLSnNL0R48dq1Pc96ovy1PWp9felpzFgMhcLkkxX
X9/syv8X0vSuKz+NOb/7khFWFr2l6z2Pm3mluF68JZ7hquiTZxov/S/ynQU+mSVc29OE3+pQMUhV
1e3PsZ+f5+JR7dHIXbI31tyfpY5Luvj3Rd0YCQCWcWdPmC1P9HSwfH2eAnFmGwQz49wY0fdkjygt
eOZh+f6WiAEterU90F5A4wqQzDTb7Eyl0T0PMBpoSnajiw9u0tUe/xnDI8PBNxzF86A8OULAy2km
tQdAAepY2OwjSPseaSR0hDG90q3LFek/F3bqdue71E6L18nR7tx1iicS7tyJctqfD0i1O2ilhAw+
lElu4b5DSWO4mETj4/TH4iRehf7xXuv/3uXkmRtqLwQuPgFP/5IAb3sdeHLVveO8EI1fTgeslEvw
YZNnxSNh7yjMp57QioYtLo7JkU4i36PMEneUb+fzzg0TrmSpJFrZQFH4FuTJMdAFmeccE2FnmcLx
1e/pCevKdJ7FxhjadSv7xyJSQHTs+b2TSOgzQ8BEKAUn8fw5DHe1MdBhkx4JBXqJF3cGq+R0wIHY
unTHB1rSiwb+/GCORsxAuJhp6lAyEBq7LHn5WKJ1Scxw/8vx4CXHlPGEk6kX8kTALwwq7YGBfYXr
oWXyMc7oVCuu21rmXKifvyz/3W9wUm/2jtsuMGQgOPb3PhQG2g/fD5axlrvLNCKrxuUPNKgUCOuy
RnTY4olho8trLVPONuUPvkmQYgu4+QV4+uz49v2Qc2z3jtPK5GklVVUtDyDznEfpNiuwMYDJgW//
uxr1O5Y89eY/SyVArk1jei/Yf/E8r6QizPl77ZdPbrJPORU2EpjlTIPrpPZovxXW5+p6oD2fA0t7
tPi33Zki56Q5euAE2ezxYzZ77tgoT0kl1/+y4Ok4oNQaCCTF5fD75udqn5Q/QYsf+qVo83OUWUIj
OpDkMjZNu1L8PktUd0Y82HbTAXJlLx23mGWP/apjGkuJOHddYVKZPMuO/AgBdjZbUhpv51k7C6n5
XXV6+BOUGgN9/nL4nXPkxSegc8dgI+vp8UKuB/GEPO2T5+3LTabAw2/CCNQC7v7iICNewDUhz2g8
979y/qhCe7wHCWBufoWqRr0OKauCgS7KNOb4CtpgpsJX8p57gfCqr2KzgSQ3aQsrzgnfezpwTrKX
MiD6koQmS+ecQtXFQCuPnkljOLkVqU+2uT+XSNN4QiM8aHISbXTpzUwTLuzHeh9oUiXlGYMbrXEW
tvn7wXdnPIWt+bTlVfgee9dzvlvrioNt+ACM7vn3WR9YvB+F9oQrx/4o5TDlxfuLvMbF8uzJw2L9
8pSLqefPP2/ue+5J1z4Xde2zbyzwTB7leyzKfZQP4wJNjv0+tX5+epbQoRGN6ZW0yaZsxHv/np5n
[...]
</branch>
<status status="PASS" start="2026-05-14T22:49:05.382591" elapsed="0.001010"/>
</if>
<kw name="Log Action" owner="structured_logging">
<kw name="Get Current Date" owner="DateTime">
<msg time="2026-05-14T22:49:05.383601" level="INFO">${timestamp} = 2026-05-14 22:49:05</msg>
<var>${timestamp}</var>
<arg>result_format=%Y-%m-%d %H:%M:%S</arg>
<doc>Returns current local or UTC time with an optional increment.</doc>
<status status="PASS" start="2026-05-14T22:49:05.383601" elapsed="0.000000"/>
</kw>
<kw name="Evaluate" owner="BuiltIn">
<msg time="2026-05-14T22:49:05.383601" level="INFO">${extras} = test=PDV - Sync - Sync Clients | status=SKIP</msg>
<var>${extras}</var>
<arg>' | '.join(f'{k}={v}' for k, v in $kwargs.items())</arg>
<doc>Evaluates the given expression in Python and returns the result.</doc>
<status status="PASS" start="2026-05-14T22:49:05.383601" elapsed="0.000000"/>
</kw>
<kw name="Set Variable If" owner="BuiltIn">
<msg time="2026-05-14T22:49:05.384604" level="INFO">${formatted} = [TEST_END] Teste finalizado | test=PDV - Sync - Sync Clients | status=SKIP | timestamp=2026-05-14 22:49:05</msg>
<var>${formatted}</var>
<arg>$extras</arg>
<arg>[${action.upper()}] ${message} | ${extras} | timestamp=${timestamp}</arg>
<arg>[${action.upper()}] ${message} | timestamp=${timestamp}</arg>
<doc>Sets variable based on the given condition.</doc>
<status status="PASS" start="2026-05-14T22:49:05.384604" elapsed="0.000000"/>
</kw>
<kw name="Log" owner="BuiltIn">
<msg time="2026-05-14T22:49:05.384604" level="INFO">[TEST_END] Teste finalizado | test=PDV - Sync - Sync Clients | status=SKIP | timestamp=2026-05-14 22:49:05</msg>
<arg>${formatted}</arg>
<arg>level=${level}</arg>
<doc>Logs the given message with the given level.</doc>
<status status="PASS" start="2026-05-14T22:49:05.384604" elapsed="0.000000"/>
</kw>
<arg>action=test_end</arg>
<arg>message=Teste finalizado</arg>
<arg>test=${TEST_NAME}</arg>
<arg>status=${TEST_STATUS}</arg>
<status status="PASS" start="2026-05-14T22:49:05.383601" elapsed="0.001003"/>
</kw>
<doc>Teardown padrão de teste — captura screenshot em caso de falha.
Em caso de falha, ativa o flag de suite para que testes subsequentes
sejam ignorados (SKIP), evitando falhas em cadeia por estado inválido do app.</doc>
<status status="PASS" start="2026-05-14T22:49:05.382591" elapsed="0.003015"/>
</kw>
<doc>Realiza a sincronização de clientes.</doc>
<tag>@allure.label.severity:normal</tag>
<tag>pdv</tag>
<tag>regression</tag>
<tag>sync</tag>
<status status="SKIP" start="2026-05-14T22:49:05.381589" elapsed="0.004017">Teste ignorado: falha de UI detectada no teste anterior — o app pode estar em estado inválido.</status>
</test>
<test id="s1-t28" name="PDV - Sync - Sync Orders" line="176">
<kw name="Test Setup Default" owner="setup" type="SETUP">
<kw name="Get Variable Value" owner="BuiltIn">
<msg time="2026-05-14T22:49:05.385606" level="INFO">${_ui_failed} = True</msg>
<var>${_ui_failed}</var>
<arg>${UI_FAILURE_DETECTED}</arg>
<arg>${FALSE}</arg>
<doc>Returns variable value or ``default`` if the variable does not exist.</doc>
<status status="PASS" start="2026-05-14T22:49:05.385606" elapsed="0.000000"/>
</kw>
<if>
<branch type="IF" condition="${_ui_failed}">
<kw name="Skip" owner="BuiltIn">
<msg time="2026-05-14T22:49:05.386609" level="SKIP">Teste ignorado: falha de UI detectada no teste anterior — o app pode estar em estado inválido.</msg>
<arg>Teste ignorado: falha de UI detectada no teste anterior — o app pode estar em estado inválido.</arg>
<doc>Skips the rest of the current test.</doc>
<status status="SKIP" start="2026-05-14T22:49:05.385606" elapsed="0.001003">Teste ignorado: falha de UI detectada no teste anterior — o app pode estar em estado inválido.</status>
</kw>
<status status="SKIP" start="2026-05-14T22:49:05.385606" elapsed="0.001003">Teste ignorado: falha de UI detectada no teste anterior — o app pode estar em estado inválido.</status>
</branch>
<status status="SKIP" start="2026-05-14T22:49:05.385606" elapsed="0.001003">Teste ignorado: falha de UI detectada no teste anterior — o app pode estar em estado inválido.</status>
</if>
<kw name="Log Action" owner="structured_logging">
<arg>action=test_start</arg>
<arg>message=Iniciando teste</arg>
<arg>test=${TEST_NAME}</arg>
<status status="NOT RUN" start="2026-05-14T22:49:05.386609" elapsed="0.000000"/>
</kw>
<doc>Setup padrão de teste — registra início do caso de teste no log.
Ignora o teste automaticamente se uma falha de UI foi detectada no teste anterior,
evitando falhas em cadeia por estado inválido da interface.</doc>
<status status="SKIP" start="2026-05-14T22:49:05.385606" elapsed="0.001003">Teste ignorado: falha de UI detectada no teste anterior — o app pode estar em estado inválido.</status>
</kw>
<kw name="Test Teardown Default" owner="setup" type="TEARDOWN">
<kw name="Run Keyword If Test Failed" owner="BuiltIn">
<arg>Capture Failure Screenshot</arg>
<doc>Runs the given keyword with the given arguments, if the test failed.</doc>
<status status="PASS" start="2026-05-14T22:49:05.386609" elapsed="0.000000"/>
</kw>
<if>
<branch type="IF" condition="'${TEST_STATUS}' == 'FAIL'">
<kw name="Set Suite Variable" owner="BuiltIn">
<arg>${UI_FAILURE_DETECTED}</arg>
<arg>${TRUE}</arg>
<doc>Makes a variable available everywhere within the scope of the current suite.</doc>
<status status="NOT RUN" start="2026-05-14T22:49:05.387611" elapsed="0.000000"/>
</kw>
<status status="NOT RUN" start="2026-05-14T22:49:05.386609" elapsed="0.001002"/>
</branch>
<status status="PASS" start="2026-05-14T22:49:05.386609" elapsed="0.001002"/>
</if>
<kw name="Log Action" owner="structured_logging">
<kw name="Get Current Date" owner="DateTime">
<msg time="2026-05-14T22:49:05.387611" level="INFO">${timestamp} = 2026-05-14 22:49:05</msg>
<var>${timestamp}</var>
<arg>result_format=%Y-%m-%d %H:%M:%S</arg>
<doc>Returns current local or UTC time with an optional increment.</doc>
<status status="PASS" start="2026-05-14T22:49:05.387611" elapsed="0.000000"/>
</kw>
<kw name="Evaluate" owner="BuiltIn">
<msg time="2026-05-14T22:49:05.388644" level="INFO">${extras} = test=PDV - Sync - Sync Orders | status=SKIP</msg>
<var>${extras}</var>
<arg>' | '.join(f'{k}={v}' for k, v in $kwargs.items())</arg>
<doc>Evaluates the given expression in Python and returns the result.</doc>
<status status="PASS" start="2026-05-14T22:49:05.387611" elapsed="0.001033"/>
</kw>
<kw name="Set Variable If" owner="BuiltIn">
<msg time="2026-05-14T22:49:05.389652" level="INFO">${formatted} = [TEST_END] Teste finalizado | test=PDV - Sync - Sync Orders | status=SKIP | timestamp=2026-05-14 22:49:05</msg>
<var>${formatted}</var>
<arg>$extras</arg>
<arg>[${action.upper()}] ${message} | ${extras} | timestamp=${timestamp}</arg>
<arg>[${action.upper()}] ${message} | timestamp=${timestamp}</arg>
<doc>Sets variable based on the given condition.</doc>
<status status="PASS" start="2026-05-14T22:49:05.388644" elapsed="0.001008"/>
</kw>
<kw name="Log" owner="BuiltIn">
<msg time="2026-05-14T22:49:05.389652" level="INFO">[TEST_END] Teste finalizado | test=PDV - Sync - Sync Orders | status=SKIP | timestamp=2026-05-14 22:49:05</msg>
<arg>${formatted}</arg>
<arg>level=${level}</arg>
<doc>Logs the given message with the given level.</doc>
<status status="PASS" start="2026-05-14T22:49:05.389652" elapsed="0.000000"/>
</kw>
<arg>action=test_end</arg>
<arg>message=Teste finalizado</arg>
<arg>test=${TEST_NAME}</arg>
<arg>status=${TEST_STATUS}</arg>
<status status="PASS" start="2026-05-14T22:49:05.387611" elapsed="0.002041"/>
</kw>
<doc>Teardown padrão de teste — captura screenshot em caso de falha.
Em caso de falha, ativa o flag de suite para que testes subsequentes
sejam ignorados (SKIP), evitando falhas em cadeia por estado inválido do app.</doc>
<status status="PASS" start="2026-05-14T22:49:05.386609" elapsed="0.003043"/>
</kw>
<doc>Realiza a sincronização de pedidos.</doc>
<tag>@allure.label.severity:normal</tag>
<tag>pdv</tag>
<tag>regression</tag>
<tag>sync</tag>
<status status="SKIP" start="2026-05-14T22:49:05.385606" elapsed="0.004046">Teste ignorado: falha de UI detectada no teste anterior — o app pode estar em estado inválido.</status>
</test>
<test id="s1-t29" name="PDV - Sync - Sync All" line="181">
<kw name="Test Setup Default" owner="setup" type="SETUP">
<kw name="Get Variable Value" owner="BuiltIn">
<msg time="2026-05-14T22:49:05.390655" level="INFO">${_ui_failed} = True</msg>
<var>${_ui_failed}</var>
<arg>${UI_FAILURE_DETECTED}</arg>
<arg>${FALSE}</arg>
<doc>Returns variable value or ``default`` if the variable does not exist.</doc>
<status status="PASS" start="2026-05-14T22:49:05.390655" elapsed="0.000000"/>
</kw>
<if>
<branch type="IF" condition="${_ui_failed}">
<kw name="Skip" owner="BuiltIn">
<msg time="2026-05-14T22:49:05.390655" level="SKIP">Teste ignorado: falha de UI detectada no teste anterior — o app pode estar em estado inválido.</msg>
<arg>Teste ignorado: falha de UI detectada no teste anterior — o app pode estar em estado inválido.</arg>
<doc>Skips the rest of the current test.</doc>
<status status="SKIP" start="2026-05-14T22:49:05.390655" elapsed="0.000000">Teste ignorado: falha de UI detectada no teste anterior — o app pode estar em estado inválido.</status>
</kw>
<status status="SKIP" start="2026-05-14T22:49:05.390655" elapsed="0.000000">Teste ignorado: falha de UI detectada no teste anterior — o app pode estar em estado inválido.</status>
</branch>
<status status="SKIP" start="2026-05-14T22:49:05.390655" elapsed="0.000000">Teste ignorado: falha de UI detectada no teste anterior — o app pode estar em estado inválido.</status>
</if>
<kw name="Log Action" owner="structured_logging">
<arg>action=test_start</arg>
<arg>message=Iniciando teste</arg>
<arg>test=${TEST_NAME}</arg>
<status status="NOT RUN" start="2026-05-14T22:49:05.390655" elapsed="0.000000"/>
</kw>
<doc>Setup padrão de teste — registra início do caso de teste no log.
Ignora o teste automaticamente se uma falha de UI foi detectada no teste anterior,
evitando falhas em cadeia por estado inválido da interface.</doc>
<status status="SKIP" start="2026-05-14T22:49:05.389652" elapsed="0.001003">Teste ignorado: falha de UI detectada no teste anterior — o app pode estar em estado inválido.</status>
</kw>
<kw name="Test Teardown Default" owner="setup" type="TEARDOWN">
<kw name="Run Keyword If Test Failed" owner="BuiltIn">
<arg>Capture Failure Screenshot</arg>
<doc>Runs the given keyword with the given arguments, if the test failed.</doc>
<status status="PASS" start="2026-05-14T22:49:05.391658" elapsed="0.000000"/>
</kw>
<if>
<branch type="IF" condition="'${TEST_STATUS}' == 'FAIL'">
<kw name="Set Suite Variable" owner="BuiltIn">
<arg>${UI_FAILURE_DETECTED}</arg>
<arg>${TRUE}</arg>
<doc>Makes a variable available everywhere within the scope of the current suite.</doc>
<status status="NOT RUN" start="2026-05-14T22:49:05.391658" elapsed="0.000000"/>
</kw>
<status status="NOT RUN" start="2026-05-14T22:49:05.391658" elapsed="0.000000"/>
</branch>
<status status="PASS" start="2026-05-14T22:49:05.391658" elapsed="0.000000"/>
</if>
<kw name="Log Action" owner="structured_logging">
<kw name="Get Current Date" owner="DateTime">
<msg time="2026-05-14T22:49:05.392825" level="INFO">${timestamp} = 2026-05-14 22:49:05</msg>
<var>${timestamp}</var>
<arg>result_format=%Y-%m-%d %H:%M:%S</arg>
<doc>Returns current local or UTC time with an optional increment.</doc>
<status status="PASS" start="2026-05-14T22:49:05.391658" elapsed="0.001167"/>
</kw>
<kw name="Evaluate" owner="BuiltIn">
<msg time="2026-05-14T22:49:05.392825" level="INFO">${extras} = test=PDV - Sync - Sync All | status=SKIP</msg>
<var>${extras}</var>
<arg>' | '.join(f'{k}={v}' for k, v in $kwargs.items())</arg>
<doc>Evaluates the given expression in Python and returns the result.</doc>
<status status="PASS" start="2026-05-14T22:49:05.392825" elapsed="0.000000"/>
</kw>
<kw name="Set Variable If" owner="BuiltIn">
<msg time="2026-05-14T22:49:05.393830" level="INFO">${formatted} = [TEST_END] Teste finalizado | test=PDV - Sync - Sync All | status=SKIP | timestamp=2026-05-14 22:49:05</msg>
<var>${formatted}</var>
<arg>$extras</arg>
<arg>[${action.upper()}] ${message} | ${extras} | timestamp=${timestamp}</arg>
<arg>[${action.upper()}] ${message} | timestamp=${timestamp}</arg>
<doc>Sets variable based on the given condition.</doc>
<status status="PASS" start="2026-05-14T22:49:05.392825" elapsed="0.001005"/>
</kw>
<kw name="Log" owner="BuiltIn">
<msg time="2026-05-14T22:49:05.393830" level="INFO">[TEST_END] Teste finalizado | test=PDV - Sync - Sync All | status=SKIP | timestamp=2026-05-14 22:49:05</msg>
<arg>${formatted}</arg>
<arg>level=${level}</arg>
<doc>Logs the given message with the given level.</doc>
<status status="PASS" start="2026-05-14T22:49:05.393830" elapsed="0.000000"/>
</kw>
<arg>action=test_end</arg>
<arg>message=Teste finalizado</arg>
<arg>test=${TEST_NAME}</arg>
<arg>status=${TEST_STATUS}</arg>
<status status="PASS" start="2026-05-14T22:49:05.391658" elapsed="0.002172"/>
</kw>
<doc>Teardown padrão de teste — captura screenshot em caso de falha.
Em caso de falha, ativa o flag de suite para que testes subsequentes
sejam ignorados (SKIP), evitando falhas em cadeia por estado inválido do app.</doc>
<status status="PASS" start="2026-05-14T22:49:05.391658" elapsed="0.002172"/>
</kw>
<doc>Realiza a sincronização de todos os dados.</doc>
<tag>@allure.label.severity:normal</tag>
<tag>pdv</tag>
<tag>regression</tag>
<tag>sync</tag>
<status status="SKIP" start="2026-05-14T22:49:05.389652" elapsed="0.004178">Teste ignorado: falha de UI detectada no teste anterior — o app pode estar em estado inválido.</status>
</test>
<kw name="Suite Teardown Default" owner="setup" type="TEARDOWN">
<kw name="Log Action" owner="structured_logging">
<kw name="Get Current Date" owner="DateTime">
<msg time="2026-05-14T22:49:05.394834" level="INFO">${timestamp} = 2026-05-14 22:49:05</msg>
<var>${timestamp}</var>
<arg>result_format=%Y-%m-%d %H:%M:%S</arg>
<doc>Returns current local or UTC time with an optional increment.</doc>
<status status="PASS" start="2026-05-14T22:49:05.394834" elapsed="0.000000"/>
</kw>
<kw name="Evaluate" owner="BuiltIn">
<msg time="2026-05-14T22:49:05.394834" level="INFO">${extras} = suite=Pdv</msg>
<var>${extras}</var>
<arg>' | '.join(f'{k}={v}' for k, v in $kwargs.items())</arg>
<doc>Evaluates the given expression in Python and returns the result.</doc>
<status status="PASS" start="2026-05-14T22:49:05.394834" elapsed="0.000000"/>
</kw>
<kw name="Set Variable If" owner="BuiltIn">
<msg time="2026-05-14T22:49:05.395843" level="INFO">${formatted} = [SUITE_END] Encerrando suite | suite=Pdv | timestamp=2026-05-14 22:49:05</msg>
<var>${formatted}</var>
<arg>$extras</arg>
<arg>[${action.upper()}] ${message} | ${extras} | timestamp=${timestamp}</arg>
<arg>[${action.upper()}] ${message} | timestamp=${timestamp}</arg>
<doc>Sets variable based on the given condition.</doc>
<status status="PASS" start="2026-05-14T22:49:05.394834" elapsed="0.001009"/>
</kw>
<kw name="Log" owner="BuiltIn">
<msg time="2026-05-14T22:49:05.395843" level="INFO">[SUITE_END] Encerrando suite | suite=Pdv | timestamp=2026-05-14 22:49:05</msg>
<arg>${formatted}</arg>
<arg>level=${level}</arg>
<doc>Logs the given message with the given level.</doc>
<status status="PASS" start="2026-05-14T22:49:05.395843" elapsed="0.000000"/>
</kw>
<arg>action=suite_end</arg>
<arg>message=Encerrando suite</arg>
<arg>suite=${SUITE_NAME}</arg>
<status status="PASS" start="2026-05-14T22:49:05.394834" elapsed="0.001009"/>
</kw>
<kw name="Close App" owner="open_app">
<try>
<branch type="TRY">
<kw name="Close Application" owner="AppiumLibrary">
<doc>Closes the current application and the webdriver session.</doc>
<status status="PASS" start="2026-05-14T22:49:05.396846" elapsed="0.119439"/>
</kw>
<kw name="Log Action" owner="structured_logging">
<kw name="Get Current Date" owner="DateTime">
<msg time="2026-05-14T22:49:05.517289" level="INFO">${timestamp} = 2026-05-14 22:49:05</msg>
<var>${timestamp}</var>
<arg>result_format=%Y-%m-%d %H:%M:%S</arg>
<doc>Returns current local or UTC time with an optional increment.</doc>
<status status="PASS" start="2026-05-14T22:49:05.517289" elapsed="0.000000"/>
</kw>
<kw name="Evaluate" owner="BuiltIn">
<msg time="2026-05-14T22:49:05.517289" level="INFO">${extras} = tag=getnet_p2</msg>
<var>${extras}</var>
<arg>' | '.join(f'{k}={v}' for k, v in $kwargs.items())</arg>
<doc>Evaluates the given expression in Python and returns the result.</doc>
<status status="PASS" start="2026-05-14T22:49:05.517289" elapsed="0.000000"/>
</kw>
<kw name="Set Variable If" owner="BuiltIn">
<msg time="2026-05-14T22:49:05.518292" level="INFO">${formatted} = [APP_CLOSE] Sessão encerrada | tag=getnet_p2 | timestamp=2026-05-14 22:49:05</msg>
<var>${formatted}</var>
<arg>$extras</arg>
<arg>[${action.upper()}] ${message} | ${extras} | timestamp=${timestamp}</arg>
<arg>[${action.upper()}] ${message} | timestamp=${timestamp}</arg>
<doc>Sets variable based on the given condition.</doc>
<status status="PASS" start="2026-05-14T22:49:05.517289" elapsed="0.001003"/>
</kw>
<kw name="Log" owner="BuiltIn">
<msg time="2026-05-14T22:49:05.519294" level="INFO">[APP_CLOSE] Sessão encerrada | tag=getnet_p2 | timestamp=2026-05-14 22:49:05</msg>
<arg>${formatted}</arg>
<arg>level=${level}</arg>
<doc>Logs the given message with the given level.</doc>
<status status="PASS" start="2026-05-14T22:49:05.518292" elapsed="0.001002"/>
</kw>
<arg>action=app_close</arg>
<arg>message=Sessão encerrada</arg>
<arg>tag=${DEVICE_TAG}</arg>
<status status="PASS" start="2026-05-14T22:49:05.516285" elapsed="0.003009"/>
</kw>
<status status="PASS" start="2026-05-14T22:49:05.396846" elapsed="0.122448"/>
</branch>
<branch type="EXCEPT" assign="${error}">
<kw name="Log Action" owner="structured_logging">
<arg>action=app_close_failed</arg>
<arg>message=Falha ao encerrar sessão</arg>
<arg>error=${error}</arg>
<arg>level=WARN</arg>
<status status="NOT RUN" start="2026-05-14T22:49:05.519294" elapsed="0.000000"/>
</kw>
<status status="NOT RUN" start="2026-05-14T22:49:05.519294" elapsed="0.000000"/>
</branch>
<status status="PASS" start="2026-05-14T22:49:05.396846" elapsed="0.122448"/>
</try>
<doc>Keyword de Test/Suite Teardown — encerra a sessão Appium com segurança.</doc>
<status status="PASS" start="2026-05-14T22:49:05.396846" elapsed="0.122448"/>
</kw>
<doc>Teardown padrão de suite — encerra a sessão Appium com segurança.</doc>
<status status="PASS" start="2026-05-14T22:49:05.394834" elapsed="0.124460"/>
</kw>
<doc>Suite de regressão — módulo Pdv (Smart PDV)

Cobre os fluxos principais de pedidos, cancelamentos, descontos,
remoção de itens, ticket, lista de pedidos e sincronização.
Pré-condição: app iniciado na tela inicial do Smart PDV.</doc>
<status status="FAIL" start="2026-05-14T22:47:38.747938" elapsed="86.771356"/>
</suite>
<statistics>
<total>
<stat pass="0" fail="1" skip="28">All Tests</stat>
</total>
<tag>
<stat pass="0" fail="0" skip="2">@allure.label.severity:critical</stat>
<stat pass="0" fail="0" skip="9">@allure.label.severity:minor</stat>
<stat pass="0" fail="1" skip="17">@allure.label.severity:normal</stat>
<stat pass="0" fail="0" skip="4">cancel</stat>
<stat pass="0" fail="0" skip="2">conference</stat>
<stat pass="0" fail="0" skip="2">discount</stat>
<stat pass="0" fail="0" skip="6">list_orders</stat>
<stat pass="0" fail="1" skip="17">orders</stat>
<stat pass="0" fail="0" skip="3">payment</stat>
<stat pass="0" fail="1" skip="28">pdv</stat>
<stat pass="0" fail="1" skip="28">regression</stat>
<stat pass="0" fail="0" skip="5">sync</stat>
<stat pass="0" fail="0" skip="3">ticket</stat>
</tag>
<suite>
<stat name="Pdv" id="s1" pass="0" fail="1" skip="28">Pdv</stat>
</suite>
</statistics>
<errors>
<msg time="2026-05-14T22:49:05.275986" level="WARN">[SCREENSHOT_CAPTURED] Screenshot capturado | file=FAIL_PDV - Orders - Client Order.png | timestamp=2026-05-14 22:49:05</msg>
</errors>
</robot>
