<?xml version="1.0" encoding="UTF-8"?>
<robot generator="Robot 7.4.2 (Python 3.12.12 on win32)" generated="2026-05-14T22:47:38.746935" rpa="false" schemaversion="5">
<suite id="s1" name="Pdv" source="C:\LAB\softcom-smart-automation\softcom-smart-automation\tests\regression\pdv\pdv.robot">
<kw name="Suite Setup Default" owner="setup" type="SETUP">
<kw name="Set Suite Variable" owner="BuiltIn">
<msg time="2026-05-14T22:47:39.344174" level="INFO">${UI_FAILURE_DETECTED} = False</msg>
<arg>${UI_FAILURE_DETECTED}</arg>
<arg>${FALSE}</arg>
<doc>Makes a variable available everywhere within the scope of the current suite.</doc>
<status status="PASS" start="2026-05-14T22:47:39.343172" elapsed="0.001002"/>
</kw>
<kw name="Log Action" owner="structured_logging">
<kw name="Get Current Date" owner="DateTime">
<msg time="2026-05-14T22:47:39.345176" level="INFO">${timestamp} = 2026-05-14 22:47:39</msg>
<var>${timestamp}</var>
<arg>result_format=%Y-%m-%d %H:%M:%S</arg>
<doc>Returns current local or UTC time with an optional increment.</doc>
<status status="PASS" start="2026-05-14T22:47:39.345176" elapsed="0.000000"/>
</kw>
<kw name="Evaluate" owner="BuiltIn">
<msg time="2026-05-14T22:47:39.345176" level="INFO">${extras} = suite=Pdv</msg>
<var>${extras}</var>
<arg>' | '.join(f'{k}={v}' for k, v in $kwargs.items())</arg>
<doc>Evaluates the given expression in Python and returns the result.</doc>
<status status="PASS" start="2026-05-14T22:47:39.345176" elapsed="0.000000"/>
</kw>
<kw name="Set Variable If" owner="BuiltIn">
<msg time="2026-05-14T22:47:39.346178" level="INFO">${formatted} = [SUITE_START] Iniciando suite | suite=Pdv | timestamp=2026-05-14 22:47:39</msg>
<var>${formatted}</var>
<arg>$extras</arg>
<arg>[${action.upper()}] ${message} | ${extras} | timestamp=${timestamp}</arg>
<arg>[${action.upper()}] ${message} | timestamp=${timestamp}</arg>
<doc>Sets variable based on the given condition.</doc>
<status status="PASS" start="2026-05-14T22:47:39.345176" elapsed="0.001002"/>
</kw>
<kw name="Log" owner="BuiltIn">
<msg time="2026-05-14T22:47:39.346178" level="INFO">[SUITE_START] Iniciando suite | suite=Pdv | timestamp=2026-05-14 22:47:39</msg>
<arg>${formatted}</arg>
<arg>level=${level}</arg>
<doc>Logs the given message with the given level.</doc>
<status status="PASS" start="2026-05-14T22:47:39.346178" elapsed="0.000000"/>
</kw>
<arg>action=suite_start</arg>
<arg>message=Iniciando suite</arg>
<arg>suite=${SUITE_NAME}</arg>
<status status="PASS" start="2026-05-14T22:47:39.344174" elapsed="0.002004"/>
</kw>
<kw name="Open App" owner="open_app">
<try>
<branch type="TRY">
<kw name="Open App Session" owner="open_app">
<if>
<branch type="IF" condition="'${udid}' == '${NONE}'">
<kw name="Get Device UDID From Tag" owner="open_app">
<if>
<branch type="IF" condition="'${DEVICE_TAG}' == ''">
<return>
<value>${DEVICE_UDID}</value>
<status status="NOT RUN" start="2026-05-14T22:47:39.347181" elapsed="0.000000"/>
</return>
<status status="NOT RUN" start="2026-05-14T22:47:39.347181" elapsed="0.000000"/>
</branch>
<status status="PASS" start="2026-05-14T22:47:39.347181" elapsed="0.000000"/>
</if>
<kw name="Evaluate" owner="BuiltIn">
<msg time="2026-05-14T22:47:39.348182" level="INFO">${is_default} = True</msg>
<var>${is_default}</var>
<arg>'${DEVICE_UDID}' == '${DEFAULT_UDID}' or '${DEVICE_UDID}' == 'emulator-5554'</arg>
<doc>Evaluates the given expression in Python and returns the result.</doc>
<status status="PASS" start="2026-05-14T22:47:39.347181" elapsed="0.001001"/>
</kw>
<if>
<branch type="IF" condition="not ${is_default}">
<return>
<value>${DEVICE_UDID}</value>
<status status="NOT RUN" start="2026-05-14T22:47:39.348182" elapsed="0.000000"/>
</return>
<status status="NOT RUN" start="2026-05-14T22:47:39.348182" elapsed="0.000000"/>
</branch>
<status status="PASS" start="2026-05-14T22:47:39.348182" elapsed="0.000000"/>
</if>
<kw name="Get Device Udid" owner="devicesconfig">
<msg time="2026-05-14T22:47:39.354228" level="INFO">${device_udid} = P31824AA70363</msg>
<var>${device_udid}</var>
<arg>${DEVICE_TAG}</arg>
<arg>${DEFAULT_UDID}</arg>
<status status="PASS" start="2026-05-14T22:47:39.348182" elapsed="0.006046"/>
</kw>
<kw name="Log Action" owner="structured_logging">
<kw name="Get Current Date" owner="DateTime">
<msg time="2026-05-14T22:47:39.355230" level="INFO">${timestamp} = 2026-05-14 22:47:39</msg>
<var>${timestamp}</var>
<arg>result_format=%Y-%m-%d %H:%M:%S</arg>
<doc>Returns current local or UTC time with an optional increment.</doc>
<status status="PASS" start="2026-05-14T22:47:39.355230" elapsed="0.000000"/>
</kw>
<kw name="Evaluate" owner="BuiltIn">
<msg time="2026-05-14T22:47:39.355230" level="INFO">${extras} = tag=getnet_p3 | udid=P31824AA70363</msg>
<var>${extras}</var>
<arg>' | '.join(f'{k}={v}' for k, v in $kwargs.items())</arg>
<doc>Evaluates the given expression in Python and returns the result.</doc>
<status status="PASS" start="2026-05-14T22:47:39.355230" elapsed="0.000000"/>
</kw>
<kw name="Set Variable If" owner="BuiltIn">
<msg time="2026-05-14T22:47:39.356241" level="INFO">${formatted} = [DEVICE_MAPPING] Tag mapeada para UDID | tag=getnet_p3 | udid=P31824AA70363 | timestamp=2026-05-14 22:47:39</msg>
<var>${formatted}</var>
<arg>$extras</arg>
<arg>[${action.upper()}] ${message} | ${extras} | timestamp=${timestamp}</arg>
<arg>[${action.upper()}] ${message} | timestamp=${timestamp}</arg>
<doc>Sets variable based on the given condition.</doc>
<status status="PASS" start="2026-05-14T22:47:39.355230" elapsed="0.001011"/>
</kw>
<kw name="Log" owner="BuiltIn">
<msg time="2026-05-14T22:47:39.356241" level="INFO">[DEVICE_MAPPING] Tag mapeada para UDID | tag=getnet_p3 | udid=P31824AA70363 | timestamp=2026-05-14 22:47:39</msg>
<arg>${formatted}</arg>
<arg>level=${level}</arg>
<doc>Logs the given message with the given level.</doc>
<status status="PASS" start="2026-05-14T22:47:39.356241" elapsed="0.000000"/>
</kw>
<arg>action=device_mapping</arg>
<arg>message=Tag mapeada para UDID</arg>
<arg>tag=${DEVICE_TAG}</arg>
<arg>udid=${device_udid}</arg>
<status status="PASS" start="2026-05-14T22:47:39.354228" elapsed="0.002013"/>
</kw>
<return>
<value>${device_udid}</value>
<status status="PASS" start="2026-05-14T22:47:39.356241" elapsed="0.000000"/>
</return>
<msg time="2026-05-14T22:47:39.356241" level="INFO">${final_udid} = P31824AA70363</msg>
<var>${final_udid}</var>
<doc>Retorna o UDID do dispositivo a ser usado na sessão Appium.</doc>
<status status="PASS" start="2026-05-14T22:47:39.347181" elapsed="0.009060"/>
</kw>
<status status="PASS" start="2026-05-14T22:47:39.347181" elapsed="0.009060"/>
</branch>
<branch type="ELSE">
<kw name="Set Variable" owner="BuiltIn">
<var>${final_udid}</var>
<arg>${udid}</arg>
<doc>Returns the given values which can then be assigned to a variables.</doc>
<status status="NOT RUN" start="2026-05-14T22:47:39.357250" elapsed="0.000000"/>
</kw>
<status status="NOT RUN" start="2026-05-14T22:47:39.357250" elapsed="0.000000"/>
</branch>
<status status="PASS" start="2026-05-14T22:47:39.347181" elapsed="0.010069"/>
</if>
<kw name="Set Suite Variable" owner="BuiltIn">
<msg time="2026-05-14T22:47:39.357250" level="INFO">${DEVICE_UDID} = P31824AA70363</msg>
<arg>${DEVICE_UDID}</arg>
<arg>${final_udid}</arg>
<doc>Makes a variable available everywhere within the scope of the current suite.</doc>
<status status="PASS" start="2026-05-14T22:47:39.357250" elapsed="0.000000"/>
</kw>
<kw name="Get Device Config" owner="devicesconfig">
<msg time="2026-05-14T22:47:39.357250" level="INFO">${config} = DeviceConfig(system_port=8210, appium_server='http://192.168.0.14:4723/wd/hub', app_package='softcom.mobile.smart2')</msg>
<var>${config}</var>
<arg>${device_tag}</arg>
<status status="PASS" start="2026-05-14T22:47:39.357250" elapsed="0.000000"/>
</kw>
<kw name="Log Action" owner="structured_logging">
<kw name="Get Current Date" owner="DateTime">
<msg time="2026-05-14T22:47:39.358252" level="INFO">${timestamp} = 2026-05-14 22:47:39</msg>
<var>${timestamp}</var>
<arg>result_format=%Y-%m-%d %H:%M:%S</arg>
<doc>Returns current local or UTC time with an optional increment.</doc>
<status status="PASS" start="2026-05-14T22:47:39.358252" elapsed="0.000000"/>
</kw>
<kw name="Evaluate" owner="BuiltIn">
<msg time="2026-05-14T22:47:39.359254" level="INFO">${extras} = udid=P31824AA70363 | tag=getnet_p3 | systemPort=8210 | appiumServer=http://192.168.0.14:4723/wd/hub</msg>
<var>${extras}</var>
<arg>' | '.join(f'{k}={v}' for k, v in $kwargs.items())</arg>
<doc>Evaluates the given expression in Python and returns the result.</doc>
<status status="PASS" start="2026-05-14T22:47:39.358252" elapsed="0.001002"/>
</kw>
<kw name="Set Variable If" owner="BuiltIn">
<msg time="2026-05-14T22:47:39.359254" level="INFO">${formatted} = [APP_CONNECT] Conectando ao dispositivo | udid=P31824AA70363 | tag=getnet_p3 | systemPort=8210 | appiumServer=http://192.168.0.14:4723/wd/hub | timestamp=2026-05-14 22:47:39</msg>
<var>${formatted}</var>
<arg>$extras</arg>
<arg>[${action.upper()}] ${message} | ${extras} | timestamp=${timestamp}</arg>
<arg>[${action.upper()}] ${message} | timestamp=${timestamp}</arg>
<doc>Sets variable based on the given condition.</doc>
<status status="PASS" start="2026-05-14T22:47:39.359254" elapsed="0.000000"/>
</kw>
<kw name="Log" owner="BuiltIn">
<msg time="2026-05-14T22:47:39.360257" level="INFO">[APP_CONNECT] Conectando ao dispositivo | udid=P31824AA70363 | tag=getnet_p3 | systemPort=8210 | appiumServer=http://192.168.0.14:4723/wd/hub | timestamp=2026-05-14 22:47:39</msg>
<arg>${formatted}</arg>
<arg>level=${level}</arg>
<doc>Logs the given message with the given level.</doc>
<status status="PASS" start="2026-05-14T22:47:39.360257" elapsed="0.000000"/>
</kw>
<arg>action=app_connect</arg>
<arg>message=Conectando ao dispositivo</arg>
<arg>udid=${final_udid}</arg>
<arg>tag=${device_tag}</arg>
<arg>systemPort=${config.system_port}</arg>
<arg>appiumServer=${config.appium_server}</arg>
<status status="PASS" start="2026-05-14T22:47:39.357250" elapsed="0.003007"/>
</kw>
<kw name="Open Application" owner="AppiumLibrary">
<arg>remote_url=${config.appium_server}</arg>
<arg>platformName=${platform_name}</arg>
<arg>automationName=${automation_name}</arg>
<arg>udid=${final_udid}</arg>
<arg>systemPort=${config.system_port}</arg>
<arg>deviceName=${device_tag}</arg>
<doc>Opens a new application to the given Appium server.
Capabilities of appium server, Android and iOS,
Please check https://appium.io/docs/en/2.19/guides/caps/
| *Option*            | *Man.* | *Description*     |
| remote_url          | Yes    | Appium server url |
| alias               | No     | alias             |</doc>
<status status="PASS" start="2026-05-14T22:47:39.360257" elapsed="6.983987"/>
</kw>
<doc>Abre a sessão Appium no dispositivo resolvido.
Conecta ao device sem lançar nem resetar o app — o app deve estar aberto em foreground.
Configurações de system_port e appium_server são lidas do devices.yaml via DevicesConfig.py.</doc>
<status status="PASS" start="2026-05-14T22:47:39.347181" elapsed="6.997063"/>
</kw>
<kw name="Clear Logcat" owner="logcatlibrary">
<doc>Clears the Android logcat buffer for the current device.</doc>
<status status="PASS" start="2026-05-14T22:47:46.344244" elapsed="0.210083"/>
</kw>
<kw name="Log Action" owner="structured_logging">
<kw name="Get Current Date" owner="DateTime">
<msg time="2026-05-14T22:47:46.555330" level="INFO">${timestamp} = 2026-05-14 22:47:46</msg>
<var>${timestamp}</var>
<arg>result_format=%Y-%m-%d %H:%M:%S</arg>
<doc>Returns current local or UTC time with an optional increment.</doc>
<status status="PASS" start="2026-05-14T22:47:46.555330" elapsed="0.000000"/>
</kw>
<kw name="Evaluate" owner="BuiltIn">
<msg time="2026-05-14T22:47:46.555330" level="INFO">${extras} = tag=getnet_p3</msg>
<var>${extras}</var>
<arg>' | '.join(f'{k}={v}' for k, v in $kwargs.items())</arg>
<doc>Evaluates the given expression in Python and returns the result.</doc>
<status status="PASS" start="2026-05-14T22:47:46.555330" elapsed="0.000000"/>
</kw>
<kw name="Set Variable If" owner="BuiltIn">
<msg time="2026-05-14T22:47:46.556339" level="INFO">${formatted} = [APP_OPEN] Aplicação aberta com sucesso | tag=getnet_p3 | timestamp=2026-05-14 22:47:46</msg>
<var>${formatted}</var>
<arg>$extras</arg>
<arg>[${action.upper()}] ${message} | ${extras} | timestamp=${timestamp}</arg>
<arg>[${action.upper()}] ${message} | timestamp=${timestamp}</arg>
<doc>Sets variable based on the given condition.</doc>
<status status="PASS" start="2026-05-14T22:47:46.555330" elapsed="0.001009"/>
</kw>
<kw name="Log" owner="BuiltIn">
<msg time="2026-05-14T22:47:46.556339" level="INFO">[APP_OPEN] Aplicação aberta com sucesso | tag=getnet_p3 | timestamp=2026-05-14 22:47:46</msg>
<arg>${formatted}</arg>
<arg>level=${level}</arg>
<doc>Logs the given message with the given level.</doc>
<status status="PASS" start="2026-05-14T22:47:46.556339" elapsed="0.000000"/>
</kw>
<arg>action=app_open</arg>
<arg>message=Aplicação aberta com sucesso</arg>
<arg>tag=${DEVICE_TAG}</arg>
<status status="PASS" start="2026-05-14T22:47:46.554327" elapsed="0.002012"/>
</kw>
<status status="PASS" start="2026-05-14T22:47:39.347181" elapsed="7.209158"/>
</branch>
<branch type="EXCEPT" assign="${error}">
<kw name="Log Action" owner="structured_logging">
<arg>action=app_open_failed</arg>
<arg>message=Falha ao abrir aplicação</arg>
<arg>error=${error}</arg>
<arg>level=ERROR</arg>
<status status="NOT RUN" start="2026-05-14T22:47:46.557526" elapsed="0.000000"/>
</kw>
<kw name="Fail" owner="BuiltIn">
<arg>Falha ao abrir a aplicação: ${error}</arg>
<doc>Fails the test with the given message and optionally alters its tags.</doc>
<status status="NOT RUN" start="2026-05-14T22:47:46.557526" elapsed="0.000000"/>
</kw>
<status status="NOT RUN" start="2026-05-14T22:47:46.556339" elapsed="0.001187"/>
</branch>
<status status="PASS" start="2026-05-14T22:47:39.347181" elapsed="7.210345"/>
</try>
<doc>Keyword de Test Setup — abre a aplicação e limpa o logcat.
Use via base_&lt;modulo&gt;.resource no Suite Setup ou Test Setup.</doc>
<status status="PASS" start="2026-05-14T22:47:39.347181" elapsed="7.210345"/>
</kw>
<doc>Setup padrão de suite — abre a aplicação e prepara o ambiente.
Use quando não há necessidade de setup específico por módulo.</doc>
<status status="PASS" start="2026-05-14T22:47:39.343172" elapsed="7.214354"/>
</kw>
<test id="s1-t1" name="PDV - Orders - Client Order" line="41">
<kw name="Test Setup Default" owner="setup" type="SETUP">
<kw name="Get Variable Value" owner="BuiltIn">
<msg time="2026-05-14T22:47:46.558528" level="INFO">${_ui_failed} = False</msg>
<var>${_ui_failed}</var>
<arg>${UI_FAILURE_DETECTED}</arg>
<arg>${FALSE}</arg>
<doc>Returns variable value or ``default`` if the variable does not exist.</doc>
<status status="PASS" start="2026-05-14T22:47:46.557526" elapsed="0.001002"/>
</kw>
<if>
<branch type="IF" condition="${_ui_failed}">
<kw name="Skip" owner="BuiltIn">
<arg>Teste ignorado: falha de UI detectada no teste anterior — o app pode estar em estado inválido.</arg>
<doc>Skips the rest of the current test.</doc>
<status status="NOT RUN" start="2026-05-14T22:47:46.558528" elapsed="0.000000"/>
</kw>
<status status="NOT RUN" start="2026-05-14T22:47:46.558528" elapsed="0.000000"/>
</branch>
<status status="PASS" start="2026-05-14T22:47:46.558528" elapsed="0.000000"/>
</if>
<kw name="Log Action" owner="structured_logging">
<kw name="Get Current Date" owner="DateTime">
<msg time="2026-05-14T22:47:46.558528" level="INFO">${timestamp} = 2026-05-14 22:47:46</msg>
<var>${timestamp}</var>
<arg>result_format=%Y-%m-%d %H:%M:%S</arg>
<doc>Returns current local or UTC time with an optional increment.</doc>
<status status="PASS" start="2026-05-14T22:47:46.558528" elapsed="0.000000"/>
</kw>
<kw name="Evaluate" owner="BuiltIn">
<msg time="2026-05-14T22:47:46.559531" level="INFO">${extras} = test=PDV - Orders - Client Order</msg>
<var>${extras}</var>
<arg>' | '.join(f'{k}={v}' for k, v in $kwargs.items())</arg>
<doc>Evaluates the given expression in Python and returns the result.</doc>
<status status="PASS" start="2026-05-14T22:47:46.558528" elapsed="0.001003"/>
</kw>
<kw name="Set Variable If" owner="BuiltIn">
<msg time="2026-05-14T22:47:46.560533" level="INFO">${formatted} = [TEST_START] Iniciando teste | test=PDV - Orders - Client Order | timestamp=2026-05-14 22:47:46</msg>
<var>${formatted}</var>
<arg>$extras</arg>
<arg>[${action.upper()}] ${message} | ${extras} | timestamp=${timestamp}</arg>
<arg>[${action.upper()}] ${message} | timestamp=${timestamp}</arg>
<doc>Sets variable based on the given condition.</doc>
<status status="PASS" start="2026-05-14T22:47:46.559531" elapsed="0.001002"/>
</kw>
<kw name="Log" owner="BuiltIn">
<msg time="2026-05-14T22:47:46.560533" level="INFO">[TEST_START] Iniciando teste | test=PDV - Orders - Client Order | timestamp=2026-05-14 22:47:46</msg>
<arg>${formatted}</arg>
<arg>level=${level}</arg>
<doc>Logs the given message with the given level.</doc>
<status status="PASS" start="2026-05-14T22:47:46.560533" elapsed="0.000000"/>
</kw>
<arg>action=test_start</arg>
<arg>message=Iniciando teste</arg>
<arg>test=${TEST_NAME}</arg>
<status status="PASS" start="2026-05-14T22:47:46.558528" elapsed="0.002005"/>
</kw>
<doc>Setup padrão de teste — registra início do caso de teste no log.
Ignora o teste automaticamente se uma falha de UI foi detectada no teste anterior,
evitando falhas em cadeia por estado inválido da interface.</doc>
<status status="PASS" start="2026-05-14T22:47:46.557526" elapsed="0.003007"/>
</kw>
<kw name="Pdv - Navigate To Client Order" owner="pdv_navigation">
<kw name="Pdv - Navigate To Clients" owner="pdv_navigation">
<kw name="Pdv - Home - Click Clients" owner="home_page">
<kw name="Wait Visible And Click Element" owner="common_keywords">
<kw name="Run With Screenshot On Failure" owner="common_keywords">
<try>
<branch type="TRY">
<kw name="Run Keyword" owner="BuiltIn">
<kw name="_Do Wait Visible And Click Element" owner="common_keywords">
<kw name="Wait Until Element Is Visible" owner="AppiumLibrary">
<msg time="2026-05-14T22:47:47.717607" level="INFO">xpath criteria: //android.widget.TextView[@resource-id="HomeOptionText_0"]</msg>
<arg>${locator}</arg>
<arg>timeout=${timeout}</arg>
<doc>Waits until the element specified by the ``locator`` is visible.</doc>
<status status="PASS" start="2026-05-14T22:47:46.563793" elapsed="1.153814"/>
</kw>
<kw name="Click Element" owner="AppiumLibrary">
<msg time="2026-05-14T22:47:47.719110" level="INFO">Clicking element '//android.widget.TextView[@resource-id="HomeOptionText_0"]'.</msg>
<msg time="2026-05-14T22:47:48.598462" level="INFO">xpath criteria: //android.widget.TextView[@resource-id="HomeOptionText_0"]</msg>
<arg>${locator}</arg>
<doc>Clicks the element identified by ``locator``.</doc>
<status status="PASS" start="2026-05-14T22:47:47.717607" elapsed="0.880855"/>
</kw>
<arg>@{args}</arg>
<status status="PASS" start="2026-05-14T22:47:46.562790" elapsed="2.035672"/>
</kw>
<arg>${keyword_name}</arg>
<arg>@{args}</arg>
<doc>Executes the given keyword with the given arguments.</doc>
<status status="PASS" start="2026-05-14T22:47:46.562790" elapsed="2.035672"/>
</kw>
<status status="PASS" start="2026-05-14T22:47:46.562790" elapsed="2.035672"/>
</branch>
<branch type="EXCEPT" assign="${error}">
<kw name="Capture Page Screenshot" owner="AppiumLibrary">
<arg>${SCREENSHOT_DIR}/${screenshot_suffix}_${TEST_NAME}.png</arg>
<doc>Takes a screenshot of the current page and embeds it into the log.</doc>
<status status="NOT RUN" start="2026-05-14T22:47:48.598462" elapsed="0.000000"/>
</kw>
<kw name="Fail" owner="BuiltIn">
<arg>${error_message}: ${error}</arg>
<doc>Fails the test with the given message and optionally alters its tags.</doc>
<status status="NOT RUN" start="2026-05-14T22:47:48.598462" elapsed="0.000000"/>
</kw>
<status status="NOT RUN" start="2026-05-14T22:47:48.598462" elapsed="0.001010"/>
</branch>
<status status="PASS" start="2026-05-14T22:47:46.562790" elapsed="2.036682"/>
</try>
<arg>_Do Wait Visible And Click Element</arg>
<arg>click_error</arg>
<arg>Erro ao clicar no elemento '${locator}'</arg>
<arg>${locator}</arg>
<arg>${timeout}</arg>
<doc>Executa uma keyword e, em caso de falha, captura screenshot e relança o erro.
Centraliza o padrão TRY/EXCEPT do projeto — todas as keywords públicas
deste arquivo delegam sua lógica real a uma keyword _Do via este wrapper.</doc>
<status status="PASS" start="2026-05-14T22:47:46.562790" elapsed="2.036682"/>
</kw>
<arg>${home.clients}</arg>
<doc>Aguarda o elemento ficar visível e clica nele.
Aceita timeout customizável — substitui Wait And Click Element.</doc>
<status status="PASS" start="2026-05-14T22:47:46.561535" elapsed="2.037937"/>
</kw>
<status status="PASS" start="2026-05-14T22:47:46.560533" elapsed="2.038939"/>
</kw>
<doc>Navega da tela inicial para o cadastro de clientes.</doc>
<status status="PASS" start="2026-05-14T22:47:46.560533" elapsed="2.038939"/>
</kw>
<kw name="Pdv - Clients - Input Search" owner="clients_page">
<kw name="Wait Visible And Input Text" owner="common_keywords">
<kw name="Run With Screenshot On Failure" owner="common_keywords">
<try>
<branch type="TRY">
<kw name="Run Keyword" owner="BuiltIn">
<kw name="_Do Wait Visible And Input Text" owner="common_keywords">
<kw name="Wait Visible And Click Element" owner="common_keywords">
<kw name="Run With Screenshot On Failure" owner="common_keywords">
<try>
<branch type="TRY">
<kw name="Run Keyword" owner="BuiltIn">
<kw name="_Do Wait Visible And Click Element" owner="common_keywords">
<kw name="Wait Until Element Is Visible" owner="AppiumLibrary">
<msg time="2026-05-14T22:47:49.253765" level="INFO">xpath criteria: //android.widget.EditText</msg>
<arg>${locator}</arg>
<arg>timeout=${timeout}</arg>
<doc>Waits until the element specified by the ``locator`` is visible.</doc>
<status status="PASS" start="2026-05-14T22:47:48.603487" elapsed="0.650278"/>
</kw>
<kw name="Click Element" owner="AppiumLibrary">
<msg time="2026-05-14T22:47:49.254768" level="INFO">Clicking element '//android.widget.EditText'.</msg>
<msg time="2026-05-14T22:47:50.339970" level="INFO">xpath criteria: //android.widget.EditText</msg>
<arg>${locator}</arg>
<doc>Clicks the element identified by ``locator``.</doc>
<status status="PASS" start="2026-05-14T22:47:49.253765" elapsed="1.087332"/>
</kw>
<arg>@{args}</arg>
<status status="PASS" start="2026-05-14T22:47:48.602485" elapsed="1.738612"/>
</kw>
<arg>${keyword_name}</arg>
<arg>@{args}</arg>
<doc>Executes the given keyword with the given arguments.</doc>
<status status="PASS" start="2026-05-14T22:47:48.602485" elapsed="1.738612"/>
</kw>
<status status="PASS" start="2026-05-14T22:47:48.602485" elapsed="1.738612"/>
</branch>
<branch type="EXCEPT" assign="${error}">
<kw name="Capture Page Screenshot" owner="AppiumLibrary">
<arg>${SCREENSHOT_DIR}/${screenshot_suffix}_${TEST_NAME}.png</arg>
<doc>Takes a screenshot of the current page and embeds it into the log.</doc>
<status status="NOT RUN" start="2026-05-14T22:47:50.341097" elapsed="0.000000"/>
</kw>
<kw name="Fail" owner="BuiltIn">
<arg>${error_message}: ${error}</arg>
<doc>Fails the test with the given message and optionally alters its tags.</doc>
<status status="NOT RUN" start="2026-05-14T22:47:50.341097" elapsed="0.000000"/>
</kw>
<status status="NOT RUN" start="2026-05-14T22:47:50.341097" elapsed="0.000000"/>
</branch>
<status status="PASS" start="2026-05-14T22:47:48.602485" elapsed="1.738612"/>
</try>
<arg>_Do Wait Visible And Click Element</arg>
<arg>click_error</arg>
<arg>Erro ao clicar no elemento '${locator}'</arg>
<arg>${locator}</arg>
<arg>${timeout}</arg>
<doc>Executa uma keyword e, em caso de falha, captura screenshot e relança o erro.
Centraliza o padrão TRY/EXCEPT do projeto — todas as keywords públicas
deste arquivo delegam sua lógica real a uma keyword _Do via este wrapper.</doc>
<status status="PASS" start="2026-05-14T22:47:48.602485" elapsed="1.738612"/>
</kw>
<arg>${locator}</arg>
<doc>Aguarda o elemento ficar visível e clica nele.
Aceita timeout customizável — substitui Wait And Click Element.</doc>
<status status="PASS" start="2026-05-14T22:47:48.601481" elapsed="1.739616"/>
</kw>
<kw name="Input Text" owner="AppiumLibrary">
<msg time="2026-05-14T22:47:50.343114" level="INFO">Typing text 'Client_Credit' into text field '//android.widget.EditText'</msg>
<msg time="2026-05-14T22:47:50.575718" level="INFO">xpath criteria: //android.widget.EditText</msg>
<arg>${locator}</arg>
<arg>${text}</arg>
<doc>Types the given ``text`` into the text field identified by ``locator``.</doc>
<status status="PASS" start="2026-05-14T22:47:50.341097" elapsed="0.235622"/>
</kw>
<arg>@{args}</arg>
<status status="PASS" start="2026-05-14T22:47:48.601481" elapsed="1.975238"/>
</kw>
<arg>${keyword_name}</arg>
<arg>@{args}</arg>
<doc>Executes the given keyword with the given arguments.</doc>
<status status="PASS" start="2026-05-14T22:47:48.600477" elapsed="1.976242"/>
</kw>
<status status="PASS" start="2026-05-14T22:47:48.600477" elapsed="1.976242"/>
</branch>
<branch type="EXCEPT" assign="${error}">
<kw name="Capture Page Screenshot" owner="AppiumLibrary">
<arg>${SCREENSHOT_DIR}/${screenshot_suffix}_${TEST_NAME}.png</arg>
<doc>Takes a screenshot of the current page and embeds it into the log.</doc>
<status status="NOT RUN" start="2026-05-14T22:47:50.576719" elapsed="0.000000"/>
</kw>
<kw name="Fail" owner="BuiltIn">
<arg>${error_message}: ${error}</arg>
<doc>Fails the test with the given message and optionally alters its tags.</doc>
<status status="NOT RUN" start="2026-05-14T22:47:50.576719" elapsed="0.000000"/>
</kw>
<status status="NOT RUN" start="2026-05-14T22:47:50.576719" elapsed="0.000000"/>
</branch>
<status status="PASS" start="2026-05-14T22:47:48.600477" elapsed="1.976242"/>
</try>
<arg>_Do Wait Visible And Input Text</arg>
<arg>input_error</arg>
<arg>Erro ao inserir texto no elemento '${locator}'</arg>
<arg>${locator}</arg>
<arg>${text}</arg>
<doc>Executa uma keyword e, em caso de falha, captura screenshot e relança o erro.
Centraliza o padrão TRY/EXCEPT do projeto — todas as keywords públicas
deste arquivo delegam sua lógica real a uma keyword _Do via este wrapper.</doc>
<status status="PASS" start="2026-05-14T22:47:48.600477" elapsed="1.976242"/>
</kw>
<arg>${clients.search_client}</arg>
<arg>${name}</arg>
<doc>Aguarda o elemento ficar visível, clica e insere o texto.</doc>
<status status="PASS" start="2026-05-14T22:47:48.599472" elapsed="1.977247"/>
</kw>
<kw name="Close Keyboard" owner="common_keywords">
<try>
<branch type="TRY">
<if>
<branch type="IF" condition="'${DEVICE_TAG}' != ''">
<kw name="Set Variable" owner="BuiltIn">
<msg time="2026-05-14T22:47:50.577722" level="INFO">${tag} = getnet_p3</msg>
<var>${tag}</var>
<arg>${DEVICE_TAG}</arg>
<doc>Returns the given values which can then be assigned to a variables.</doc>
<status status="PASS" start="2026-05-14T22:47:50.577722" elapsed="0.000000"/>
</kw>
<status status="PASS" start="2026-05-14T22:47:50.577722" elapsed="0.000000"/>
</branch>
<branch type="ELSE">
<kw name="Get Tag From Udid" owner="devicesconfig">
<var>${tag}</var>
<arg>${DEVICE_UDID}</arg>
<status status="NOT RUN" start="2026-05-14T22:47:50.577722" elapsed="0.000000"/>
</kw>
<status status="NOT RUN" start="2026-05-14T22:47:50.577722" elapsed="0.000000"/>
</branch>
<status status="PASS" start="2026-05-14T22:47:50.577722" elapsed="0.000000"/>
</if>
<kw name="Convert To Lower Case" owner="String">
<msg time="2026-05-14T22:47:50.577722" level="INFO">${tag_lower} = getnet_p3</msg>
<var>${tag_lower}</var>
<arg>${tag}</arg>
<doc>Converts string to lower case.</doc>
<status status="PASS" start="2026-05-14T22:47:50.577722" elapsed="0.000000"/>
</kw>
<kw name="Get Keyboard Close Method" owner="devicesconfig">
<msg time="2026-05-14T22:47:50.584231" level="INFO">${method} = back</msg>
<var>${method}</var>
<arg>${tag_lower}</arg>
<status status="PASS" start="2026-05-14T22:47:50.577722" elapsed="0.006509"/>
</kw>
<if>
<branch type="IF" condition="'${method}' == 'back'">
<kw name="Press Keycode" owner="AppiumLibrary">
<arg>4</arg>
<doc>Sends a press of ``keycode`` to the device.</doc>
<status status="PASS" start="2026-05-14T22:47:50.584231" elapsed="0.087669"/>
</kw>
<status status="PASS" start="2026-05-14T22:47:50.584231" elapsed="0.087669"/>
</branch>
<branch type="ELSE">
<kw name="Hide Keyboard" owner="AppiumLibrary">
<doc>Hides the software keyboard on the device if it is currently visible.</doc>
<status status="NOT RUN" start="2026-05-14T22:47:50.671900" elapsed="0.000000"/>
</kw>
<status status="NOT RUN" start="2026-05-14T22:47:50.671900" elapsed="0.000000"/>
</branch>
<status status="PASS" start="2026-05-14T22:47:50.584231" elapsed="0.087669"/>
</if>
<kw name="Log Action" owner="structured_logging">
<kw name="Get Current Date" owner="DateTime">
<msg time="2026-05-14T22:47:50.672902" level="INFO">${timestamp} = 2026-05-14 22:47:50</msg>
<var>${timestamp}</var>
<arg>result_format=%Y-%m-%d %H:%M:%S</arg>
<doc>Returns current local or UTC time with an optional increment.</doc>
<status status="PASS" start="2026-05-14T22:47:50.672902" elapsed="0.000000"/>
</kw>
<kw name="Evaluate" owner="BuiltIn">
<msg time="2026-05-14T22:47:50.673905" level="INFO">${extras} = device=getnet_p3 | method=back</msg>
<var>${extras}</var>
<arg>' | '.join(f'{k}={v}' for k, v in $kwargs.items())</arg>
<doc>Evaluates the given expression in Python and returns the result.</doc>
<status status="PASS" start="2026-05-14T22:47:50.672902" elapsed="0.001003"/>
</kw>
<kw name="Set Variable If" owner="BuiltIn">
<msg time="2026-05-14T22:47:50.673905" level="INFO">${formatted} = [KEYBOARD_CLOSE] Teclado fechado | device=getnet_p3 | method=back | timestamp=2026-05-14 22:47:50</msg>
<var>${formatted}</var>
<arg>$extras</arg>
<arg>[${action.upper()}] ${message} | ${extras} | timestamp=${timestamp}</arg>
<arg>[${action.upper()}] ${message} | timestamp=${timestamp}</arg>
<doc>Sets variable based on the given condition.</doc>
<status status="PASS" start="2026-05-14T22:47:50.673905" elapsed="0.000000"/>
</kw>
<kw name="Log" owner="BuiltIn">
<msg time="2026-05-14T22:47:50.674907" level="INFO">[KEYBOARD_CLOSE] Teclado fechado | device=getnet_p3 | method=back | timestamp=2026-05-14 22:47:50</msg>
<arg>${formatted}</arg>
<arg>level=${level}</arg>
<doc>Logs the given message with the given level.</doc>
<status status="PASS" start="2026-05-14T22:47:50.673905" elapsed="0.001002"/>
</kw>
<arg>action=keyboard_close</arg>
<arg>message=Teclado fechado</arg>
<arg>device=${tag_lower}</arg>
<arg>method=${method}</arg>
<status status="PASS" start="2026-05-14T22:47:50.672902" elapsed="0.002005"/>
</kw>
<status status="PASS" start="2026-05-14T22:47:50.577722" elapsed="0.097185"/>
</branch>
<branch type="EXCEPT" assign="${error}">
<kw name="Log Action" owner="structured_logging">
<arg>action=keyboard_close_fallback</arg>
<arg>message=Fallback Hide Keyboard aplicado</arg>
<arg>error=${error}</arg>
<arg>level=WARN</arg>
<status status="NOT RUN" start="2026-05-14T22:47:50.674907" elapsed="0.000000"/>
</kw>
<kw name="Hide Keyboard" owner="AppiumLibrary">
<doc>Hides the software keyboard on the device if it is currently visible.</doc>
<status status="NOT RUN" start="2026-05-14T22:47:50.674907" elapsed="0.000000"/>
</kw>
<status status="NOT RUN" start="2026-05-14T22:47:50.674907" elapsed="0.000000"/>
</branch>
<status status="PASS" start="2026-05-14T22:47:50.576719" elapsed="0.098188"/>
</try>
<doc>Fecha o teclado de forma segura.
O método (back/hide) é lido do devices.yaml para cada tag via DevicesConfig.
- back: envia keycode 4 (botão voltar Android)
- hide: chama Hide Keyboard do AppiumLibrary
Em caso de falha inesperada, aplica Hide Keyboard como fallback.</doc>
<status status="PASS" start="2026-05-14T22:47:50.576719" elapsed="0.098188"/>
</kw>
<arg>Client_Credit</arg>
<status status="PASS" start="2026-05-14T22:47:48.599472" elapsed="2.075435"/>
</kw>
<kw name="Pdv - Clients - Click Client 1" owner="clients_page">
<kw name="Wait Visible And Click Element" owner="common_keywords">
<kw name="Run With Screenshot On Failure" owner="common_keywords">
<try>
<branch type="TRY">
<kw name="Run Keyword" owner="BuiltIn">
<kw name="_Do Wait Visible And Click Element" owner="common_keywords">
<kw name="Wait Until Element Is Visible" owner="AppiumLibrary">
<msg time="2026-05-14T22:47:51.387353" level="INFO">xpath criteria: //android.widget.TextView[@text="Client_Credit"]</msg>
<arg>${locator}</arg>
<arg>timeout=${timeout}</arg>
<doc>Waits until the element specified by the ``locator`` is visible.</doc>
<status status="PASS" start="2026-05-14T22:47:50.677118" elapsed="0.710235"/>
</kw>
<kw name="Click Element" owner="AppiumLibrary">
<msg time="2026-05-14T22:47:51.388357" level="INFO">Clicking element '//android.widget.TextView[@text="Client_Credit"]'.</msg>
<msg time="2026-05-14T22:47:51.596867" level="INFO">xpath criteria: //android.widget.TextView[@text="Client_Credit"]</msg>
<arg>${locator}</arg>
<doc>Clicks the element identified by ``locator``.</doc>
<status status="PASS" start="2026-05-14T22:47:51.387353" elapsed="0.209514"/>
</kw>
<arg>@{args}</arg>
<status status="PASS" start="2026-05-14T22:47:50.677118" elapsed="0.920749"/>
</kw>
<arg>${keyword_name}</arg>
<arg>@{args}</arg>
<doc>Executes the given keyword with the given arguments.</doc>
<status status="PASS" start="2026-05-14T22:47:50.677118" elapsed="0.920749"/>
</kw>
<status status="PASS" start="2026-05-14T22:47:50.675968" elapsed="0.921899"/>
</branch>
<branch type="EXCEPT" assign="${error}">
<kw name="Capture Page Screenshot" owner="AppiumLibrary">
<arg>${SCREENSHOT_DIR}/${screenshot_suffix}_${TEST_NAME}.png</arg>
<doc>Takes a screenshot of the current page and embeds it into the log.</doc>
<status status="NOT RUN" start="2026-05-14T22:47:51.597867" elapsed="0.000000"/>
</kw>
<kw name="Fail" owner="BuiltIn">
<arg>${error_message}: ${error}</arg>
<doc>Fails the test with the given message and optionally alters its tags.</doc>
<status status="NOT RUN" start="2026-05-14T22:47:51.597867" elapsed="0.000000"/>
</kw>
<status status="NOT RUN" start="2026-05-14T22:47:51.597867" elapsed="0.000000"/>
</branch>
<status status="PASS" start="2026-05-14T22:47:50.675968" elapsed="0.921899"/>
</try>
<arg>_Do Wait Visible And Click Element</arg>
<arg>click_error</arg>
<arg>Erro ao clicar no elemento '${locator}'</arg>
<arg>${locator}</arg>
<arg>${timeout}</arg>
<doc>Executa uma keyword e, em caso de falha, captura screenshot e relança o erro.
Centraliza o padrão TRY/EXCEPT do projeto — todas as keywords públicas
deste arquivo delegam sua lógica real a uma keyword _Do via este wrapper.</doc>
<status status="PASS" start="2026-05-14T22:47:50.675968" elapsed="0.921899"/>
</kw>
<arg>${clients.client1}</arg>
<doc>Aguarda o elemento ficar visível e clica nele.
Aceita timeout customizável — substitui Wait And Click Element.</doc>
<status status="PASS" start="2026-05-14T22:47:50.674907" elapsed="0.922960"/>
</kw>
<status status="PASS" start="2026-05-14T22:47:50.674907" elapsed="0.922960"/>
</kw>
<kw name="Pdv - Clients - Click New Order Client" owner="clients_page">
<kw name="Wait Visible And Click Element" owner="common_keywords">
<kw name="Run With Screenshot On Failure" owner="common_keywords">
<try>
<branch type="TRY">
<kw name="Run Keyword" owner="BuiltIn">
<kw name="_Do Wait Visible And Click Element" owner="common_keywords">
<kw name="Wait Until Element Is Visible" owner="AppiumLibrary">
<msg time="2026-05-14T22:47:52.815350" level="INFO">xpath criteria: //android.widget.TextView[@text="Iniciar Venda"]
xpath criteria: //android.widget.TextView[@text="Iniciar Venda"]</msg>
<arg>${locator}</arg>
<arg>timeout=${timeout}</arg>
<doc>Waits until the element specified by the ``locator`` is visible.</doc>
<status status="PASS" start="2026-05-14T22:47:51.600102" elapsed="1.215248"/>
</kw>
<kw name="Click Element" owner="AppiumLibrary">
<msg time="2026-05-14T22:47:52.818357" level="INFO">Clicking element '//android.widget.TextView[@text="Iniciar Venda"]'.</msg>
<msg time="2026-05-14T22:47:53.781031" level="INFO">xpath criteria: //android.widget.TextView[@text="Iniciar Venda"]</msg>
<arg>${locator}</arg>
<doc>Clicks the element identified by ``locator``.</doc>
<status status="PASS" start="2026-05-14T22:47:52.816352" elapsed="0.964679"/>
</kw>
<arg>@{args}</arg>
<status status="PASS" start="2026-05-14T22:47:51.600102" elapsed="2.180929"/>
</kw>
<arg>${keyword_name}</arg>
<arg>@{args}</arg>
<doc>Executes the given keyword with the given arguments.</doc>
<status status="PASS" start="2026-05-14T22:47:51.600102" elapsed="2.180929"/>
</kw>
<status status="PASS" start="2026-05-14T22:47:51.600102" elapsed="2.180929"/>
</branch>
<branch type="EXCEPT" assign="${error}">
<kw name="Capture Page Screenshot" owner="AppiumLibrary">
<arg>${SCREENSHOT_DIR}/${screenshot_suffix}_${TEST_NAME}.png</arg>
<doc>Takes a screenshot of the current page and embeds it into the log.</doc>
<status status="NOT RUN" start="2026-05-14T22:47:53.781031" elapsed="0.000000"/>
</kw>
<kw name="Fail" owner="BuiltIn">
<arg>${error_message}: ${error}</arg>
<doc>Fails the test with the given message and optionally alters its tags.</doc>
<status status="NOT RUN" start="2026-05-14T22:47:53.781031" elapsed="0.000000"/>
</kw>
<status status="NOT RUN" start="2026-05-14T22:47:53.781031" elapsed="0.000000"/>
</branch>
<status status="PASS" start="2026-05-14T22:47:51.600102" elapsed="2.180929"/>
</try>
<arg>_Do Wait Visible And Click Element</arg>
<arg>click_error</arg>
<arg>Erro ao clicar no elemento '${locator}'</arg>
<arg>${locator}</arg>
<arg>${timeout}</arg>
<doc>Executa uma keyword e, em caso de falha, captura screenshot e relança o erro.
Centraliza o padrão TRY/EXCEPT do projeto — todas as keywords públicas
deste arquivo delegam sua lógica real a uma keyword _Do via este wrapper.</doc>
<status status="PASS" start="2026-05-14T22:47:51.600102" elapsed="2.180929"/>
</kw>
<arg>${clients.new_order_client}</arg>
<doc>Aguarda o elemento ficar visível e clica nele.
Aceita timeout customizável — substitui Wait And Click Element.</doc>
<status status="PASS" start="2026-05-14T22:47:51.598975" elapsed="2.182056"/>
</kw>
<status status="PASS" start="2026-05-14T22:47:51.597867" elapsed="2.183164"/>
</kw>
<kw name="Pdv - Orders - Click Item" owner="orders_page">
<kw name="Wait Visible And Click Element" owner="common_keywords">
<kw name="Run With Screenshot On Failure" owner="common_keywords">
<try>
<branch type="TRY">
<kw name="Run Keyword" owner="BuiltIn">
<kw name="_Do Wait Visible And Click Element" owner="common_keywords">
<kw name="Wait Until Element Is Visible" owner="AppiumLibrary">
<msg time="2026-05-14T22:47:54.081034" level="INFO">xpath criteria: //android.view.View[@content-desc="Item_primary"]</msg>
<arg>${locator}</arg>
<arg>timeout=${timeout}</arg>
<doc>Waits until the element specified by the ``locator`` is visible.</doc>
<status status="PASS" start="2026-05-14T22:47:53.784040" elapsed="0.296994"/>
</kw>
<kw name="Click Element" owner="AppiumLibrary">
<msg time="2026-05-14T22:47:54.083038" level="INFO">Clicking element '//android.view.View[@content-desc="Item_primary"]'.</msg>
<msg time="2026-05-14T22:47:54.377210" level="INFO">xpath criteria: //android.view.View[@content-desc="Item_primary"]</msg>
<arg>${locator}</arg>
<doc>Clicks the element identified by ``locator``.</doc>
<status status="PASS" start="2026-05-14T22:47:54.081034" elapsed="0.296176"/>
</kw>
<arg>@{args}</arg>
<status status="PASS" start="2026-05-14T22:47:53.784040" elapsed="0.593170"/>
</kw>
<arg>${keyword_name}</arg>
<arg>@{args}</arg>
<doc>Executes the given keyword with the given arguments.</doc>
<status status="PASS" start="2026-05-14T22:47:53.783038" elapsed="0.594172"/>
</kw>
<status status="PASS" start="2026-05-14T22:47:53.783038" elapsed="0.594172"/>
</branch>
<branch type="EXCEPT" assign="${error}">
<kw name="Capture Page Screenshot" owner="AppiumLibrary">
<arg>${SCREENSHOT_DIR}/${screenshot_suffix}_${TEST_NAME}.png</arg>
<doc>Takes a screenshot of the current page and embeds it into the log.</doc>
<status status="NOT RUN" start="2026-05-14T22:47:54.377210" elapsed="0.000000"/>
</kw>
<kw name="Fail" owner="BuiltIn">
<arg>${error_message}: ${error}</arg>
<doc>Fails the test with the given message and optionally alters its tags.</doc>
<status status="NOT RUN" start="2026-05-14T22:47:54.378255" elapsed="0.000000"/>
</kw>
<status status="NOT RUN" start="2026-05-14T22:47:54.377210" elapsed="0.001045"/>
</branch>
<status status="PASS" start="2026-05-14T22:47:53.783038" elapsed="0.595217"/>
</try>
<arg>_Do Wait Visible And Click Element</arg>
<arg>click_error</arg>
<arg>Erro ao clicar no elemento '${locator}'</arg>
<arg>${locator}</arg>
<arg>${timeout}</arg>
<doc>Executa uma keyword e, em caso de falha, captura screenshot e relança o erro.
Centraliza o padrão TRY/EXCEPT do projeto — todas as keywords públicas
deste arquivo delegam sua lógica real a uma keyword _Do via este wrapper.</doc>
<status status="PASS" start="2026-05-14T22:47:53.783038" elapsed="0.595217"/>
</kw>
<arg>${orders.item}</arg>
<doc>Aguarda o elemento ficar visível e clica nele.
Aceita timeout customizável — substitui Wait And Click Element.</doc>
<status status="PASS" start="2026-05-14T22:47:53.782033" elapsed="0.596222"/>
</kw>
<status status="PASS" start="2026-05-14T22:47:53.782033" elapsed="0.596222"/>
</kw>
<kw name="Pdv - Orders - Click Conference" owner="orders_page">
<kw name="Wait Visible And Click Element" owner="common_keywords">
<kw name="Run With Screenshot On Failure" owner="common_keywords">
<try>
<branch type="TRY">
<kw name="Run Keyword" owner="BuiltIn">
<kw name="_Do Wait Visible And Click Element" owner="common_keywords">
<kw name="Wait Until Element Is Visible" owner="AppiumLibrary">
<msg time="2026-05-14T22:47:54.639632" level="INFO">xpath criteria: //android.widget.TextView[@resource-id="CheckoutFooterText_0"]</msg>
<arg>${locator}</arg>
<arg>timeout=${timeout}</arg>
<doc>Waits until the element specified by the ``locator`` is visible.</doc>
<status status="PASS" start="2026-05-14T22:47:54.380299" elapsed="0.259333"/>
</kw>
<kw name="Click Element" owner="AppiumLibrary">
<msg time="2026-05-14T22:47:54.641647" level="INFO">Clicking element '//android.widget.TextView[@resource-id="CheckoutFooterText_0"]'.</msg>
<msg time="2026-05-14T22:47:55.712244" level="INFO">xpath criteria: //android.widget.TextView[@resource-id="CheckoutFooterText_0"]</msg>
<arg>${locator}</arg>
<doc>Clicks the element identified by ``locator``.</doc>
<status status="PASS" start="2026-05-14T22:47:54.639632" elapsed="1.073623"/>
</kw>
<arg>@{args}</arg>
<status status="PASS" start="2026-05-14T22:47:54.380299" elapsed="1.332956"/>
</kw>
<arg>${keyword_name}</arg>
<arg>@{args}</arg>
<doc>Executes the given keyword with the given arguments.</doc>
<status status="PASS" start="2026-05-14T22:47:54.380299" elapsed="1.332956"/>
</kw>
<status status="PASS" start="2026-05-14T22:47:54.380299" elapsed="1.332956"/>
</branch>
<branch type="EXCEPT" assign="${error}">
<kw name="Capture Page Screenshot" owner="AppiumLibrary">
<arg>${SCREENSHOT_DIR}/${screenshot_suffix}_${TEST_NAME}.png</arg>
<doc>Takes a screenshot of the current page and embeds it into the log.</doc>
<status status="NOT RUN" start="2026-05-14T22:47:55.713255" elapsed="0.000000"/>
</kw>
<kw name="Fail" owner="BuiltIn">
<arg>${error_message}: ${error}</arg>
<doc>Fails the test with the given message and optionally alters its tags.</doc>
<status status="NOT RUN" start="2026-05-14T22:47:55.713255" elapsed="0.000000"/>
</kw>
<status status="NOT RUN" start="2026-05-14T22:47:55.713255" elapsed="0.000000"/>
</branch>
<status status="PASS" start="2026-05-14T22:47:54.380299" elapsed="1.332956"/>
</try>
<arg>_Do Wait Visible And Click Element</arg>
<arg>click_error</arg>
<arg>Erro ao clicar no elemento '${locator}'</arg>
<arg>${locator}</arg>
<arg>${timeout}</arg>
<doc>Executa uma keyword e, em caso de falha, captura screenshot e relança o erro.
Centraliza o padrão TRY/EXCEPT do projeto — todas as keywords públicas
deste arquivo delegam sua lógica real a uma keyword _Do via este wrapper.</doc>
<status status="PASS" start="2026-05-14T22:47:54.380299" elapsed="1.332956"/>
</kw>
<arg>${orders.conference}</arg>
<doc>Aguarda o elemento ficar visível e clica nele.
Aceita timeout customizável — substitui Wait And Click Element.</doc>
<status status="PASS" start="2026-05-14T22:47:54.378255" elapsed="1.335000"/>
</kw>
<status status="PASS" start="2026-05-14T22:47:54.378255" elapsed="1.335000"/>
</kw>
<kw name="Pdv - Orders - Click Finalize Order" owner="orders_page">
<kw name="Wait Visible And Click Element" owner="common_keywords">
<kw name="Run With Screenshot On Failure" owner="common_keywords">
<try>
<branch type="TRY">
<kw name="Run Keyword" owner="BuiltIn">
<kw name="_Do Wait Visible And Click Element" owner="common_keywords">
<kw name="Wait Until Element Is Visible" owner="AppiumLibrary">
<msg time="2026-05-14T22:47:55.871633" level="INFO">xpath criteria: //android.widget.TextView[@resource-id="CarrinhoItensText_1"]</msg>
<arg>${locator}</arg>
<arg>timeout=${timeout}</arg>
<doc>Waits until the element specified by the ``locator`` is visible.</doc>
<status status="PASS" start="2026-05-14T22:47:55.715488" elapsed="0.156145"/>
</kw>
<kw name="Click Element" owner="AppiumLibrary">
<msg time="2026-05-14T22:47:55.874639" level="INFO">Clicking element '//android.widget.TextView[@resource-id="CarrinhoItensText_1"]'.</msg>
<msg time="2026-05-14T22:47:56.922369" level="INFO">xpath criteria: //android.widget.TextView[@resource-id="CarrinhoItensText_1"]</msg>
<arg>${locator}</arg>
<doc>Clicks the element identified by ``locator``.</doc>
<status status="PASS" start="2026-05-14T22:47:55.872635" elapsed="1.049734"/>
</kw>
<arg>@{args}</arg>
<status status="PASS" start="2026-05-14T22:47:55.715488" elapsed="1.206881"/>
</kw>
<arg>${keyword_name}</arg>
<arg>@{args}</arg>
<doc>Executes the given keyword with the given arguments.</doc>
<status status="PASS" start="2026-05-14T22:47:55.715488" elapsed="1.207889"/>
</kw>
<status status="PASS" start="2026-05-14T22:47:55.715488" elapsed="1.207889"/>
</branch>
<branch type="EXCEPT" assign="${error}">
<kw name="Capture Page Screenshot" owner="AppiumLibrary">
<arg>${SCREENSHOT_DIR}/${screenshot_suffix}_${TEST_NAME}.png</arg>
<doc>Takes a screenshot of the current page and embeds it into the log.</doc>
<status status="NOT RUN" start="2026-05-14T22:47:56.923377" elapsed="0.000000"/>
</kw>
<kw name="Fail" owner="BuiltIn">
<arg>${error_message}: ${error}</arg>
<doc>Fails the test with the given message and optionally alters its tags.</doc>
<status status="NOT RUN" start="2026-05-14T22:47:56.923377" elapsed="0.000000"/>
</kw>
<status status="NOT RUN" start="2026-05-14T22:47:56.923377" elapsed="0.000000"/>
</branch>
<status status="PASS" start="2026-05-14T22:47:55.715488" elapsed="1.207889"/>
</try>
<arg>_Do Wait Visible And Click Element</arg>
<arg>click_error</arg>
<arg>Erro ao clicar no elemento '${locator}'</arg>
<arg>${locator}</arg>
<arg>${timeout}</arg>
<doc>Executa uma keyword e, em caso de falha, captura screenshot e relança o erro.
Centraliza o padrão TRY/EXCEPT do projeto — todas as keywords públicas
deste arquivo delegam sua lógica real a uma keyword _Do via este wrapper.</doc>
<status status="PASS" start="2026-05-14T22:47:55.714262" elapsed="1.209115"/>
</kw>
<arg>${orders.finalize_order}</arg>
<doc>Aguarda o elemento ficar visível e clica nele.
Aceita timeout customizável — substitui Wait And Click Element.</doc>
<status status="PASS" start="2026-05-14T22:47:55.714262" elapsed="1.209115"/>
</kw>
<status status="PASS" start="2026-05-14T22:47:55.713255" elapsed="1.210122"/>
</kw>
<kw name="Pdv - Orders - Click Payment Money" owner="orders_page">
<kw name="Wait Visible And Click Element" owner="common_keywords">
<kw name="Run With Screenshot On Failure" owner="common_keywords">
<try>
<branch type="TRY">
<kw name="Run Keyword" owner="BuiltIn">
<kw name="_Do Wait Visible And Click Element" owner="common_keywords">
<kw name="Wait Until Element Is Visible" owner="AppiumLibrary">
<msg time="2026-05-14T22:47:57.569134" level="INFO">xpath criteria: //android.view.View[@resource-id="PaymentMethodTileColumn_0"]</msg>
<arg>${locator}</arg>
<arg>timeout=${timeout}</arg>
<doc>Waits until the element specified by the ``locator`` is visible.</doc>
<status status="PASS" start="2026-05-14T22:47:56.925385" elapsed="0.644750"/>
</kw>
<kw name="Click Element" owner="AppiumLibrary">
<msg time="2026-05-14T22:47:57.571138" level="INFO">Clicking element '//android.view.View[@resource-id="PaymentMethodTileColumn_0"]'.</msg>
<msg time="2026-05-14T22:47:57.764341" level="INFO">xpath criteria: //android.view.View[@resource-id="PaymentMethodTileColumn_0"]</msg>
<arg>${locator}</arg>
<doc>Clicks the element identified by ``locator``.</doc>
<status status="PASS" start="2026-05-14T22:47:57.570135" elapsed="0.194206"/>
</kw>
<arg>@{args}</arg>
<status status="PASS" start="2026-05-14T22:47:56.925385" elapsed="0.838956"/>
</kw>
<arg>${keyword_name}</arg>
<arg>@{args}</arg>
<doc>Executes the given keyword with the given arguments.</doc>
<status status="PASS" start="2026-05-14T22:47:56.925385" elapsed="0.838956"/>
</kw>
<status status="PASS" start="2026-05-14T22:47:56.925385" elapsed="0.838956"/>
</branch>
<branch type="EXCEPT" assign="${error}">
<kw name="Capture Page Screenshot" owner="AppiumLibrary">
<arg>${SCREENSHOT_DIR}/${screenshot_suffix}_${TEST_NAME}.png</arg>
<doc>Takes a screenshot of the current page and embeds it into the log.</doc>
<status status="NOT RUN" start="2026-05-14T22:47:57.764341" elapsed="0.000000"/>
</kw>
<kw name="Fail" owner="BuiltIn">
<arg>${error_message}: ${error}</arg>
<doc>Fails the test with the given message and optionally alters its tags.</doc>
<status status="NOT RUN" start="2026-05-14T22:47:57.764341" elapsed="0.000000"/>
</kw>
<status status="NOT RUN" start="2026-05-14T22:47:57.764341" elapsed="0.001005"/>
</branch>
<status status="PASS" start="2026-05-14T22:47:56.924383" elapsed="0.840963"/>
</try>
<arg>_Do Wait Visible And Click Element</arg>
<arg>click_error</arg>
<arg>Erro ao clicar no elemento '${locator}'</arg>
<arg>${locator}</arg>
<arg>${timeout}</arg>
<doc>Executa uma keyword e, em caso de falha, captura screenshot e relança o erro.
Centraliza o padrão TRY/EXCEPT do projeto — todas as keywords públicas
deste arquivo delegam sua lógica real a uma keyword _Do via este wrapper.</doc>
<status status="PASS" start="2026-05-14T22:47:56.924383" elapsed="0.840963"/>
</kw>
<arg>${orders.money}</arg>
<doc>Aguarda o elemento ficar visível e clica nele.
Aceita timeout customizável — substitui Wait And Click Element.</doc>
<status status="PASS" start="2026-05-14T22:47:56.923377" elapsed="0.841969"/>
</kw>
<status status="PASS" start="2026-05-14T22:47:56.923377" elapsed="0.841969"/>
</kw>
<kw name="Pdv - Orders - Click Confirm Value" owner="orders_page">
<kw name="Wait Visible And Click Element" owner="common_keywords">
<kw name="Run With Screenshot On Failure" owner="common_keywords">
<try>
<branch type="TRY">
<kw name="Run Keyword" owner="BuiltIn">
<kw name="_Do Wait Visible And Click Element" owner="common_keywords">
<kw name="Wait Until Element Is Visible" owner="AppiumLibrary">
<msg time="2026-05-14T22:47:58.564670" level="INFO">xpath criteria: //android.widget.TextView[@resource-id="ValorPagamentoDialogText_23"]
xpath criteria: //android.widget.TextView[@resource-id="ValorPagamentoDialogText_23"]</msg>
<arg>${locator}</arg>
<arg>timeout=${timeout}</arg>
<doc>Waits until the element specified by the ``locator`` is visible.</doc>
<status status="PASS" start="2026-05-14T22:47:57.767353" elapsed="0.797317"/>
</kw>
<kw name="Click Element" owner="AppiumLibrary">
<msg time="2026-05-14T22:47:58.567062" level="INFO">Clicking element '//android.widget.TextView[@resource-id="ValorPagamentoDialogText_23"]'.</msg>
<msg time="2026-05-14T22:47:59.518118" level="INFO">xpath criteria: //android.widget.TextView[@resource-id="ValorPagamentoDialogText_23"]</msg>
<arg>${locator}</arg>
<doc>Clicks the element identified by ``locator``.</doc>
<status status="PASS" start="2026-05-14T22:47:58.564670" elapsed="0.953448"/>
</kw>
<arg>@{args}</arg>
<status status="PASS" start="2026-05-14T22:47:57.767353" elapsed="1.750765"/>
</kw>
<arg>${keyword_name}</arg>
<arg>@{args}</arg>
<doc>Executes the given keyword with the given arguments.</doc>
<status status="PASS" start="2026-05-14T22:47:57.766348" elapsed="1.753021"/>
</kw>
<status status="PASS" start="2026-05-14T22:47:57.766348" elapsed="1.753021"/>
</branch>
<branch type="EXCEPT" assign="${error}">
<kw name="Capture Page Screenshot" owner="AppiumLibrary">
<arg>${SCREENSHOT_DIR}/${screenshot_suffix}_${TEST_NAME}.png</arg>
<doc>Takes a screenshot of the current page and embeds it into the log.</doc>
<status status="NOT RUN" start="2026-05-14T22:47:59.519369" elapsed="0.000000"/>
</kw>
<kw name="Fail" owner="BuiltIn">
<arg>${error_message}: ${error}</arg>
<doc>Fails the test with the given message and optionally alters its tags.</doc>
<status status="NOT RUN" start="2026-05-14T22:47:59.519369" elapsed="0.000000"/>
</kw>
<status status="NOT RUN" start="2026-05-14T22:47:59.519369" elapsed="0.000000"/>
</branch>
<status status="PASS" start="2026-05-14T22:47:57.766348" elapsed="1.753021"/>
</try>
<arg>_Do Wait Visible And Click Element</arg>
<arg>click_error</arg>
<arg>Erro ao clicar no elemento '${locator}'</arg>
<arg>${locator}</arg>
<arg>${timeout}</arg>
<doc>Executa uma keyword e, em caso de falha, captura screenshot e relança o erro.
Centraliza o padrão TRY/EXCEPT do projeto — todas as keywords públicas
deste arquivo delegam sua lógica real a uma keyword _Do via este wrapper.</doc>
<status status="PASS" start="2026-05-14T22:47:57.766348" elapsed="1.753021"/>
</kw>
<arg>${orders.confirm_value}</arg>
<doc>Aguarda o elemento ficar visível e clica nele.
Aceita timeout customizável — substitui Wait And Click Element.</doc>
<status status="PASS" start="2026-05-14T22:47:57.765346" elapsed="1.754023"/>
</kw>
<status status="PASS" start="2026-05-14T22:47:57.765346" elapsed="1.754023"/>
</kw>
<kw name="Pdv - Orders - Click Finish Order" owner="orders_page">
<kw name="Wait Visible And Click Element" owner="common_keywords">
<kw name="Run With Screenshot On Failure" owner="common_keywords">
<try>
<branch type="TRY">
<kw name="Run Keyword" owner="BuiltIn">
<kw name="_Do Wait Visible And Click Element" owner="common_keywords">
<kw name="Wait Until Element Is Visible" owner="AppiumLibrary">
<msg time="2026-05-14T22:47:59.687645" level="INFO">xpath criteria: //android.widget.TextView[@resource-id="PaymentBottomBarText_0"]</msg>
<arg>${locator}</arg>
<arg>timeout=${timeout}</arg>
<doc>Waits until the element specified by the ``locator`` is visible.</doc>
<status status="PASS" start="2026-05-14T22:47:59.521377" elapsed="0.166268"/>
</kw>
<kw name="Click Element" owner="AppiumLibrary">
<msg time="2026-05-14T22:47:59.689650" level="INFO">Clicking element '//android.widget.TextView[@resource-id="PaymentBottomBarText_0"]'.</msg>
<msg time="2026-05-14T22:48:00.511827" level="INFO">xpath criteria: //android.widget.TextView[@resource-id="PaymentBottomBarText_0"]</msg>
<arg>${locator}</arg>
<doc>Clicks the element identified by ``locator``.</doc>
<status status="PASS" start="2026-05-14T22:47:59.687645" elapsed="0.824182"/>
</kw>
<arg>@{args}</arg>
<status status="PASS" start="2026-05-14T22:47:59.521377" elapsed="0.990450"/>
</kw>
<arg>${keyword_name}</arg>
<arg>@{args}</arg>
<doc>Executes the given keyword with the given arguments.</doc>
<status status="PASS" start="2026-05-14T22:47:59.521377" elapsed="0.990450"/>
</kw>
<status status="PASS" start="2026-05-14T22:47:59.521377" elapsed="0.990450"/>
</branch>
<branch type="EXCEPT" assign="${error}">
<kw name="Capture Page Screenshot" owner="AppiumLibrary">
<arg>${SCREENSHOT_DIR}/${screenshot_suffix}_${TEST_NAME}.png</arg>
<doc>Takes a screenshot of the current page and embeds it into the log.</doc>
<status status="NOT RUN" start="2026-05-14T22:48:00.511827" elapsed="0.000000"/>
</kw>
<kw name="Fail" owner="BuiltIn">
<arg>${error_message}: ${error}</arg>
<doc>Fails the test with the given message and optionally alters its tags.</doc>
<status status="NOT RUN" start="2026-05-14T22:48:00.511827" elapsed="0.000000"/>
</kw>
<status status="NOT RUN" start="2026-05-14T22:48:00.511827" elapsed="0.000000"/>
</branch>
<status status="PASS" start="2026-05-14T22:47:59.521377" elapsed="0.990450"/>
</try>
<arg>_Do Wait Visible And Click Element</arg>
<arg>click_error</arg>
<arg>Erro ao clicar no elemento '${locator}'</arg>
<arg>${locator}</arg>
<arg>${timeout}</arg>
<doc>Executa uma keyword e, em caso de falha, captura screenshot e relança o erro.
Centraliza o padrão TRY/EXCEPT do projeto — todas as keywords públicas
deste arquivo delegam sua lógica real a uma keyword _Do via este wrapper.</doc>
<status status="PASS" start="2026-05-14T22:47:59.520375" elapsed="0.991452"/>
</kw>
<arg>${orders.finish_order}</arg>
<doc>Aguarda o elemento ficar visível e clica nele.
Aceita timeout customizável — substitui Wait And Click Element.</doc>
<status status="PASS" start="2026-05-14T22:47:59.519369" elapsed="0.993461"/>
</kw>
<status status="PASS" start="2026-05-14T22:47:59.519369" elapsed="0.993461"/>
</kw>
<kw name="Pdv - Orders - Click Home" owner="orders_page">
<kw name="Wait Visible And Click Element" owner="common_keywords">
<kw name="Run With Screenshot On Failure" owner="common_keywords">
<try>
<branch type="TRY">
<kw name="Run Keyword" owner="BuiltIn">
<kw name="_Do Wait Visible And Click Element" owner="common_keywords">
<kw name="Wait Until Element Is Visible" owner="AppiumLibrary">
<msg time="2026-05-14T22:48:30.917809" level="INFO">&lt;?xml version='1.0' encoding='UTF-8' standalone='yes' ?&gt;
&lt;hierarchy index="0" class="hierarchy" rotation="0" width="720" height="1519"&gt;
  &lt;android.widget.FrameLayout index="0" package="softcom.mobile.smart2" class="android.widget.FrameLayout" text="" checkable="false" checked="false" clickable="false" enabled="true" focusable="false" focused="false" long-clickable="false" password="false" scrollable="false" selected="false" bounds="[0,0][720,1519]" displayed="true"&gt;
    &lt;android.widget.LinearLayout index="0" package="softcom.mobile.smart2" class="android.widget.LinearLayout" text="" checkable="false" checked="false" clickable="false" enabled="true" focusable="false" focused="false" long-clickable="false" password="false" scrollable="false" selected="false" bounds="[0,0][720,1519]" displayed="true"&gt;
      &lt;android.widget.FrameLayout index="0" package="softcom.mobile.smart2" class="android.widget.FrameLayout" text="" resource-id="android:id/content" checkable="false" checked="false" clickable="false" enabled="true" focusable="false" focused="false" long-clickable="false" password="false" scrollable="false" selected="false" bounds="[0,0][720,1519]" displayed="true"&gt;
        &lt;androidx.compose.ui.platform.ComposeView index="0" package="softcom.mobile.smart2" class="androidx.compose.ui.platform.ComposeView" text="" checkable="false" checked="false" clickable="false" enabled="true" focusable="false" focused="false" long-clickable="false" password="false" scrollable="false" selected="false" bounds="[0,0][720,1519]" displayed="true"&gt;
          &lt;android.view.View index="0" package="softcom.mobile.smart2" class="android.view.View" text="" checkable="false" checked="false" clickable="false" enabled="true" focusable="false" focused="false" long-clickable="false" password="false" scrollable="false" selected="false" bounds="[0,0][720,1519]" displayed="true"&gt;
            &lt;android.view.View index="0" package="softcom.mobile.smart2" class="android.view.View" text="" checkable="false" checked="false" clickable="false" enabled="true" focusable="false" focused="false" long-clickable="false" password="false" scrollable="false" selected="false" bounds="[0,0][720,1519]" displayed="true"&gt;
              &lt;android.widget.ImageView index="0" package="softcom.mobile.smart2" class="android.widget.ImageView" text="" content-desc="Fundo com ícones" checkable="false" checked="false" clickable="false" enabled="true" focusable="false" focused="false" long-clickable="false" password="false" scrollable="false" selected="false" bounds="[0,0][720,1519]" displayed="true" /&gt;
              &lt;android.widget.TextView index="1" package="softcom.mobile.smart2" class="android.widget.TextView" text="Sua venda está sendo processada, por favor, aguarde!" checkable="false" checked="false" clickable="false" enabled="true" focusable="false" focused="false" long-clickable="false" password="false" scrollable="false" selected="false" bounds="[54,684][666,762]" displayed="true" /&gt;
              &lt;android.widget.ProgressBar index="2" package="softcom.mobile.smart2" class="android.widget.ProgressBar" text="" checkable="false" checked="false" clickable="false" enabled="true" focusable="false" focused="false" long-clickable="false" password="false" scrollable="false" selected="false" bounds="[310,816][411,917]" displayed="true" /&gt;
              &lt;android.widget.ImageView index="3" package="softcom.mobile.smart2" class="android.widget.ImageView" text="" content-desc="Logo Softcom" checkable="false" checked="false" clickable="false" enabled="true" focusable="false" focused="false" long-clickable="false" password="false" scrollable="false" selected="false" bounds="[237,1491][484,1519]" displayed="true" /&gt;
            &lt;/android.view.View&gt;
          &lt;/android.view.View&gt;
        &lt;/androidx.compose.ui.platform.ComposeView&gt;
      &lt;/android.widget.FrameLayout&gt;
    &lt;/android.widget.LinearLayout&gt;
  &lt;/android.widget.FrameLayout&gt;
&lt;/hierarchy&gt;</msg>
<kw name="Capture Page Screenshot" owner="AppiumLibrary">
<msg time="2026-05-14T22:48:31.866992" level="INFO" html="true">&lt;/td&gt;&lt;/tr&gt;&lt;tr&gt;&lt;td colspan="3"&gt;&lt;img src="data:image/png;base64, iVBORw0KGgoAAAANSUhEUgAAAtAAAAZACAYAAABQfnXMAAAAAXNSR0IArs4c6QAAAARzQklUCAgI
CHwIZIgAACAASURBVHic7L3nkiNJkjRoHhQ8kayqmvfM7Mq+173y3ScnezuzM9Pd1cWSggf1+6Fm
8AASnAYAV5Hs6soCAoGIcHd1MzU1pf8v0mRRfiiHqHFHdPWe6OUTUf+RSNtbZ2FhYWFhYWFxaDjH
PgGLFaEcIi8gcgMi1yMidewzsrCwsLCwsLC4SFgCfSpQRKSYNOe5jT5bWFhYWFhYWBwJlkCfDBwi
5fL/50RWeWNhYWFhYWFhcRRYAn1oOB5RpUnkuMtfW4QiIkcRaRt9trCwsLCwsLA4Jrxjn8DFodYm
at4RxSMUAo66K75RQQet9XoEWimisEHk+kSDFxBwCwsLCwsLCwuLjWEJ9KGRRohCN26JggpR5yvR
8JUozxa/TzGBpjUItOPCuaN+g8LDeEiUDLf+ChYWFhYWFhYWlwwr4Tg0oh7R138Q9R6IghpR+wei
q+/grrEIWoNkZwlRni7/HDcgan9PdPWByK8Q9R5B3i0sLCwsLCwsLLaCsj7QR4LjEtWvQXKVCynH
y59E8WDOGxSR5+PPLF4chQ5qOG6lCcnGw79wfCvfsLCwsLCwsLDYGlbCcSzkGVH3kSgZgexWr0B8
H/9FNOzMeIMmSuMlB1VE1RbRzU9EXggy/vQbUdTfwxewsLCwOAGEDa47GSATt0wuZ2FhYbECLIE+
KjTRqEf08G9ILcL6Fu50TJ7vfoVWevCMiHYy2uH5njOU8dneNbQmaztocbZwXMjEiCAT07pcbkFh
nah2jflxsEK9iYWFhcUKsAS6DEgjosd/b3kQDW10MgQp734lylbQSltgwxE2iMIaF2ruGPEAEhq7
cFucHRSkYre/YuykI2S8oj6e+zzDj87KQ6gtLCwsdgBLoM8J0YDoy99pLacOCxCA9nf4/52TXEXU
+kD0/DtR99uOj21hcWxobNSTAWRjXkjkV+H+k6dESYTC6agHtyE7L1lYWJwJLIEuM/wKFqdVXDeI
yBLnDeGH+PP5I6z+pqGIiUGF/zKFZDRfKqMU0fv/RArZEmiLc0TcJ3r8HRkcv8pEOsBPWMdP3Fw8
TiwsLCzKCpF3TvErS6DLjMYd9IXJ0Cw+aUJWT7sH5Nn8zYpyiLwKUfP+rcRDa6L+EyJs85AlaGRj
YXGO0JrnqCEWGtc3JDpswvPe9YiCqiXQFhYWp4OgIOtUCjwhjcc8wRLoMiONiG5+ZnIX48alEbSF
MZNqa023f2gNgvw6R95h/bUtLADNbkHiGDTqwa7TcRGdpuejnp6FhYXFUigH0s6cg2pac3CAAwFc
32EJdJnRfyK6/pHIcYi0RxT6fFMz3NQ0MQVqycAWDe4NGiTZEmULi/WQJRg3fhU/QR3z2bTjzXSG
Rjnwxy/CcSYzQI77NiPk8Pt0RtR/xhw6Ddcjuv7psFmhzuc59qQWFhalguMSVVqYt6aDlKkDSZoX
EiVDS6D3BtdD8VilgRsyC3lG9PIJxTXz/r3/hBRoPMBr/QpRtYmbWGni+I1bvFbI9Ki7vNmKhYWF
xd6h4cjhV2EjF9ZoZh3BGwtJNeNla75GE9Hg5e1nhQ1ExWedx77w8ufhPsvCwmIzBDXuodGfLZfV
Oeaz2hWRzi2B3huUC4Ib1Oa/Rme4WYvQf4YW2gsQXek/EQ2eiEjh2GGdqNbGouCHKFaTiOngBVGP
uG/JtMXlwguRdtuHRWGZIFmSMmWiNEH+1LjD9XeD7Y6XTTWT0jlRltHEQpfG+P3wdbbEbfBK9PoF
c+o+UWng++oMc7CFhUV5EdQwJ0TdxXOozsGram1LoPeGNCL6/N+IRBeR52u4ahAm3qiHCE5Y55bc
RIjssD1U5wvSkZUmk2lOMbQ+EF19hzSqRKajHusTrWPHRlCKTOTKXsNSo3qFLp9B9UJqBRSex94D
5oQsOfYJEZE2zjY6R4OnYQcL1MQ90W/P981rdnhOLx/3cNwCHI/o7i9E1QDf304TFhblhGJZhuPN
33RPI8+Ihh1LoPcKna/QfnuFY/QfiW5+QZTZC2YfM0sQne4/4YEIqtDxVBog09UWyDUp6KVHXSxk
acyNDvILIRlbwPUR4a80kQ2IekSdb+ttiCwOA9c3Le17j2hpf+7Pd1gnuv8rUesdvmtZZAPS4Mmv
IoAweDn/e+EFRC5L94avZBm0hUUJ4XiQxSpFNHxZLyCWJZZAlx5ao0FKFkOiEdSWk3LR6UR9olfC
A1Jp4s+ghoemcUfUfIdjRT0scPEQRDxLuaGInfTHUA605o07U1jQvMe1fPqD7LUqGVzP6GpTvl+O
y4Vj22pfOVqqNY63C2mIzkAuXW+z88sS/OQZZAP7aku/CfIc9Rl+Fd/P9c+/INevEDlcpDjLW97C
wuK48IRPRUTDBTa0iw6x41Oy2AeyGNHixi2iTMPOehGcYgMD1zdE2q8S+QHItRQiJtyKNxmxpjJm
snDmEaNl8EN42g5eUFGf55AHNO+IXj+XJF1uMR8Kz339dnPC6zgYP3lG1P2KLnv1m+V1DAtOiRwP
xF7kVdWrt+4Tq2DwjE1wGaHzwvwTXAaBlgi0zqz3tYVFmaAUN3wKsLHfYi6yBPoUkGdYYGtt2ED5
Fdz4TSCRqlGXG4SEREEFjUJ87rbXYJKRRiAJyQhRvGSEv1+iZEG5IFDJ0BQYxH0i9R6EwBLokoP9
iYevmxPooAoJT54S9X2ifMDZmw0JkiIQ+rCBZ0qKfjc5vzITUs06aJ1jw+4FRCU+3a3huJhPlYvn
Q8/xj7ewsDgslAMnIMcDB8q3G5uWQJcCCuTV8UDQpm+q1tw8ZYAIdFDltOCWsgGdmw5iRJMdxPwq
iHVYg346z0xEOhmx5GNgUtnnCtmp+lXTDKJ6hX8Th5VKkyOTqSEKFuVDlsy3jFz1/Vffmb/nKSbh
TaEUyLNAmiRtin27SmwMXfCDrrDsRW03bzge5kzJkO0KShH5NWxuog2dM1yfyGP5RtRHtsrCwuK4
EG4jLhrFddpxiUitHRy0BPrYkI43rXdEpFD4M6stdJagq1fYxKI77Ow+6inR6YiMXlRIdVAFYaxd
E1GOiFmWYAEbPHP16pkRab9KdPsLUrHKwaJdv4EHJJFJtUvRVp6hYK33cH7XwsJiG+QpNt7SUMXx
31rSrQrlENXbRI17kPLO191YdTouxnf9Bp/x9e+bzbFeYJq07CLQYWFhsR38CniMZNVnjUm/Yjo+
rwhLoI8J5aAQrXmHCbf/PH9RyTO2oBuBwPWf9isbyDOjiVY9ooGL6PfVd2yT53LlagdRs3MkjGEN
kaSn30Gem/ecZucoZrVF1P4Bm540wX0MarivNm1rYWGQF7TAfohiwk0JNGmsf37IGaIQYzTq08Zk
VTkoEG69g047n9FEYVVIpCvPuID1DOfGfcL1IFU8ZKdI0ekvywApB/O+cwrUSZuM8cVKDBXWcdfH
/JClNHNc5xmuUVDDeF3xep3CU3CmUETXP2DS1pqou4J3axIholG/wY2O+oeRC7g+zrN+YxoDdL4i
2nrOBYbKMY4mXmhkLDLJilZVCi6z9PybdZwyxO9T/NSjAW0dHXRcLKheiA3wNlrkoGbG9bk1PxIC
rXOWcWyx9GiNjawXELXe45rd/kL09G9k6daF48KRqPUe/59GRI+/bdaQxnHxLCgXdqFbaiwvCnI/
a21cv0MbyYhWv/cwuwU8EdH934gq9cOe1zbQhGdw8IROxue6Vs+CUrwRW1HvnEYm4y7WvktwfAIt
hOOSbqwXEL37D0RPsgSm/r3H5e/LYqJRx7hmDF72Wzzk+vic5r0hzt2vcJ24qEJC1qA//z65qEY9
oo//N3b52xACi8NAUvSNO+Oise1z7FeZxNVZwrOhfMdxzLmNukSP/y53YeAmENmXFxbsBDfcJOQp
0esnXPOrDyDl7/+L6PkPBCJWhesjqyaF08kQ135T/bPjmrkgnlHPYjEbQZXo+kesbQdnzgxF+Pyw
jk3Zy59veUmlcVpBEkV4JlsfULvz+b8v45lUDlH9miWmL6u/T5yQ/MpK8qsjrPrK2EFVr6Cp9blb
U/8ZBDHPQdbOKQIjCKpEd39F+jHuY1e4TmFTPERaMGxyEc2OF1nlYAGotUGcvRALX/cbk44LtWTS
+Ww/120b5VgcFnkG8rUzn3NtjrlNEEAiRTs9t5IhS7Bp8UK243zdru241py1i2Ep6VVAwhwXv19G
FLwQWcDaNY41fCF6/rjdHOdywTER5ulLICvbwvGQASiS52M09pJCMuVg/Yv74CRFPH/Ehq1MPuuL
oBxD+P0qnvfH3457TvuG40HmGg02s/YcvoL7SE3YAhyOQCsHkVcvZD/jxqTGqeKjc16e4IsPnpGO
y+LzItJeyC1tXxEtWZcAJ0Ncn6DO0arebiYauT+VFrS8fgUPz+AFUbVdfY6FxbGQpdgEDju7Izfx
EOPYcdmBZcO5SufIQsm5pWeoWcwSfDdqGZs32kEmq/+M697+3mQEHBcys3kbXL+C19eueT5+QWZt
2wCB65lKf5GsWCxGWMOGakyeMwSWtnG4WRfKwfNQaeLvXgCOMphq7dz9Cm5ySH32plAKG4HGndFs
N+5wbc9REy0cpnqF7s3bbM77zyDhS8wa9kuglWJNCduh1W/M7lwgD6fskhyOTFdaGECdz4fT+h4C
gxfWzMabfSetcT1qbVwnL9hy0ucGE9WW0VanER6gwfP6TVssLEoLLqrZZdZgXmZiE2RxeZuh7AJ5
xvOeRibO8WhnhtCDFyPnCBtw6PAqkHkUo4VKgSS1v8frcvbf7nzZnjzLAi52pNss4JcEx+XoL2PU
w+bn0FmYlz+JPvwX/4W5izOj2HWFyGRpkMZ4zot2mV5wOue/KlyPpWEBsuXbcpY8NTyr/zQ32LIf
Au16xq4orBuf3FknmHDUplhRrRxMdNUm5B6vn4iGXTqbtOa2E3XUxTG8ABGU10+bH0sRFjORaxDh
gVklBWphoAnPtHLmRyFdD9KbuG+lHxYXCG18m73AdALb1bw+4nlRNM2VJua3sQ+zwnzZuGVpWoLs
Wu9hN+NRGqgQIQhxUXUiO8SxAjbneL+0Pq8M/ix4AYKAeQ4Z1q6+bzLCmA5q3BDp7XF3S6ClRXSl
ya2iw8m2tJLWinqYOKO+8eSTFtN+FUL9agvvDevo1pVE51dUsymyFNcwbCBq3Pmy+aQjFe1iqSdO
AAseGosZ0Bm0U0GN9XODt36Tjkd09R6v63y1GxSLy0MW40cWvW0bqrw5foKAgs5ZKtgkIo3PUS7G
n3JNEeKC6NLacFwEI4gw9m0E2sJij+AGdF7AmcVo93wl6nNhaWOmpGh7Aj22hmrgg7yQuzAV0mZp
jKjb8NW0hp7e7RVbTA9fQUBaHzApSWXsvgm0cggeoydAGgcv0DP5Ia7PNh3WdI6FJBmxjdAVNjS9
B+gyrYRjNSinUME7QMFJ8ZnNEkhiajcYB/1nOpusSunBUqVae3PHlGnvV9fH8fzK5qdVTK3OghT1
KhcNfYgQaZkoOGRo4rFa4jlMupmGhO+udpBunUaWIKiQxggKFO+PckHgX/5k7fQOP9tx8Vk6x2fb
DfLlQArX/OpqBYZZivX13KQUh4JyMNYcjyWxW/i2L8O4A3TtjU/4dgQ6qIFwhTVol4s6JmJPxeEr
SHEard72OY3wcDkeji/RafHl3TVcH9q5oIZJb9SFG0gSlZc8JuxH7AVEjZvtCDQR+x33iJ655W7j
FtfEC3EvLtV9Y1Uo9gNWCpuOWttkBwR5ho2KX0EqOR7Y63owaDzjSm1eQT/Pvmqbivx4gHlSJmZx
qAiqkAO4npG0aU2IprJMSLpfppFpAvH0O+azsj5XWWrqP8La/twMRJ6Rc/t1qb2Jeog877ooWinc
O8flYFBMdnN8QajfcBOeVYsLNdaBh3/u9bTOEo6LzbfOEJjd90Y1zzBHBzXcs8Lcuh2Brl9j1zUh
0+BUdv+ZfTDTzb5glho7ESnOcL3da0ddn+juL1i0JAJdaRDl73ChBi9cGV82+YiGWL7aQtQzqC4v
ZhJ7nnkm8UT4nlKNfv0De0D7WHTKuiiXAUqhgCGJQJoV+/pOe1BK5Ln9HTIHmxaTWqyPNOYNzYak
Laxj/AiyFGOpvyUJdFzUe9z9aiJY8YAoHhGNYlOQJsEHpdhvOJiUzTku+54+L++odkyknIGU899X
FE7cjsShI0vgmBKPaOfkViJipHZfqGpRfng+1sl1PKKD6vLXWExCKfCdJOL6uQOtnRkHFr0AczEr
KDYn0A632xTynKdEr1+I+g/cxWUHE5R4QSqH9maufv0DCPP4+MqkS90AGrprdr7oPSA6XZa0y6iL
mynWLcsIdOMW3zdsIIU5r2giTxFFTYbwVa1fI1r09Pt5FXOuAtcnuv5pcWvunCUwWpsIZ/8Jm8vG
LTZgY9mARnZjxPr1qLc7FweLJdDbRSvevHfL45HCM9L6wBvgAQi++CMrB/9ebWO+leiWzk1HzMEz
b9gUNtONO6L2jzhm5wtHYUsmJRB5g0tztYU7g1jUScR5XwuucrCRIeJsqyXQF4XOV/CGVUlxnkHi
Z7E6HBeKhF0V/a6LZGQ2ytwpdnMCHdZY60yYyD/9vzs6yznQ+e51fW5gzNsHzzAY9wIQm1qbd5SK
iBy8rtLEeQw7IEhxvxAZOhKp7H4FwavfICI9b7H0QjaAd7nrlgKJnrsZ4E3D029E7R9gK3j3Kwb9
rrWDZcXgxUT4FyGNQIrTiNs6V4zmv35L9PXvIMkiQcozPENhAxHHfUTELMoN5RDd/ATCm0bYnPaf
iEiDiF3/iGeJCNGWqEcUswWc62P+bdwQKQ/zr7QfHrxinrr6YDbLm/jN7xPJCPOOXzWkc9/Yt8OC
Yo291kygbQHhRSFLsFZa7B5KYU2t1I/vDpYMuc6pRhT3NyXQCpFZN8BfV2lDvclnuIEp3MmS7Uib
48ESj1hLqDPj9EGaXRFSojjFgvT6iR0VrhGhdjzsgEQGUWtzUdgryFM8nAjtHwzdBxBcN8A5zboX
SrE+i/0fdYaoMhE3GxjN35zEQ+i02j+AeN/+ioXv+Y+9faXSIEuIvv5j9ddrjWdKoomvX7DxuP4R
fua1a+4Cxa3BhXCXKatx7hDP2Tzb0USszLywajdCx8Uz0bjj1tG/gSBLzUfznptJfCbqLdgUOx7G
ZPOe6PZnSEyks2mWQLZQvSIiDYJelmcsSziCpAsNNE58A+n6xhrvHJvgWFgcA4qDl0oRdR/p6POE
1livwwaRX9mQQLseUVAo6ht1VnyjQtQ6z5cTTZerWolQCJJs2DlMOWz3dm10zmmMBavCPtPy9yLG
xYRdLFRh3VTZur75adyZKNKww9XfB4z26BwR4foNyNqs6HBQR2OBPCV6+Yjv2/4B0VGfmw2MuvNJ
tOOaDEDOi8O+CjpPGUmEn0qDI9Ixru3dX7DxSIZ43vIMC2085MlhDd2cxeZwXIyT+g02mv2n7Z9h
L8Dm1K8Svf5JNOrT0km+do1z0DkIr8w91RZHlYno4TfMJ4uOlaeYb6Ie0fv/xBwnz5zIQcQrftRF
hqoskPnc9eEkdNL1FcpE0kUraWFhsR1cH8GoPN2tX/y2yDOs5UF9QwId1IxhfNRbPbJRaSJiksWQ
B4h33zQxdlyQUinYiUdmgpVqZyEhi6AcHOfqw2R1rBealp1EOFbtmi2WZpxPzgWNw1dOnzaMrYlf
MV1wmvc490NX1na+YOENa/gZFTYDysECrxTSu4MXXrg/4vfSlev1M77fBIlW2Cg13+H6yILdfaDS
PMxlQpaYFI/jEVEMEjTqgVRPe86Ou3DuSd9vMQnRqYYN1g/vYBPoci1IWCcaVLlr6pL3BFXjqjEO
PvC85vrYWKVTHuKLEA8Q9fTDSQ1mPMAcKw2tykSg4wHGguNxUdAJE2hFxo4wS077u1hYHBtSkO9X
uDvrggz5sZDGRMrdgEAr3m17LN8QQrYKrr/HYkPEu4qhsXFKRziO46MivXlvDO+Hr6bFbdjAv+U5
dKZJRJQMZmvOalcgh45rSLtm+xixxSPC97n9Gecx6iCKOy+KkCXc4vrFWE75VdbFhMZn9pAauGSE
7xZUuQV6IQpWa7N2O4OkQAjcqIdzbN4jctX+Hg9t/5Ffo3C8qw+IjCUjyD0GL2TJ8zxwUZkiQ4p1
jshk8LfyTQKXBp1zwZranY2ZuF4kQ8wfq9ziPDWvUw4RZUSkcYw0NkXBqwQJHNfUa2TpZEGeSEuI
yqfJTUbm+ocNIvqy8OXlhsI6oDU3iinZtbbYHYI6giGnkjUUB7NTgXI4wODwfLhHf+dtkQw3INAS
VhfNn5DSVVB8neNxYV5j0hvU9RDdVgqkr//EsgR+b6WJxUU5RLrNTVqEiA8KkQ2u2HRckOHnj1w5
SYiqtpnMy2vlfHxp8bokDac1FgFp95jFOKZi946DTqIa1ylkHaQXsOVKSNS8w/l1H8wmRN6TDKHN
1Tle1/4O3//1EzYFVx9wjUZdos437kxoZRsLoTXByaUwwYqDyylNZOeIPGNHhi47Be3gWRa/YaWI
MibCyzB4RWbM9ZEFev3MkrEe/r95j9+HddNUSuorNEEG5AaYh8VaL4u5kPAZn1Fs6qOzt3aKx4bM
+X7FEJJTnVtcH/dDZ2+7j1qcF6Qw12YNdw+R2wo3OYGN6PoE2q+YNOG6xU9Pv3FEtAWC5riEYkH/
rQG5zqFT7HyZtAQavnLEtwmy6ldxTtUrE+7vPkBr7VeJSIMQFiOnmWfmOGkSIl6q+QYpuGnbvmMs
BNKsxquYro31a1SLptFkQ48ixBs3S0CYZWH3KyDgw1f2hR7aCOoq0Blb2U1FKLoPkNlYHBc6J8p2
PD7Xrc2Ih0RPfyDr1bjDuOp8AUHuP3HnqwZrom+JFGfcipIfiS6nMZ4tKWQW289am7N4CuO3dL7Q
GgGNShPBCy+c2uCfEKTIKcusfOPc4YeWPO8DkkkT2VnZrDfnYD0CrRyQUi/E3yWSsypiTlH2nkDS
xCKsKKcgAhF+/ohFYXoXMu625eK9lRYIo+MSOUym8xSTslLc/W2qZXJYJ/ID43eccsMU1zNpuHUh
xWDirnBoiCNI856j+glrcV1sXBadk0TR4iGs6mptXIf+ExZfqZi3WA6Rv7geTbgLSJt6CwvSkIA9
5ER3vyD7M3YCykyHyuELt/KeatKgM45IF9p5yzws5PnqO7yn8xkEu4zR3Zg35YowZ50ygSbi4iJL
oM8aD//Cpnei63KJIZJbZ0PDtUNApLCjHrjXCQXq1ruqrsfVxsoUTK07MctkL40AOmz1dcXNBCAg
BRmcRc7HOjNCuqz7zVi41drYIUZ9U4A4nap12Ozc8UHQc24vrrewoJNiQuI2zsd4AHL2p27cIXrl
cUGROIksfT+7jnz9B9H9rxz9/1rOhbfMkEJUybCMnylNFJUtCmhxNEgB4cO/IP1qsVzq5U/Mizo3
zQKS0WTUS4//MwnHw7EaNxjPLx/fFq6WCWMdugsCXaYix3UQcl3P2J7P4mwx6pUwm7MAjoegmBS5
lg21Njb969TSlQjrEWgv4K59xJKBLScLnWMdGDxjkr/7BWTY9eZ7Gs96fz4keh1CqqEcLE5BDf/m
Bsb3lQjEUhxEBi8gntsirJtOcytb+u0arMkedTmqzzKb7rc1tEScVv34f/Z2lmePNMYE27iDZnzC
2eR0dtbnB3aUqd9uHo2Zjjp5IezoJCO3NjSej6//QL1G4xZ2dL0HbF6L8riFm3LuQnj7C75b1AMR
n7bmLBvyFJtN159qqDInRT6rhkA5yEYW3yNV/LNe67hTKXiWwzgzisLefJ58lvP2dTrn6LMd4/vH
Br7hfgX3OdrWDm3b7qOHhipvRLfWxrh54/51Olh9JRH5hhvQuBHELkXeow4uZOMOf/eri18/D7KL
kWIOpZDOfOViuaCGyGyWcAHklgRacQW24xkd8rGQp1g0qy0iUnDUiHpkJ/VVIAvpDlJzvUdM2Fff
GU2XxZGhMQz0Ch708yA2jjo3cgOlZpOvVY9HhLno5U/MH613mAPrN5Be9B7Yf32qQFHIYFiHzWRQ
wzl1f0eR4qlEc6IeomOOhzlfOdCGH6pD4VLMmDunMwDSXfSUIpOniKCG8RHUsHY//7Eamb39hXmF
Nh2HT4oEnxlcH6qDNBq3xD5VrE6gHddovdJ4M/nGMsTs9ye6v20w6hBl94g2ywIz6rB8w5svEVkX
RfnG4Pm4D4NU8kvP9t5jebqPlRlpjOf76sP210tsDvvPRDfcqnsugeYW8Cc8gZQWWpv5yfHY5i2e
X0y7KXZxPNm0RT2ixyEWl+oVItKNG2iFe49YcLRGtqvSQpGwEpeh32c3USo7hHQqBQ/7NMH3m7fJ
mfX95o0fzeNrldfPeq0Q42lMF40T4XxtjcP+oBxugnSLv/tVyJOWXXPHNe8hReSy17ol0IeH9PDw
AmNBfPTgnjLNzTbA6gS6KN+IB/zld4x8h2QvGaHLV/t70zil2DyF2A+aaDvhelBDVD7PsCs+NtII
C3Gen25RzqEx6vIGsbV9BFpcEOIhngdnqpiwiHiEf9sn6RG3hlOtHNea7dvWHJ9pDIlWtW1sL3c5
v+wbyQA/4jHc/t5cB9encUvZUY9rOU6UEIwkAsVNbgafEFmU7ziNWVlPPYPQygZqemxpjdfPfO2x
F3OLuVDq7Ry2ihezcucqgiwOCKXYgCIoV1bWccEDN5S7rUagpR+542OiiYebOVUsg0RySW+eZi1C
WvXWuI13sZK92sYNFe/oTaK1UpDoekibluGhyFJTyHgCPoqlQJ7hmi3T3K+Lzme+B3MW5lFnv5p5
x0NRbZ5hITlViF3bOtEKnUO2NeqZbqFlrkSfhVGX3YHYez+ocYOBCJvjYjOSU0UWwwXJr+I76tx4
WVtYWJw+HNdIstZ1bts3XH+rOXRFAq1AOIlMkdSud+vKIQrZT5P07gpgBi+sC74yDhWyEHshhMRd
kQAAIABJREFUfmrXTDwf1ju2X2GttgIRKsVipssRCbfARvOYCKrsClKCjd2mUA6PU3/975FnkGoN
X/dzbodClhANE7jsnCOGHa6v8U/bD9piNzhWl79TzdKVHdWr3dWc7RKKe5BsUbe2GoEWSzQiRAtW
neCCKiLXCVvWzYvwKgX/YvmMLCUa7lBPlnHHxOY9RzgecU6VJnskuptdRGkJniWmiYGFRVkwjtye
MHSOlPspR9AtFiPqEdF73OOgYgn0pSHPIDmUIR7UUAhfrLNS7lti7XrG/Woepv9dKa6JmPq946FW
avq8puU+FushqDF57pVTIuW4W9U9rUagxatP59Btpit8oBfigay1jeF/1EdEOB4aiYZyUCzTvDcp
1u7X3Ug4xmDxus/uG8MOfgYvpuFKvGbUVjyxHQ9SkVMnKhbnhzKlyraB1kRkN6dnC/FHd9jpiayE
46IQD7H++iGNOxPf/DTlPKOQhSri6jvwhoXgvhICvwKXlzfBLmVqoog4KNY/nzn0WAhqCFgeijx7
Ie7tqqRYbVeDtCKBvsafWby6LZrrsfeiaA+ZwNavTURYa0Sdx229CenWXRvqOw4KIKW4S6LFaURE
G4bvvdCYk8eDHRN+C4tdoIQ7fguLaWQx5mIvnCQxFpeBLIHuPaib+7+Kt7oXEtGaHuxix7sI0uSo
/7LesS3eQro7HwpZjKZUYje6EyjmqeEbi9DlBNqvmoc6TVaP1EpTjyI5Vg77l/qFibKwO0xHaNO9
612fcuCwIM1GtvZq5t1qUDMdFa18w8LCwmIzxAMQItFBH9NP3+LwEFvZ6+85MHUkPbLO4N7Ve7DR
511gF43q1oHWRL1vqHfrfl3+2lUKlitNZD96TzQdlFpOoJvc2ERniD6v6uyQZ2gO0PlKVG3CizFs
FCy1iq1p2eD85c/9T5wONyDIc9o4Qud6Jvoc9e1kb2FhYbEN+k/IdPoVZCk7X21Q4tIQ9Yg+/38I
TFWanL2W4BvbORajx4OX5al6x4V/tEAknNPPlmRBhidsCVlG6PzwG+IsRQahdo1nZCHPW/BvykHj
nmGHqDe7gHsxgVYKGmY5qU2qwPMULL//jOhC4w4FAsXI9OCJyfOedMRa4wYGNXy+67MWm7spzvIR
XQTXw2CWiLa1i7OwsLDYHKMesptBDSlYLzQESWsT+Dg0Vqn3EejM1sLsAmItW4Tjwgu9SKB7D8sd
dtwAGzIJ2KUx7EWT0U5P2WIOeg9ErffYIB+yqVsaYQMW1jdzdJPeIUvsjRcT6LBhOgJmyfbV0VlC
9PoJofXWB7B7sanaZ5W9zhDhlu9Tu8aP7DjjPntbJ8ubNoghuF/FILTyDQsLC4vtkKdEj78TXf+A
Ra9xx+2XDwlNM6UD0hxp2XuHHaKHf9l6mEPB2s6dBnoPIKOj3uHGhtbgZptuul1vpeLHxQRadm46
321qI89wcmEN2uSgBo3JvuyLtIYtnvMZnoR+iJ2pF3IV7z0+e9TDn/EQ5HoWmZamMkTczMBaLlmc
AJwZNlBlhXQftLgsxAN0IazfGHtRx0FwxS06MHCTKJ3za1yaIL7T0ctpKPV2LCiOcCuicTOv4mcU
X6/zt2uDNK6ypG4/kG6RRbjB8ve9sbnT5bRTO2fkGYKNEg0+lERG50TZhsHNFXtpzCfQTkHnq/Xu
mxGkMQhrpcWT14KWx7tAnkJcPnzF5CzuHyG34paoss45sszkOOqjuFFkGq4PCYq87pBpCYtJeCHu
BSnIgKyUZg645sAu7halBkeNkhFa/ro+yGu1TdS4ISIFrarI7/Lc2IlWW4ZQDV9RwD4P0wRaKQRW
avwZyRDHSEZY7F0fi3/YxHmRRkFRPKDxeiUyQbse7Ac6h5wmz0xUsdZGIG4eIVOK9c8y7/HG3G7O
D4805s641XJk7V1/J2N1PoGuFOQbyWj3miHZxQuU2it/xmfyJJdGmCClRa5fgYVOpQ6HkKCGnzwD
eU5jeJXGA6J6GxN1MjJWfKcML8D3yTNcl2M/2OugdgUvUKVwn861U9vWkIXj2OdhYbECJDiRjDA3
Ne8J5DlBrczgdXLtcH1Etto/MNltoI37qnOZXwHRUgpz/OtnrA/j9yuQ9lobek4vQMa027Wb9kMi
HmCeD+r4e9jA/P/66S2JluLBYgFhntkiwWNB59iYSvAyKmw+Dw1RHjz/sf2h5v5L9crokgfPuydW
aqooROeHvZ7iA51GOBexT5LuiWGDe7jXmVw3MVlKBCLu767d+LHgBlgQKk3e0GRm4YqHk5H3MsIN
TPMdZzVLcwsLixNClbvFEsHbtT9jLcoSFCkFNTTvCtnFYZWsqbg7VJqolZEs5cRnaPMZsvjW2nAK
KfP8eG6IB7j/XoBAl3Qw9itYi+MhEWmziaq2JqU/yWg12zKL/SDPQKL9Gu7hMdzLHBfPSxrhzy0D
w7NZh0RmJeW7a/kGEb6ImKVnCU9ER9qRFMl01ONByoOw1gaBHjeE0ZCevH45g52sxibJC01KM2wY
Mi3XJRog2m47M1lYWBwSQc10we09zA/kaA1CK9HqsLEigS4UsUc9zHXzPiNnK9dam4MtNUPaLPYP
eQZcD/dZ2ntXr3jd4rVJqbetv9MRIo5WvnFcZCmRGoG8rtMxcFeoNLERG3VR47cXAl1pmp1b1NuD
5Yti3doV/prGx3mwXR8DcfDMEyHxTY3xEw94wAbYzQY1kMj+83lo3bKE6OUP6MiCGmQ7QW0ysutX
oFPPM6Jv/1hZXG9hYWGxNVyONGbJ8s37OKKliNwVq++VYwrNVlmH0hjn4oV4375lhxaTyLnRSZbC
1k5IsuMS0Zx73nuAzMNaDJYDaQyOEVSJRtn66gbHgzRn7I5TeH/vaf7xKk0O1rI15g6K6mcT6LCB
FAkRHr6VoNC/vnELE+veI9uWFPvZy6eydEBI+uCFKDlCOL/9A1d8V4m+/uPtv2uNXW1+xm4bWUqU
dbEj63zB77zQpDUrDSKvQuQ6uG/H1C5ZWFhcFkTat4od1SaWVVqbbmnKoaUd8IqOHFlip8JjQOdY
qwbP0EBXpLizgDwnGr5AdmNrY8qHqMeOaJX1szh5urzL4DSkKU80MnVr8XBxMWHrvfGgz1JsmPOc
5UJw+nlLoL0QX0op7gm/oJq5CEmrEKFqutomyhOiQQcPejIiIo1oZuudMUQfdUG4D128JjsgpdYz
y78EiJyl/wQv1pufTDv0vRRhzFi01Jzfr2JDNN3p8hjQmuzqamGxJeIhUZWt5Gpt7iw2Cwre/qSI
KDcZxWUQXSZpZN/8CkcqZ4xdxdIQv8IF6XNeZ3EYpDHR47+JSBnXFqVwT/PM2mGWHcNXdLoWA4N9
QbHiYdo1LRkhQDhvTpGA4gK8JdBhHT7JRCC2q5JLcbhw/UJaxUdEunFrCPKELimCfOAY0d1KA6Rf
a0TLl8FxsYvJ4tN33lgHaYQHLajx4lE1D+HYFm2KrM6zS5tHbCc8XguvnfZ3JcKEOOzMnxhFbnNU
z2PWycum0cLCYjMMXrB+OFWk7NOEKBlMzsHKwbrVeo+/p/EaxWLaFE0HNQSB8vRtps1xEUCoX+Pz
xObOogTQk4YA9Ws0anMc1CqtG620OBx6T9gY62w/BblCnnX+VsKjc+Yem+uwJgm0fJjINwbPqx84
T7EbrF4hsiv2aEJkJozotdEX958PT0iVAoF2fBQXJEuM90lhcg4bsFE6dfeNdSATU8CVs9c/ktEc
sZ/qm6YEanY6ddZr1z6fmO2I5hQI1a6Ibn7e7jO2RZ6iI9m5yn6IzP21RaUW+0QaIcBx9QGb99uf
QYiSyGgggxoiWX4Fz2Pny3qRR3Fn8AJ2n3LgxiG+w66Lub9+YwII3W/WgaOM8AJkIvwK/n79A+7l
JQW9Tgk6N3KOaXvKXcALWboxqziYs0hbOIJMEmgvxAShVGEXvgZGXUTePJ+blHC6K6wXooyaKO4R
Pf+JgrxjPNhuAF2vUrhpy07BD2GP5DjsYXhJBDrBAiOLVVgv/OOM7lBEs7tGEc1vk57POkZOb25M
0cd7HuIhNn6btvDcFGJ5SHQZDXbEkcYSaIt9o/eA8dV6B7J88zN3is2Mm5NysBj2HiA9Wwd5hkZM
rktUv4WmNqhxMXnCFqcVBKrSCOQ56pPNLpURUw2jTqX76iUjjU2nwlF3d3Jex8PckAxnE3OtwRfC
+o4ItF8lCnjnNuxgAlkbzOrTGBfD9RHtbb4zfp55fjzyTGRkKjpDoYFMhF6InVA6Qutv+X31ygzK
i3Oh4IdMKs91RvTyGb8nPZv8ziLWmmaTYqLZJEzP0jqzpm1R5CfqET3HxsP8EFDELemZQMfDDcfO
CUGpOffewmLHkKhylmCchXVTQyMtt0cvmMsH0x7OKyKNQYyTCBIAv2K608qaNupyl8Oe1dZaWOwS
Ud8YF4w623NDUVPk2WL3FeEkUvO3JgyBVhxdlUjxLnYC4iPcY0L97m8gNn4FX+4YZFRSfo7PnY34
4iplOtsNXhF9z1PT5lU5ps3spSEdGQJNClGeMi8gh7YrUg5RjQm75mY02RlEZsV/d96/KRuBOyoc
lzcxF3Af8gwEd9QtFIy5XDDGWbJtx30aoyYn6nPUOeCFlfWTibTqvoDrbWFxaMQDU2cVr6l+mIbr
QzEwXGKCoXNukBduxO0MgfZDnDwpTBbxcIcRYi6qGnYhGHcc7h50BALtBcZlZPhqop/KgXZKuSBB
Ysou2l8ipAZPqdX1rpBEeCZC9k5cVLl6iVAOjx1iW8Azqc53PcidZkmWdD5/LDguJrBL3GzuC0qx
J/uVCXQ4jrFhS7kQbvh63vIh6ZRKqlD7s8OxpjVSvslwf59hYWHxFlIbJ244m64fjotI9uBlOYeV
vh9usPh1c2AItNi6ESGEvvMUNE9M1CaiOUVmh0BQ5dB+Ohll9wKkELJ0cvMQNkxTkX10ZDwFSB/7
/Ar3rXplCXQRrmcIdBKdD3HMEjz7lRbmhCLmRfscF+NoVRsxi+UI68iMBTWQ5ll+xbqBOav1Dhv9
3sOZF7npA3DaQ3yGhYXFGHmGdSeomv9fF7U2grPr1Oc47kYyDm/85rBuiKJ4KO4axWMeQz+pHKQH
XB9RtaIMoXpFRAobB4m4KQeWaI6LG3IuxGgTxCzEFz/Wx38f+4zKA7/Q9j6LzqfjVTEiME2iZ0Wf
lTLk+ZyjoIdE8x3RzY80DoWmsTHyzwubf+kk6rPdW6VF9PwRtSYWFhYWp4JkxFyNXXXWyfrXrqF2
WKcoMM+Npd2aazcY87gnuSYY0l8hihHvOIJRbdLk5x0YstAQcZFk4Rzqt6YqU4hyWDOa8P4KXtHn
jKhvtEKOx2L/FZvsrAKluPBP71/XKf7Si2QI66DGLenzhLMXZybziQerZYy8SkEnarEVlAPrzPb3
nAEawNN2uKBIznHhY9y4A5m+/Zno6ffLcg06d4ztIy9E+25xmYgHCGqGXCu3SkDX4/4l6zpqiDHB
5gRaY5IddRG58Co4ebEvmwkFuzovxPuz2HQAevNSBYeCsU40OY7+WSz1sgSRGTlXv8q7nbRwXnzO
ro9rMLrwRShPTUMVpXZLoJXCBub6Rwyczpfd2tkIHBfnf/0j7mvnM1FnS5P9af3zuWYpVkmHnbPv
9UGhIMW4+oBajO4D/OeXjYc8A8kedU2L4+sfiB5/s/fmHOB6RLe/ol7p8fe3sioLi3NC1MPaukqB
n3KQGe9+2/zzlLO2jMNooGM2kw9qiDA2bgstuGfA9eHHWW0RkWIC3sOfacyEOsegF9IiUb/+8+Fd
HBwXRNnx3nZYbNzgzywxk5LoWh2PC3POJC2/DUYdRFsVR6C36OAzCS6QUoTjej5Iw+B5R3IIbvXa
uEWEzvHYYWUHOny/Wtj5JudLoC0Oh6CCZ5WIqPON6OXjGm/WCAK8/AnyXGmiAcjrp/PLjFwavIqR
Wl594ADGjqLQjssZORvVtigJ8gyBzrC52L62aGyw6RyXxaZofo0IdsEHmqPQUY+o2gYpaN4jBTgL
UmkvxSxhAz86xwQe9UBI/SpItpCMqI8Cl0PD8XCRNS8wRUIc1PD7Uc8QNr9i3DcWpU0vCSLMdzwm
jpt38JmAzs3OsX6NhaL9Pe5B/4mj/xtO7NL8pXmH51o53EL+CR2qtkVRlpReQAMV5WCiyXN2q7EL
7s5RuzZ1Gp0vmx0jGWJB8asIEPS+nY82/1KRJWYdCjhruovMQqWJtTseQNp4TtKQi1+3Z/VTOCFk
KXMMNfvfxZ1oW1mw1P2taW4x2UgliTCARLrQuEUb1VmefFlibEL80BQgKgcDstJ8+56oi8jIMbqX
eQG+l+hUi+fQ/Ybv2H/G36UYyg/59YPTfgh3hSzGw+yF5hrtgkAT4Tivn7Eg1G8xoTfusLmR7mLr
PjeuBzLSuGOHGYWoTe/bahY3q6Dawp95dhlNdpTDnTyV8dDMYjs+dgXHxbOq3O0ydVpjLq/fmI6w
lkCfNrKYtaEBp6yviF63JNCOi+xwUMXcmIx2N6cfAznLQ/0qHGv6z2e1H1gbOgfvCiqcfe+e3jyw
yBPaC7HOz2zVvSbyjGuxVpdxTBJo4km32iaqslH91XdED/98e3J5ysb2HUNOK81JRwJBFqM5Se9h
[...]
</branch>
<status status="PASS" start="2026-05-14T22:48:33.541714" elapsed="0.000000"/>
</if>
<kw name="Log Action" owner="structured_logging">
<kw name="Get Current Date" owner="DateTime">
<msg time="2026-05-14T22:48:33.542714" level="INFO">${timestamp} = 2026-05-14 22:48:33</msg>
<var>${timestamp}</var>
<arg>result_format=%Y-%m-%d %H:%M:%S</arg>
<doc>Returns current local or UTC time with an optional increment.</doc>
<status status="PASS" start="2026-05-14T22:48:33.542714" elapsed="0.000000"/>
</kw>
<kw name="Evaluate" owner="BuiltIn">
<msg time="2026-05-14T22:48:33.542714" level="INFO">${extras} = test=PDV - Sync - Sync Clients | status=SKIP</msg>
<var>${extras}</var>
<arg>' | '.join(f'{k}={v}' for k, v in $kwargs.items())</arg>
<doc>Evaluates the given expression in Python and returns the result.</doc>
<status status="PASS" start="2026-05-14T22:48:33.542714" elapsed="0.000000"/>
</kw>
<kw name="Set Variable If" owner="BuiltIn">
<msg time="2026-05-14T22:48:33.543715" level="INFO">${formatted} = [TEST_END] Teste finalizado | test=PDV - Sync - Sync Clients | status=SKIP | timestamp=2026-05-14 22:48:33</msg>
<var>${formatted}</var>
<arg>$extras</arg>
<arg>[${action.upper()}] ${message} | ${extras} | timestamp=${timestamp}</arg>
<arg>[${action.upper()}] ${message} | timestamp=${timestamp}</arg>
<doc>Sets variable based on the given condition.</doc>
<status status="PASS" start="2026-05-14T22:48:33.543715" elapsed="0.000000"/>
</kw>
<kw name="Log" owner="BuiltIn">
<msg time="2026-05-14T22:48:33.544715" level="INFO">[TEST_END] Teste finalizado | test=PDV - Sync - Sync Clients | status=SKIP | timestamp=2026-05-14 22:48:33</msg>
<arg>${formatted}</arg>
<arg>level=${level}</arg>
<doc>Logs the given message with the given level.</doc>
<status status="PASS" start="2026-05-14T22:48:33.543715" elapsed="0.001000"/>
</kw>
<arg>action=test_end</arg>
<arg>message=Teste finalizado</arg>
<arg>test=${TEST_NAME}</arg>
<arg>status=${TEST_STATUS}</arg>
<status status="PASS" start="2026-05-14T22:48:33.542714" elapsed="0.002001"/>
</kw>
<doc>Teardown padrão de teste — captura screenshot em caso de falha.
Em caso de falha, ativa o flag de suite para que testes subsequentes
sejam ignorados (SKIP), evitando falhas em cadeia por estado inválido do app.</doc>
<status status="PASS" start="2026-05-14T22:48:33.541714" elapsed="0.003001"/>
</kw>
<doc>Realiza a sincronização de clientes.</doc>
<tag>@allure.label.severity:normal</tag>
<tag>pdv</tag>
<tag>regression</tag>
<tag>sync</tag>
<status status="SKIP" start="2026-05-14T22:48:33.539714" elapsed="0.005001">Teste ignorado: falha de UI detectada no teste anterior — o app pode estar em estado inválido.</status>
</test>
<test id="s1-t28" name="PDV - Sync - Sync Orders" line="176">
<kw name="Test Setup Default" owner="setup" type="SETUP">
<kw name="Get Variable Value" owner="BuiltIn">
<msg time="2026-05-14T22:48:33.545715" level="INFO">${_ui_failed} = True</msg>
<var>${_ui_failed}</var>
<arg>${UI_FAILURE_DETECTED}</arg>
<arg>${FALSE}</arg>
<doc>Returns variable value or ``default`` if the variable does not exist.</doc>
<status status="PASS" start="2026-05-14T22:48:33.544715" elapsed="0.001000"/>
</kw>
<if>
<branch type="IF" condition="${_ui_failed}">
<kw name="Skip" owner="BuiltIn">
<msg time="2026-05-14T22:48:33.545715" level="SKIP">Teste ignorado: falha de UI detectada no teste anterior — o app pode estar em estado inválido.</msg>
<arg>Teste ignorado: falha de UI detectada no teste anterior — o app pode estar em estado inválido.</arg>
<doc>Skips the rest of the current test.</doc>
<status status="SKIP" start="2026-05-14T22:48:33.545715" elapsed="0.000000">Teste ignorado: falha de UI detectada no teste anterior — o app pode estar em estado inválido.</status>
</kw>
<status status="SKIP" start="2026-05-14T22:48:33.545715" elapsed="0.000000">Teste ignorado: falha de UI detectada no teste anterior — o app pode estar em estado inválido.</status>
</branch>
<status status="SKIP" start="2026-05-14T22:48:33.545715" elapsed="0.000000">Teste ignorado: falha de UI detectada no teste anterior — o app pode estar em estado inválido.</status>
</if>
<kw name="Log Action" owner="structured_logging">
<arg>action=test_start</arg>
<arg>message=Iniciando teste</arg>
<arg>test=${TEST_NAME}</arg>
<status status="NOT RUN" start="2026-05-14T22:48:33.545715" elapsed="0.000000"/>
</kw>
<doc>Setup padrão de teste — registra início do caso de teste no log.
Ignora o teste automaticamente se uma falha de UI foi detectada no teste anterior,
evitando falhas em cadeia por estado inválido da interface.</doc>
<status status="SKIP" start="2026-05-14T22:48:33.544715" elapsed="0.001000">Teste ignorado: falha de UI detectada no teste anterior — o app pode estar em estado inválido.</status>
</kw>
<kw name="Test Teardown Default" owner="setup" type="TEARDOWN">
<kw name="Run Keyword If Test Failed" owner="BuiltIn">
<arg>Capture Failure Screenshot</arg>
<doc>Runs the given keyword with the given arguments, if the test failed.</doc>
<status status="PASS" start="2026-05-14T22:48:33.546715" elapsed="0.000000"/>
</kw>
<if>
<branch type="IF" condition="'${TEST_STATUS}' == 'FAIL'">
<kw name="Set Suite Variable" owner="BuiltIn">
<arg>${UI_FAILURE_DETECTED}</arg>
<arg>${TRUE}</arg>
<doc>Makes a variable available everywhere within the scope of the current suite.</doc>
<status status="NOT RUN" start="2026-05-14T22:48:33.546715" elapsed="0.000000"/>
</kw>
<status status="NOT RUN" start="2026-05-14T22:48:33.546715" elapsed="0.000000"/>
</branch>
<status status="PASS" start="2026-05-14T22:48:33.546715" elapsed="0.000000"/>
</if>
<kw name="Log Action" owner="structured_logging">
<kw name="Get Current Date" owner="DateTime">
<msg time="2026-05-14T22:48:33.546715" level="INFO">${timestamp} = 2026-05-14 22:48:33</msg>
<var>${timestamp}</var>
<arg>result_format=%Y-%m-%d %H:%M:%S</arg>
<doc>Returns current local or UTC time with an optional increment.</doc>
<status status="PASS" start="2026-05-14T22:48:33.546715" elapsed="0.000000"/>
</kw>
<kw name="Evaluate" owner="BuiltIn">
<msg time="2026-05-14T22:48:33.546715" level="INFO">${extras} = test=PDV - Sync - Sync Orders | status=SKIP</msg>
<var>${extras}</var>
<arg>' | '.join(f'{k}={v}' for k, v in $kwargs.items())</arg>
<doc>Evaluates the given expression in Python and returns the result.</doc>
<status status="PASS" start="2026-05-14T22:48:33.546715" elapsed="0.000000"/>
</kw>
<kw name="Set Variable If" owner="BuiltIn">
<msg time="2026-05-14T22:48:33.548164" level="INFO">${formatted} = [TEST_END] Teste finalizado | test=PDV - Sync - Sync Orders | status=SKIP | timestamp=2026-05-14 22:48:33</msg>
<var>${formatted}</var>
<arg>$extras</arg>
<arg>[${action.upper()}] ${message} | ${extras} | timestamp=${timestamp}</arg>
<arg>[${action.upper()}] ${message} | timestamp=${timestamp}</arg>
<doc>Sets variable based on the given condition.</doc>
<status status="PASS" start="2026-05-14T22:48:33.546715" elapsed="0.001449"/>
</kw>
<kw name="Log" owner="BuiltIn">
<msg time="2026-05-14T22:48:33.548164" level="INFO">[TEST_END] Teste finalizado | test=PDV - Sync - Sync Orders | status=SKIP | timestamp=2026-05-14 22:48:33</msg>
<arg>${formatted}</arg>
<arg>level=${level}</arg>
<doc>Logs the given message with the given level.</doc>
<status status="PASS" start="2026-05-14T22:48:33.548164" elapsed="0.000000"/>
</kw>
<arg>action=test_end</arg>
<arg>message=Teste finalizado</arg>
<arg>test=${TEST_NAME}</arg>
<arg>status=${TEST_STATUS}</arg>
<status status="PASS" start="2026-05-14T22:48:33.546715" elapsed="0.001449"/>
</kw>
<doc>Teardown padrão de teste — captura screenshot em caso de falha.
Em caso de falha, ativa o flag de suite para que testes subsequentes
sejam ignorados (SKIP), evitando falhas em cadeia por estado inválido do app.</doc>
<status status="PASS" start="2026-05-14T22:48:33.545715" elapsed="0.002449"/>
</kw>
<doc>Realiza a sincronização de pedidos.</doc>
<tag>@allure.label.severity:normal</tag>
<tag>pdv</tag>
<tag>regression</tag>
<tag>sync</tag>
<status status="SKIP" start="2026-05-14T22:48:33.544715" elapsed="0.003449">Teste ignorado: falha de UI detectada no teste anterior — o app pode estar em estado inválido.</status>
</test>
<test id="s1-t29" name="PDV - Sync - Sync All" line="181">
<kw name="Test Setup Default" owner="setup" type="SETUP">
<kw name="Get Variable Value" owner="BuiltIn">
<msg time="2026-05-14T22:48:33.549199" level="INFO">${_ui_failed} = True</msg>
<var>${_ui_failed}</var>
<arg>${UI_FAILURE_DETECTED}</arg>
<arg>${FALSE}</arg>
<doc>Returns variable value or ``default`` if the variable does not exist.</doc>
<status status="PASS" start="2026-05-14T22:48:33.549199" elapsed="0.000000"/>
</kw>
<if>
<branch type="IF" condition="${_ui_failed}">
<kw name="Skip" owner="BuiltIn">
<msg time="2026-05-14T22:48:33.550203" level="SKIP">Teste ignorado: falha de UI detectada no teste anterior — o app pode estar em estado inválido.</msg>
<arg>Teste ignorado: falha de UI detectada no teste anterior — o app pode estar em estado inválido.</arg>
<doc>Skips the rest of the current test.</doc>
<status status="SKIP" start="2026-05-14T22:48:33.550203" elapsed="0.000000">Teste ignorado: falha de UI detectada no teste anterior — o app pode estar em estado inválido.</status>
</kw>
<status status="SKIP" start="2026-05-14T22:48:33.550203" elapsed="0.000000">Teste ignorado: falha de UI detectada no teste anterior — o app pode estar em estado inválido.</status>
</branch>
<status status="SKIP" start="2026-05-14T22:48:33.549199" elapsed="0.001004">Teste ignorado: falha de UI detectada no teste anterior — o app pode estar em estado inválido.</status>
</if>
<kw name="Log Action" owner="structured_logging">
<arg>action=test_start</arg>
<arg>message=Iniciando teste</arg>
<arg>test=${TEST_NAME}</arg>
<status status="NOT RUN" start="2026-05-14T22:48:33.550203" elapsed="0.000000"/>
</kw>
<doc>Setup padrão de teste — registra início do caso de teste no log.
Ignora o teste automaticamente se uma falha de UI foi detectada no teste anterior,
evitando falhas em cadeia por estado inválido da interface.</doc>
<status status="SKIP" start="2026-05-14T22:48:33.549199" elapsed="0.001004">Teste ignorado: falha de UI detectada no teste anterior — o app pode estar em estado inválido.</status>
</kw>
<kw name="Test Teardown Default" owner="setup" type="TEARDOWN">
<kw name="Run Keyword If Test Failed" owner="BuiltIn">
<arg>Capture Failure Screenshot</arg>
<doc>Runs the given keyword with the given arguments, if the test failed.</doc>
<status status="PASS" start="2026-05-14T22:48:33.551563" elapsed="0.000000"/>
</kw>
<if>
<branch type="IF" condition="'${TEST_STATUS}' == 'FAIL'">
<kw name="Set Suite Variable" owner="BuiltIn">
<arg>${UI_FAILURE_DETECTED}</arg>
<arg>${TRUE}</arg>
<doc>Makes a variable available everywhere within the scope of the current suite.</doc>
<status status="NOT RUN" start="2026-05-14T22:48:33.551563" elapsed="0.000000"/>
</kw>
<status status="NOT RUN" start="2026-05-14T22:48:33.551563" elapsed="0.000000"/>
</branch>
<status status="PASS" start="2026-05-14T22:48:33.551563" elapsed="0.000000"/>
</if>
<kw name="Log Action" owner="structured_logging">
<kw name="Get Current Date" owner="DateTime">
<msg time="2026-05-14T22:48:33.552567" level="INFO">${timestamp} = 2026-05-14 22:48:33</msg>
<var>${timestamp}</var>
<arg>result_format=%Y-%m-%d %H:%M:%S</arg>
<doc>Returns current local or UTC time with an optional increment.</doc>
<status status="PASS" start="2026-05-14T22:48:33.552567" elapsed="0.000000"/>
</kw>
<kw name="Evaluate" owner="BuiltIn">
<msg time="2026-05-14T22:48:33.552567" level="INFO">${extras} = test=PDV - Sync - Sync All | status=SKIP</msg>
<var>${extras}</var>
<arg>' | '.join(f'{k}={v}' for k, v in $kwargs.items())</arg>
<doc>Evaluates the given expression in Python and returns the result.</doc>
<status status="PASS" start="2026-05-14T22:48:33.552567" elapsed="0.000000"/>
</kw>
<kw name="Set Variable If" owner="BuiltIn">
<msg time="2026-05-14T22:48:33.553571" level="INFO">${formatted} = [TEST_END] Teste finalizado | test=PDV - Sync - Sync All | status=SKIP | timestamp=2026-05-14 22:48:33</msg>
<var>${formatted}</var>
<arg>$extras</arg>
<arg>[${action.upper()}] ${message} | ${extras} | timestamp=${timestamp}</arg>
<arg>[${action.upper()}] ${message} | timestamp=${timestamp}</arg>
<doc>Sets variable based on the given condition.</doc>
<status status="PASS" start="2026-05-14T22:48:33.552567" elapsed="0.001004"/>
</kw>
<kw name="Log" owner="BuiltIn">
<msg time="2026-05-14T22:48:33.554571" level="INFO">[TEST_END] Teste finalizado | test=PDV - Sync - Sync All | status=SKIP | timestamp=2026-05-14 22:48:33</msg>
<arg>${formatted}</arg>
<arg>level=${level}</arg>
<doc>Logs the given message with the given level.</doc>
<status status="PASS" start="2026-05-14T22:48:33.553571" elapsed="0.001000"/>
</kw>
<arg>action=test_end</arg>
<arg>message=Teste finalizado</arg>
<arg>test=${TEST_NAME}</arg>
<arg>status=${TEST_STATUS}</arg>
<status status="PASS" start="2026-05-14T22:48:33.551563" elapsed="0.003008"/>
</kw>
<doc>Teardown padrão de teste — captura screenshot em caso de falha.
Em caso de falha, ativa o flag de suite para que testes subsequentes
sejam ignorados (SKIP), evitando falhas em cadeia por estado inválido do app.</doc>
<status status="PASS" start="2026-05-14T22:48:33.550203" elapsed="0.004368"/>
</kw>
<doc>Realiza a sincronização de todos os dados.</doc>
<tag>@allure.label.severity:normal</tag>
<tag>pdv</tag>
<tag>regression</tag>
<tag>sync</tag>
<status status="SKIP" start="2026-05-14T22:48:33.549199" elapsed="0.005372">Teste ignorado: falha de UI detectada no teste anterior — o app pode estar em estado inválido.</status>
</test>
<kw name="Suite Teardown Default" owner="setup" type="TEARDOWN">
<kw name="Log Action" owner="structured_logging">
<kw name="Get Current Date" owner="DateTime">
<msg time="2026-05-14T22:48:33.555073" level="INFO">${timestamp} = 2026-05-14 22:48:33</msg>
<var>${timestamp}</var>
<arg>result_format=%Y-%m-%d %H:%M:%S</arg>
<doc>Returns current local or UTC time with an optional increment.</doc>
<status status="PASS" start="2026-05-14T22:48:33.555073" elapsed="0.000000"/>
</kw>
<kw name="Evaluate" owner="BuiltIn">
<msg time="2026-05-14T22:48:33.556074" level="INFO">${extras} = suite=Pdv</msg>
<var>${extras}</var>
<arg>' | '.join(f'{k}={v}' for k, v in $kwargs.items())</arg>
<doc>Evaluates the given expression in Python and returns the result.</doc>
<status status="PASS" start="2026-05-14T22:48:33.555073" elapsed="0.001001"/>
</kw>
<kw name="Set Variable If" owner="BuiltIn">
<msg time="2026-05-14T22:48:33.557074" level="INFO">${formatted} = [SUITE_END] Encerrando suite | suite=Pdv | timestamp=2026-05-14 22:48:33</msg>
<var>${formatted}</var>
<arg>$extras</arg>
<arg>[${action.upper()}] ${message} | ${extras} | timestamp=${timestamp}</arg>
<arg>[${action.upper()}] ${message} | timestamp=${timestamp}</arg>
<doc>Sets variable based on the given condition.</doc>
<status status="PASS" start="2026-05-14T22:48:33.556074" elapsed="0.001000"/>
</kw>
<kw name="Log" owner="BuiltIn">
<msg time="2026-05-14T22:48:33.557074" level="INFO">[SUITE_END] Encerrando suite | suite=Pdv | timestamp=2026-05-14 22:48:33</msg>
<arg>${formatted}</arg>
<arg>level=${level}</arg>
<doc>Logs the given message with the given level.</doc>
<status status="PASS" start="2026-05-14T22:48:33.557074" elapsed="0.000000"/>
</kw>
<arg>action=suite_end</arg>
<arg>message=Encerrando suite</arg>
<arg>suite=${SUITE_NAME}</arg>
<status status="PASS" start="2026-05-14T22:48:33.555073" elapsed="0.002001"/>
</kw>
<kw name="Close App" owner="open_app">
<try>
<branch type="TRY">
<kw name="Close Application" owner="AppiumLibrary">
<doc>Closes the current application and the webdriver session.</doc>
<status status="PASS" start="2026-05-14T22:48:33.557074" elapsed="0.216023"/>
</kw>
<kw name="Log Action" owner="structured_logging">
<kw name="Get Current Date" owner="DateTime">
<msg time="2026-05-14T22:48:33.774099" level="INFO">${timestamp} = 2026-05-14 22:48:33</msg>
<var>${timestamp}</var>
<arg>result_format=%Y-%m-%d %H:%M:%S</arg>
<doc>Returns current local or UTC time with an optional increment.</doc>
<status status="PASS" start="2026-05-14T22:48:33.774099" elapsed="0.000000"/>
</kw>
<kw name="Evaluate" owner="BuiltIn">
<msg time="2026-05-14T22:48:33.774099" level="INFO">${extras} = tag=getnet_p3</msg>
<var>${extras}</var>
<arg>' | '.join(f'{k}={v}' for k, v in $kwargs.items())</arg>
<doc>Evaluates the given expression in Python and returns the result.</doc>
<status status="PASS" start="2026-05-14T22:48:33.774099" elapsed="0.000000"/>
</kw>
<kw name="Set Variable If" owner="BuiltIn">
<msg time="2026-05-14T22:48:33.775099" level="INFO">${formatted} = [APP_CLOSE] Sessão encerrada | tag=getnet_p3 | timestamp=2026-05-14 22:48:33</msg>
<var>${formatted}</var>
<arg>$extras</arg>
<arg>[${action.upper()}] ${message} | ${extras} | timestamp=${timestamp}</arg>
<arg>[${action.upper()}] ${message} | timestamp=${timestamp}</arg>
<doc>Sets variable based on the given condition.</doc>
<status status="PASS" start="2026-05-14T22:48:33.774099" elapsed="0.001000"/>
</kw>
<kw name="Log" owner="BuiltIn">
<msg time="2026-05-14T22:48:33.775099" level="INFO">[APP_CLOSE] Sessão encerrada | tag=getnet_p3 | timestamp=2026-05-14 22:48:33</msg>
<arg>${formatted}</arg>
<arg>level=${level}</arg>
<doc>Logs the given message with the given level.</doc>
<status status="PASS" start="2026-05-14T22:48:33.775099" elapsed="0.000000"/>
</kw>
<arg>action=app_close</arg>
<arg>message=Sessão encerrada</arg>
<arg>tag=${DEVICE_TAG}</arg>
<status status="PASS" start="2026-05-14T22:48:33.773097" elapsed="0.002002"/>
</kw>
<status status="PASS" start="2026-05-14T22:48:33.557074" elapsed="0.218025"/>
</branch>
<branch type="EXCEPT" assign="${error}">
<kw name="Log Action" owner="structured_logging">
<arg>action=app_close_failed</arg>
<arg>message=Falha ao encerrar sessão</arg>
<arg>error=${error}</arg>
<arg>level=WARN</arg>
<status status="NOT RUN" start="2026-05-14T22:48:33.776100" elapsed="0.000000"/>
</kw>
<status status="NOT RUN" start="2026-05-14T22:48:33.775099" elapsed="0.001001"/>
</branch>
<status status="PASS" start="2026-05-14T22:48:33.557074" elapsed="0.219026"/>
</try>
<doc>Keyword de Test/Suite Teardown — encerra a sessão Appium com segurança.</doc>
<status status="PASS" start="2026-05-14T22:48:33.557074" elapsed="0.219026"/>
</kw>
<doc>Teardown padrão de suite — encerra a sessão Appium com segurança.</doc>
<status status="PASS" start="2026-05-14T22:48:33.555073" elapsed="0.221027"/>
</kw>
<doc>Suite de regressão — módulo Pdv (Smart PDV)

Cobre os fluxos principais de pedidos, cancelamentos, descontos,
remoção de itens, ticket, lista de pedidos e sincronização.
Pré-condição: app iniciado na tela inicial do Smart PDV.</doc>
<status status="FAIL" start="2026-05-14T22:47:38.748943" elapsed="55.027157"/>
</suite>
<statistics>
<total>
<stat pass="0" fail="1" skip="28">All Tests</stat>
</total>
<tag>
<stat pass="0" fail="0" skip="2">@allure.label.severity:critical</stat>
<stat pass="0" fail="0" skip="9">@allure.label.severity:minor</stat>
<stat pass="0" fail="1" skip="17">@allure.label.severity:normal</stat>
<stat pass="0" fail="0" skip="4">cancel</stat>
<stat pass="0" fail="0" skip="2">conference</stat>
<stat pass="0" fail="0" skip="2">discount</stat>
<stat pass="0" fail="0" skip="6">list_orders</stat>
<stat pass="0" fail="1" skip="17">orders</stat>
<stat pass="0" fail="0" skip="3">payment</stat>
<stat pass="0" fail="1" skip="28">pdv</stat>
<stat pass="0" fail="1" skip="28">regression</stat>
<stat pass="0" fail="0" skip="5">sync</stat>
<stat pass="0" fail="0" skip="3">ticket</stat>
</tag>
<suite>
<stat name="Pdv" id="s1" pass="0" fail="1" skip="28">Pdv</stat>
</suite>
</statistics>
<errors>
<msg time="2026-05-14T22:48:33.429649" level="WARN">[SCREENSHOT_CAPTURED] Screenshot capturado | file=FAIL_PDV - Orders - Client Order.png | timestamp=2026-05-14 22:48:33</msg>
</errors>
</robot>
