<?xml version="1.0" encoding="UTF-8"?>
<robot generator="Robot 7.4.2 (Python 3.12.11 on win32)" generated="2026-05-15T09:44:48.621489" rpa="false" schemaversion="5">
<suite id="s1" name="Pdv" source="D:\Softcom\LAB\softcom-smart-automation\tests\regression\pdv\pdv.robot">
<kw name="Suite Setup Default" owner="setup" type="SETUP">
<kw name="Set Suite Variable" owner="BuiltIn">
<msg time="2026-05-15T09:44:49.281611" level="INFO">${UI_FAILURE_DETECTED} = False</msg>
<arg>${UI_FAILURE_DETECTED}</arg>
<arg>${FALSE}</arg>
<doc>Makes a variable available everywhere within the scope of the current suite.</doc>
<status status="PASS" start="2026-05-15T09:44:49.281611" elapsed="0.000000"/>
</kw>
<kw name="Log Action" owner="structured_logging">
<kw name="Get Current Date" owner="DateTime">
<msg time="2026-05-15T09:44:49.281611" level="INFO">${timestamp} = 2026-05-15 09:44:49</msg>
<var>${timestamp}</var>
<arg>result_format=%Y-%m-%d %H:%M:%S</arg>
<doc>Returns current local or UTC time with an optional increment.</doc>
<status status="PASS" start="2026-05-15T09:44:49.281611" elapsed="0.000000"/>
</kw>
<kw name="Evaluate" owner="BuiltIn">
<msg time="2026-05-15T09:44:49.281611" level="INFO">${extras} = suite=Pdv</msg>
<var>${extras}</var>
<arg>' | '.join(f'{k}={v}' for k, v in $kwargs.items())</arg>
<doc>Evaluates the given expression in Python and returns the result.</doc>
<status status="PASS" start="2026-05-15T09:44:49.281611" elapsed="0.000000"/>
</kw>
<kw name="Set Variable If" owner="BuiltIn">
<msg time="2026-05-15T09:44:49.281611" level="INFO">${formatted} = [SUITE_START] Iniciando suite | suite=Pdv | timestamp=2026-05-15 09:44:49</msg>
<var>${formatted}</var>
<arg>$extras</arg>
<arg>[${action.upper()}] ${message} | ${extras} | timestamp=${timestamp}</arg>
<arg>[${action.upper()}] ${message} | timestamp=${timestamp}</arg>
<doc>Sets variable based on the given condition.</doc>
<status status="PASS" start="2026-05-15T09:44:49.281611" elapsed="0.000000"/>
</kw>
<kw name="Log" owner="BuiltIn">
<msg time="2026-05-15T09:44:49.281611" level="INFO">[SUITE_START] Iniciando suite | suite=Pdv | timestamp=2026-05-15 09:44:49</msg>
<arg>${formatted}</arg>
<arg>level=${level}</arg>
<doc>Logs the given message with the given level.</doc>
<status status="PASS" start="2026-05-15T09:44:49.281611" elapsed="0.000000"/>
</kw>
<arg>action=suite_start</arg>
<arg>message=Iniciando suite</arg>
<arg>suite=${SUITE_NAME}</arg>
<status status="PASS" start="2026-05-15T09:44:49.281611" elapsed="0.000000"/>
</kw>
<kw name="Open App" owner="open_app">
<try>
<branch type="TRY">
<kw name="Open App Session" owner="open_app">
<if>
<branch type="IF" condition="'${udid}' == '${NONE}'">
<kw name="Get Device UDID From Tag" owner="open_app">
<if>
<branch type="IF" condition="'${DEVICE_TAG}' == ''">
<return>
<value>${DEVICE_UDID}</value>
<status status="NOT RUN" start="2026-05-15T09:44:49.281611" elapsed="0.000000"/>
</return>
<status status="NOT RUN" start="2026-05-15T09:44:49.281611" elapsed="0.000000"/>
</branch>
<status status="PASS" start="2026-05-15T09:44:49.281611" elapsed="0.000000"/>
</if>
<kw name="Evaluate" owner="BuiltIn">
<msg time="2026-05-15T09:44:49.281611" level="INFO">${is_default} = True</msg>
<var>${is_default}</var>
<arg>'${DEVICE_UDID}' == '${DEFAULT_UDID}' or '${DEVICE_UDID}' == 'emulator-5554'</arg>
<doc>Evaluates the given expression in Python and returns the result.</doc>
<status status="PASS" start="2026-05-15T09:44:49.281611" elapsed="0.000000"/>
</kw>
<if>
<branch type="IF" condition="not ${is_default}">
<return>
<value>${DEVICE_UDID}</value>
<status status="NOT RUN" start="2026-05-15T09:44:49.281611" elapsed="0.000000"/>
</return>
<status status="NOT RUN" start="2026-05-15T09:44:49.281611" elapsed="0.000000"/>
</branch>
<status status="PASS" start="2026-05-15T09:44:49.281611" elapsed="0.000000"/>
</if>
<kw name="Get Device Udid" owner="devicesconfig">
<msg time="2026-05-15T09:44:49.308211" level="INFO">${device_udid} = PBA1242879738</msg>
<var>${device_udid}</var>
<arg>${DEVICE_TAG}</arg>
<arg>${DEFAULT_UDID}</arg>
<status status="PASS" start="2026-05-15T09:44:49.281611" elapsed="0.026600"/>
</kw>
<kw name="Log Action" owner="structured_logging">
<kw name="Get Current Date" owner="DateTime">
<msg time="2026-05-15T09:44:49.310228" level="INFO">${timestamp} = 2026-05-15 09:44:49</msg>
<var>${timestamp}</var>
<arg>result_format=%Y-%m-%d %H:%M:%S</arg>
<doc>Returns current local or UTC time with an optional increment.</doc>
<status status="PASS" start="2026-05-15T09:44:49.308211" elapsed="0.002017"/>
</kw>
<kw name="Evaluate" owner="BuiltIn">
<msg time="2026-05-15T09:44:49.310228" level="INFO">${extras} = tag=pagbank | udid=PBA1242879738</msg>
<var>${extras}</var>
<arg>' | '.join(f'{k}={v}' for k, v in $kwargs.items())</arg>
<doc>Evaluates the given expression in Python and returns the result.</doc>
<status status="PASS" start="2026-05-15T09:44:49.310228" elapsed="0.000000"/>
</kw>
<kw name="Set Variable If" owner="BuiltIn">
<msg time="2026-05-15T09:44:49.310228" level="INFO">${formatted} = [DEVICE_MAPPING] Tag mapeada para UDID | tag=pagbank | udid=PBA1242879738 | timestamp=2026-05-15 09:44:49</msg>
<var>${formatted}</var>
<arg>$extras</arg>
<arg>[${action.upper()}] ${message} | ${extras} | timestamp=${timestamp}</arg>
<arg>[${action.upper()}] ${message} | timestamp=${timestamp}</arg>
<doc>Sets variable based on the given condition.</doc>
<status status="PASS" start="2026-05-15T09:44:49.310228" elapsed="0.000000"/>
</kw>
<kw name="Log" owner="BuiltIn">
<msg time="2026-05-15T09:44:49.312233" level="INFO">[DEVICE_MAPPING] Tag mapeada para UDID | tag=pagbank | udid=PBA1242879738 | timestamp=2026-05-15 09:44:49</msg>
<arg>${formatted}</arg>
<arg>level=${level}</arg>
<doc>Logs the given message with the given level.</doc>
<status status="PASS" start="2026-05-15T09:44:49.310228" elapsed="0.002005"/>
</kw>
<arg>action=device_mapping</arg>
<arg>message=Tag mapeada para UDID</arg>
<arg>tag=${DEVICE_TAG}</arg>
<arg>udid=${device_udid}</arg>
<status status="PASS" start="2026-05-15T09:44:49.308211" elapsed="0.004022"/>
</kw>
<return>
<value>${device_udid}</value>
<status status="PASS" start="2026-05-15T09:44:49.312233" elapsed="0.000000"/>
</return>
<msg time="2026-05-15T09:44:49.312233" level="INFO">${final_udid} = PBA1242879738</msg>
<var>${final_udid}</var>
<doc>Retorna o UDID do dispositivo a ser usado na sessão Appium.</doc>
<status status="PASS" start="2026-05-15T09:44:49.281611" elapsed="0.030622"/>
</kw>
<status status="PASS" start="2026-05-15T09:44:49.281611" elapsed="0.030622"/>
</branch>
<branch type="ELSE">
<kw name="Set Variable" owner="BuiltIn">
<var>${final_udid}</var>
<arg>${udid}</arg>
<doc>Returns the given values which can then be assigned to a variables.</doc>
<status status="NOT RUN" start="2026-05-15T09:44:49.312233" elapsed="0.000000"/>
</kw>
<status status="NOT RUN" start="2026-05-15T09:44:49.312233" elapsed="0.000000"/>
</branch>
<status status="PASS" start="2026-05-15T09:44:49.281611" elapsed="0.030622"/>
</if>
<kw name="Set Suite Variable" owner="BuiltIn">
<msg time="2026-05-15T09:44:49.312233" level="INFO">${DEVICE_UDID} = PBA1242879738</msg>
<arg>${DEVICE_UDID}</arg>
<arg>${final_udid}</arg>
<doc>Makes a variable available everywhere within the scope of the current suite.</doc>
<status status="PASS" start="2026-05-15T09:44:49.312233" elapsed="0.000000"/>
</kw>
<kw name="Get Device Config" owner="devicesconfig">
<msg time="2026-05-15T09:44:49.314007" level="INFO">${config} = DeviceConfig(system_port=8214, appium_server='http://192.168.20.181:4723/wd/hub', app_package='softcom.mobile.smart2')</msg>
<var>${config}</var>
<arg>${device_tag}</arg>
<status status="PASS" start="2026-05-15T09:44:49.312233" elapsed="0.001774"/>
</kw>
<kw name="Log Action" owner="structured_logging">
<kw name="Get Current Date" owner="DateTime">
<msg time="2026-05-15T09:44:49.317056" level="INFO">${timestamp} = 2026-05-15 09:44:49</msg>
<var>${timestamp}</var>
<arg>result_format=%Y-%m-%d %H:%M:%S</arg>
<doc>Returns current local or UTC time with an optional increment.</doc>
<status status="PASS" start="2026-05-15T09:44:49.317056" elapsed="0.000000"/>
</kw>
<kw name="Evaluate" owner="BuiltIn">
<msg time="2026-05-15T09:44:49.318067" level="INFO">${extras} = udid=PBA1242879738 | tag=pagbank | systemPort=8214 | appiumServer=http://192.168.20.181:4723/wd/hub</msg>
<var>${extras}</var>
<arg>' | '.join(f'{k}={v}' for k, v in $kwargs.items())</arg>
<doc>Evaluates the given expression in Python and returns the result.</doc>
<status status="PASS" start="2026-05-15T09:44:49.318067" elapsed="0.000000"/>
</kw>
<kw name="Set Variable If" owner="BuiltIn">
<msg time="2026-05-15T09:44:49.321071" level="INFO">${formatted} = [APP_CONNECT] Conectando ao dispositivo | udid=PBA1242879738 | tag=pagbank | systemPort=8214 | appiumServer=http://192.168.20.181:4723/wd/hub | timestamp=2026-05-15 09:44:49</msg>
<var>${formatted}</var>
<arg>$extras</arg>
<arg>[${action.upper()}] ${message} | ${extras} | timestamp=${timestamp}</arg>
<arg>[${action.upper()}] ${message} | timestamp=${timestamp}</arg>
<doc>Sets variable based on the given condition.</doc>
<status status="PASS" start="2026-05-15T09:44:49.318067" elapsed="0.003004"/>
</kw>
<kw name="Log" owner="BuiltIn">
<msg time="2026-05-15T09:44:49.322066" level="INFO">[APP_CONNECT] Conectando ao dispositivo | udid=PBA1242879738 | tag=pagbank | systemPort=8214 | appiumServer=http://192.168.20.181:4723/wd/hub | timestamp=2026-05-15 09:44:49</msg>
<arg>${formatted}</arg>
<arg>level=${level}</arg>
<doc>Logs the given message with the given level.</doc>
<status status="PASS" start="2026-05-15T09:44:49.321071" elapsed="0.002904"/>
</kw>
<arg>action=app_connect</arg>
<arg>message=Conectando ao dispositivo</arg>
<arg>udid=${final_udid}</arg>
<arg>tag=${device_tag}</arg>
<arg>systemPort=${config.system_port}</arg>
<arg>appiumServer=${config.appium_server}</arg>
<status status="PASS" start="2026-05-15T09:44:49.314007" elapsed="0.009968"/>
</kw>
<kw name="Open Application" owner="AppiumLibrary">
<arg>remote_url=${config.appium_server}</arg>
<arg>platformName=${platform_name}</arg>
<arg>automationName=${automation_name}</arg>
<arg>udid=${final_udid}</arg>
<arg>systemPort=${config.system_port}</arg>
<arg>deviceName=${device_tag}</arg>
<doc>Opens a new application to the given Appium server.
Capabilities of appium server, Android and iOS,
Please check https://appium.io/docs/en/2.19/guides/caps/
| *Option*            | *Man.* | *Description*     |
| remote_url          | Yes    | Appium server url |
| alias               | No     | alias             |</doc>
<status status="PASS" start="2026-05-15T09:44:49.326402" elapsed="12.401832"/>
</kw>
<doc>Abre a sessão Appium no dispositivo resolvido.
Conecta ao device sem lançar nem resetar o app — o app deve estar aberto em foreground.
Configurações de system_port e appium_server são lidas do devices.yaml via DevicesConfig.py.</doc>
<status status="PASS" start="2026-05-15T09:44:49.281611" elapsed="12.446623"/>
</kw>
<kw name="Clear Logcat" owner="logcatlibrary">
<doc>Clears the Android logcat buffer for the current device.</doc>
<status status="PASS" start="2026-05-15T09:45:01.728234" elapsed="1.104895"/>
</kw>
<kw name="Log Action" owner="structured_logging">
<kw name="Get Current Date" owner="DateTime">
<msg time="2026-05-15T09:45:02.833129" level="INFO">${timestamp} = 2026-05-15 09:45:02</msg>
<var>${timestamp}</var>
<arg>result_format=%Y-%m-%d %H:%M:%S</arg>
<doc>Returns current local or UTC time with an optional increment.</doc>
<status status="PASS" start="2026-05-15T09:45:02.833129" elapsed="0.000000"/>
</kw>
<kw name="Evaluate" owner="BuiltIn">
<msg time="2026-05-15T09:45:02.833129" level="INFO">${extras} = tag=pagbank</msg>
<var>${extras}</var>
<arg>' | '.join(f'{k}={v}' for k, v in $kwargs.items())</arg>
<doc>Evaluates the given expression in Python and returns the result.</doc>
<status status="PASS" start="2026-05-15T09:45:02.833129" elapsed="0.000000"/>
</kw>
<kw name="Set Variable If" owner="BuiltIn">
<msg time="2026-05-15T09:45:02.833129" level="INFO">${formatted} = [APP_OPEN] Aplicação aberta com sucesso | tag=pagbank | timestamp=2026-05-15 09:45:02</msg>
<var>${formatted}</var>
<arg>$extras</arg>
<arg>[${action.upper()}] ${message} | ${extras} | timestamp=${timestamp}</arg>
<arg>[${action.upper()}] ${message} | timestamp=${timestamp}</arg>
<doc>Sets variable based on the given condition.</doc>
<status status="PASS" start="2026-05-15T09:45:02.833129" elapsed="0.000000"/>
</kw>
<kw name="Log" owner="BuiltIn">
<msg time="2026-05-15T09:45:02.833129" level="INFO">[APP_OPEN] Aplicação aberta com sucesso | tag=pagbank | timestamp=2026-05-15 09:45:02</msg>
<arg>${formatted}</arg>
<arg>level=${level}</arg>
<doc>Logs the given message with the given level.</doc>
<status status="PASS" start="2026-05-15T09:45:02.833129" elapsed="0.000000"/>
</kw>
<arg>action=app_open</arg>
<arg>message=Aplicação aberta com sucesso</arg>
<arg>tag=${DEVICE_TAG}</arg>
<status status="PASS" start="2026-05-15T09:45:02.833129" elapsed="0.000000"/>
</kw>
<status status="PASS" start="2026-05-15T09:44:49.281611" elapsed="13.551518"/>
</branch>
<branch type="EXCEPT" assign="${error}">
<kw name="Log Action" owner="structured_logging">
<arg>action=app_open_failed</arg>
<arg>message=Falha ao abrir aplicação</arg>
<arg>error=${error}</arg>
<arg>level=ERROR</arg>
<status status="NOT RUN" start="2026-05-15T09:45:02.833129" elapsed="0.000000"/>
</kw>
<kw name="Fail" owner="BuiltIn">
<arg>Falha ao abrir a aplicação: ${error}</arg>
<doc>Fails the test with the given message and optionally alters its tags.</doc>
<status status="NOT RUN" start="2026-05-15T09:45:02.833129" elapsed="0.000000"/>
</kw>
<status status="NOT RUN" start="2026-05-15T09:45:02.833129" elapsed="0.000000"/>
</branch>
<status status="PASS" start="2026-05-15T09:44:49.281611" elapsed="13.551518"/>
</try>
<doc>Keyword de Test Setup — abre a aplicação e limpa o logcat.
Use via base_&lt;modulo&gt;.resource no Suite Setup ou Test Setup.</doc>
<status status="PASS" start="2026-05-15T09:44:49.281611" elapsed="13.551518"/>
</kw>
<doc>Setup padrão de suite — abre a aplicação e prepara o ambiente.
Use quando não há necessidade de setup específico por módulo.</doc>
<status status="PASS" start="2026-05-15T09:44:49.281611" elapsed="13.551518"/>
</kw>
<test id="s1-t1" name="PDV - Orders - Client Order" line="41">
<kw name="Test Setup Default" owner="setup" type="SETUP">
<kw name="Get Variable Value" owner="BuiltIn">
<msg time="2026-05-15T09:45:02.833129" level="INFO">${_ui_failed} = False</msg>
<var>${_ui_failed}</var>
<arg>${UI_FAILURE_DETECTED}</arg>
<arg>${FALSE}</arg>
<doc>Returns variable value or ``default`` if the variable does not exist.</doc>
<status status="PASS" start="2026-05-15T09:45:02.833129" elapsed="0.000000"/>
</kw>
<if>
<branch type="IF" condition="${_ui_failed}">
<kw name="Skip" owner="BuiltIn">
<arg>Teste ignorado: falha de UI detectada no teste anterior — o app pode estar em estado inválido.</arg>
<doc>Skips the rest of the current test.</doc>
<status status="NOT RUN" start="2026-05-15T09:45:02.833129" elapsed="0.000000"/>
</kw>
<status status="NOT RUN" start="2026-05-15T09:45:02.833129" elapsed="0.000000"/>
</branch>
<status status="PASS" start="2026-05-15T09:45:02.833129" elapsed="0.000000"/>
</if>
<kw name="Log Action" owner="structured_logging">
<kw name="Get Current Date" owner="DateTime">
<msg time="2026-05-15T09:45:02.833129" level="INFO">${timestamp} = 2026-05-15 09:45:02</msg>
<var>${timestamp}</var>
<arg>result_format=%Y-%m-%d %H:%M:%S</arg>
<doc>Returns current local or UTC time with an optional increment.</doc>
<status status="PASS" start="2026-05-15T09:45:02.833129" elapsed="0.000000"/>
</kw>
<kw name="Evaluate" owner="BuiltIn">
<msg time="2026-05-15T09:45:02.833129" level="INFO">${extras} = test=PDV - Orders - Client Order</msg>
<var>${extras}</var>
<arg>' | '.join(f'{k}={v}' for k, v in $kwargs.items())</arg>
<doc>Evaluates the given expression in Python and returns the result.</doc>
<status status="PASS" start="2026-05-15T09:45:02.833129" elapsed="0.000000"/>
</kw>
<kw name="Set Variable If" owner="BuiltIn">
<msg time="2026-05-15T09:45:02.833129" level="INFO">${formatted} = [TEST_START] Iniciando teste | test=PDV - Orders - Client Order | timestamp=2026-05-15 09:45:02</msg>
<var>${formatted}</var>
<arg>$extras</arg>
<arg>[${action.upper()}] ${message} | ${extras} | timestamp=${timestamp}</arg>
<arg>[${action.upper()}] ${message} | timestamp=${timestamp}</arg>
<doc>Sets variable based on the given condition.</doc>
<status status="PASS" start="2026-05-15T09:45:02.833129" elapsed="0.000000"/>
</kw>
<kw name="Log" owner="BuiltIn">
<msg time="2026-05-15T09:45:02.833129" level="INFO">[TEST_START] Iniciando teste | test=PDV - Orders - Client Order | timestamp=2026-05-15 09:45:02</msg>
<arg>${formatted}</arg>
<arg>level=${level}</arg>
<doc>Logs the given message with the given level.</doc>
<status status="PASS" start="2026-05-15T09:45:02.833129" elapsed="0.000000"/>
</kw>
<arg>action=test_start</arg>
<arg>message=Iniciando teste</arg>
<arg>test=${TEST_NAME}</arg>
<status status="PASS" start="2026-05-15T09:45:02.833129" elapsed="0.000000"/>
</kw>
<doc>Setup padrão de teste — registra início do caso de teste no log.
Ignora o teste automaticamente se uma falha de UI foi detectada no teste anterior,
evitando falhas em cadeia por estado inválido da interface.</doc>
<status status="PASS" start="2026-05-15T09:45:02.833129" elapsed="0.000000"/>
</kw>
<kw name="Pdv - Navigate To Client Order" owner="pdv_navigation">
<kw name="Pdv - Navigate To Clients" owner="pdv_navigation">
<kw name="Pdv - Home - Click Clients" owner="home_page">
<kw name="Wait Visible And Click Element" owner="common_keywords">
<kw name="Run With Screenshot On Failure" owner="common_keywords">
<try>
<branch type="TRY">
<kw name="Run Keyword" owner="BuiltIn">
<kw name="_Do Wait Visible And Click Element" owner="common_keywords">
<kw name="Wait Until Element Is Visible" owner="AppiumLibrary">
<msg time="2026-05-15T09:45:03.800907" level="INFO">xpath criteria: //android.widget.TextView[@resource-id="HomeOptionText_0"]</msg>
<arg>${locator}</arg>
<arg>timeout=${timeout}</arg>
<doc>Waits until the element specified by the ``locator`` is visible.</doc>
<status status="PASS" start="2026-05-15T09:45:02.833129" elapsed="0.967778"/>
</kw>
<kw name="Click Element" owner="AppiumLibrary">
<msg time="2026-05-15T09:45:03.800907" level="INFO">Clicking element '//android.widget.TextView[@resource-id="HomeOptionText_0"]'.</msg>
<msg time="2026-05-15T09:45:04.038077" level="INFO">xpath criteria: //android.widget.TextView[@resource-id="HomeOptionText_0"]</msg>
<arg>${locator}</arg>
<doc>Clicks the element identified by ``locator``.</doc>
<status status="PASS" start="2026-05-15T09:45:03.800907" elapsed="0.237170"/>
</kw>
<arg>@{args}</arg>
<status status="PASS" start="2026-05-15T09:45:02.833129" elapsed="1.204948"/>
</kw>
<arg>${keyword_name}</arg>
<arg>@{args}</arg>
<doc>Executes the given keyword with the given arguments.</doc>
<status status="PASS" start="2026-05-15T09:45:02.833129" elapsed="1.204948"/>
</kw>
<status status="PASS" start="2026-05-15T09:45:02.833129" elapsed="1.204948"/>
</branch>
<branch type="EXCEPT" assign="${error}">
<kw name="Capture Page Screenshot" owner="AppiumLibrary">
<arg>${SCREENSHOT_DIR}/${screenshot_suffix}_${TEST_NAME}.png</arg>
<doc>Takes a screenshot of the current page and embeds it into the log.</doc>
<status status="NOT RUN" start="2026-05-15T09:45:04.038077" elapsed="0.000000"/>
</kw>
<kw name="Fail" owner="BuiltIn">
<arg>${error_message}: ${error}</arg>
<doc>Fails the test with the given message and optionally alters its tags.</doc>
<status status="NOT RUN" start="2026-05-15T09:45:04.038077" elapsed="0.000000"/>
</kw>
<status status="NOT RUN" start="2026-05-15T09:45:04.038077" elapsed="0.000000"/>
</branch>
<status status="PASS" start="2026-05-15T09:45:02.833129" elapsed="1.204948"/>
</try>
<arg>_Do Wait Visible And Click Element</arg>
<arg>click_error</arg>
<arg>Erro ao clicar no elemento '${locator}'</arg>
<arg>${locator}</arg>
<arg>${timeout}</arg>
<doc>Executa uma keyword e, em caso de falha, captura screenshot e relança o erro.
Centraliza o padrão TRY/EXCEPT do projeto — todas as keywords públicas
deste arquivo delegam sua lógica real a uma keyword _Do via este wrapper.</doc>
<status status="PASS" start="2026-05-15T09:45:02.833129" elapsed="1.204948"/>
</kw>
<arg>${home.clients}</arg>
<doc>Aguarda o elemento ficar visível e clica nele.
Aceita timeout customizável — substitui Wait And Click Element.</doc>
<status status="PASS" start="2026-05-15T09:45:02.833129" elapsed="1.204948"/>
</kw>
<status status="PASS" start="2026-05-15T09:45:02.833129" elapsed="1.204948"/>
</kw>
<doc>Navega da tela inicial para o cadastro de clientes.</doc>
<status status="PASS" start="2026-05-15T09:45:02.833129" elapsed="1.204948"/>
</kw>
<kw name="Pdv - Clients - Input Search" owner="clients_page">
<kw name="Wait Visible And Input Text" owner="common_keywords">
<kw name="Run With Screenshot On Failure" owner="common_keywords">
<try>
<branch type="TRY">
<kw name="Run Keyword" owner="BuiltIn">
<kw name="_Do Wait Visible And Input Text" owner="common_keywords">
<kw name="Wait Visible And Click Element" owner="common_keywords">
<kw name="Run With Screenshot On Failure" owner="common_keywords">
<try>
<branch type="TRY">
<kw name="Run Keyword" owner="BuiltIn">
<kw name="_Do Wait Visible And Click Element" owner="common_keywords">
<kw name="Wait Until Element Is Visible" owner="AppiumLibrary">
<msg time="2026-05-15T09:45:05.882211" level="INFO">xpath criteria: //android.widget.EditText
xpath criteria: //android.widget.EditText</msg>
<arg>${locator}</arg>
<arg>timeout=${timeout}</arg>
<doc>Waits until the element specified by the ``locator`` is visible.</doc>
<status status="PASS" start="2026-05-15T09:45:04.044077" elapsed="1.838134"/>
</kw>
<kw name="Click Element" owner="AppiumLibrary">
<msg time="2026-05-15T09:45:05.891022" level="INFO">Clicking element '//android.widget.EditText'.</msg>
<msg time="2026-05-15T09:45:06.049782" level="INFO">xpath criteria: //android.widget.EditText</msg>
<arg>${locator}</arg>
<doc>Clicks the element identified by ``locator``.</doc>
<status status="PASS" start="2026-05-15T09:45:05.882211" elapsed="0.167571"/>
</kw>
<arg>@{args}</arg>
<status status="PASS" start="2026-05-15T09:45:04.043078" elapsed="2.006704"/>
</kw>
<arg>${keyword_name}</arg>
<arg>@{args}</arg>
<doc>Executes the given keyword with the given arguments.</doc>
<status status="PASS" start="2026-05-15T09:45:04.043078" elapsed="2.006704"/>
</kw>
<status status="PASS" start="2026-05-15T09:45:04.042078" elapsed="2.007704"/>
</branch>
<branch type="EXCEPT" assign="${error}">
<kw name="Capture Page Screenshot" owner="AppiumLibrary">
<arg>${SCREENSHOT_DIR}/${screenshot_suffix}_${TEST_NAME}.png</arg>
<doc>Takes a screenshot of the current page and embeds it into the log.</doc>
<status status="NOT RUN" start="2026-05-15T09:45:06.050785" elapsed="0.000000"/>
</kw>
<kw name="Fail" owner="BuiltIn">
<arg>${error_message}: ${error}</arg>
<doc>Fails the test with the given message and optionally alters its tags.</doc>
<status status="NOT RUN" start="2026-05-15T09:45:06.050785" elapsed="0.000000"/>
</kw>
<status status="NOT RUN" start="2026-05-15T09:45:06.049782" elapsed="0.001003"/>
</branch>
<status status="PASS" start="2026-05-15T09:45:04.042078" elapsed="2.008707"/>
</try>
<arg>_Do Wait Visible And Click Element</arg>
<arg>click_error</arg>
<arg>Erro ao clicar no elemento '${locator}'</arg>
<arg>${locator}</arg>
<arg>${timeout}</arg>
<doc>Executa uma keyword e, em caso de falha, captura screenshot e relança o erro.
Centraliza o padrão TRY/EXCEPT do projeto — todas as keywords públicas
deste arquivo delegam sua lógica real a uma keyword _Do via este wrapper.</doc>
<status status="PASS" start="2026-05-15T09:45:04.042078" elapsed="2.008707"/>
</kw>
<arg>${locator}</arg>
<doc>Aguarda o elemento ficar visível e clica nele.
Aceita timeout customizável — substitui Wait And Click Element.</doc>
<status status="PASS" start="2026-05-15T09:45:04.041077" elapsed="2.009708"/>
</kw>
<kw name="Input Text" owner="AppiumLibrary">
<msg time="2026-05-15T09:45:06.052785" level="INFO">Typing text 'Client_Credit' into text field '//android.widget.EditText'</msg>
<msg time="2026-05-15T09:45:06.217520" level="INFO">xpath criteria: //android.widget.EditText</msg>
<arg>${locator}</arg>
<arg>${text}</arg>
<doc>Types the given ``text`` into the text field identified by ``locator``.</doc>
<status status="PASS" start="2026-05-15T09:45:06.050785" elapsed="0.166735"/>
</kw>
<arg>@{args}</arg>
<status status="PASS" start="2026-05-15T09:45:04.041077" elapsed="2.176443"/>
</kw>
<arg>${keyword_name}</arg>
<arg>@{args}</arg>
<doc>Executes the given keyword with the given arguments.</doc>
<status status="PASS" start="2026-05-15T09:45:04.040076" elapsed="2.177444"/>
</kw>
<status status="PASS" start="2026-05-15T09:45:04.040076" elapsed="2.177444"/>
</branch>
<branch type="EXCEPT" assign="${error}">
<kw name="Capture Page Screenshot" owner="AppiumLibrary">
<arg>${SCREENSHOT_DIR}/${screenshot_suffix}_${TEST_NAME}.png</arg>
<doc>Takes a screenshot of the current page and embeds it into the log.</doc>
<status status="NOT RUN" start="2026-05-15T09:45:06.217520" elapsed="0.000000"/>
</kw>
<kw name="Fail" owner="BuiltIn">
<arg>${error_message}: ${error}</arg>
<doc>Fails the test with the given message and optionally alters its tags.</doc>
<status status="NOT RUN" start="2026-05-15T09:45:06.217520" elapsed="0.000000"/>
</kw>
<status status="NOT RUN" start="2026-05-15T09:45:06.217520" elapsed="0.000000"/>
</branch>
<status status="PASS" start="2026-05-15T09:45:04.040076" elapsed="2.177444"/>
</try>
<arg>_Do Wait Visible And Input Text</arg>
<arg>input_error</arg>
<arg>Erro ao inserir texto no elemento '${locator}'</arg>
<arg>${locator}</arg>
<arg>${text}</arg>
<doc>Executa uma keyword e, em caso de falha, captura screenshot e relança o erro.
Centraliza o padrão TRY/EXCEPT do projeto — todas as keywords públicas
deste arquivo delegam sua lógica real a uma keyword _Do via este wrapper.</doc>
<status status="PASS" start="2026-05-15T09:45:04.040076" elapsed="2.177444"/>
</kw>
<arg>${clients.search_client}</arg>
<arg>${name}</arg>
<doc>Aguarda o elemento ficar visível, clica e insere o texto.</doc>
<status status="PASS" start="2026-05-15T09:45:04.039077" elapsed="2.178443"/>
</kw>
<kw name="Close Keyboard" owner="common_keywords">
<try>
<branch type="TRY">
<if>
<branch type="IF" condition="'${DEVICE_TAG}' != ''">
<kw name="Set Variable" owner="BuiltIn">
<msg time="2026-05-15T09:45:06.218520" level="INFO">${tag} = pagbank</msg>
<var>${tag}</var>
<arg>${DEVICE_TAG}</arg>
<doc>Returns the given values which can then be assigned to a variables.</doc>
<status status="PASS" start="2026-05-15T09:45:06.218520" elapsed="0.000000"/>
</kw>
<status status="PASS" start="2026-05-15T09:45:06.218520" elapsed="0.000000"/>
</branch>
<branch type="ELSE">
<kw name="Get Tag From Udid" owner="devicesconfig">
<var>${tag}</var>
<arg>${DEVICE_UDID}</arg>
<status status="NOT RUN" start="2026-05-15T09:45:06.218520" elapsed="0.000000"/>
</kw>
<status status="NOT RUN" start="2026-05-15T09:45:06.218520" elapsed="0.001000"/>
</branch>
<status status="PASS" start="2026-05-15T09:45:06.218520" elapsed="0.001000"/>
</if>
<kw name="Convert To Lower Case" owner="String">
<msg time="2026-05-15T09:45:06.219520" level="INFO">${tag_lower} = pagbank</msg>
<var>${tag_lower}</var>
<arg>${tag}</arg>
<doc>Converts string to lower case.</doc>
<status status="PASS" start="2026-05-15T09:45:06.219520" elapsed="0.000000"/>
</kw>
<kw name="Get Keyboard Close Method" owner="devicesconfig">
<msg time="2026-05-15T09:45:06.226028" level="INFO">${method} = hide</msg>
<var>${method}</var>
<arg>${tag_lower}</arg>
<status status="PASS" start="2026-05-15T09:45:06.219520" elapsed="0.006508"/>
</kw>
<if>
<branch type="IF" condition="'${method}' == 'back'">
<kw name="Press Keycode" owner="AppiumLibrary">
<arg>4</arg>
<doc>Sends a press of ``keycode`` to the device.</doc>
<status status="NOT RUN" start="2026-05-15T09:45:06.227034" elapsed="0.000000"/>
</kw>
<status status="NOT RUN" start="2026-05-15T09:45:06.226028" elapsed="0.001006"/>
</branch>
<branch type="ELSE">
<kw name="Hide Keyboard" owner="AppiumLibrary">
<doc>Hides the software keyboard on the device if it is currently visible.</doc>
<status status="PASS" start="2026-05-15T09:45:06.227034" elapsed="2.009877"/>
</kw>
<status status="PASS" start="2026-05-15T09:45:06.227034" elapsed="2.009877"/>
</branch>
<status status="PASS" start="2026-05-15T09:45:06.226028" elapsed="2.010883"/>
</if>
<kw name="Log Action" owner="structured_logging">
<kw name="Get Current Date" owner="DateTime">
<msg time="2026-05-15T09:45:08.238438" level="INFO">${timestamp} = 2026-05-15 09:45:08</msg>
<var>${timestamp}</var>
<arg>result_format=%Y-%m-%d %H:%M:%S</arg>
<doc>Returns current local or UTC time with an optional increment.</doc>
<status status="PASS" start="2026-05-15T09:45:08.238438" elapsed="0.000000"/>
</kw>
<kw name="Evaluate" owner="BuiltIn">
<msg time="2026-05-15T09:45:08.238905" level="INFO">${extras} = device=pagbank | method=hide</msg>
<var>${extras}</var>
<arg>' | '.join(f'{k}={v}' for k, v in $kwargs.items())</arg>
<doc>Evaluates the given expression in Python and returns the result.</doc>
<status status="PASS" start="2026-05-15T09:45:08.238905" elapsed="0.000000"/>
</kw>
<kw name="Set Variable If" owner="BuiltIn">
<msg time="2026-05-15T09:45:08.239911" level="INFO">${formatted} = [KEYBOARD_CLOSE] Teclado fechado | device=pagbank | method=hide | timestamp=2026-05-15 09:45:08</msg>
<var>${formatted}</var>
<arg>$extras</arg>
<arg>[${action.upper()}] ${message} | ${extras} | timestamp=${timestamp}</arg>
<arg>[${action.upper()}] ${message} | timestamp=${timestamp}</arg>
<doc>Sets variable based on the given condition.</doc>
<status status="PASS" start="2026-05-15T09:45:08.238905" elapsed="0.001006"/>
</kw>
<kw name="Log" owner="BuiltIn">
<msg time="2026-05-15T09:45:08.239911" level="INFO">[KEYBOARD_CLOSE] Teclado fechado | device=pagbank | method=hide | timestamp=2026-05-15 09:45:08</msg>
<arg>${formatted}</arg>
<arg>level=${level}</arg>
<doc>Logs the given message with the given level.</doc>
<status status="PASS" start="2026-05-15T09:45:08.239911" elapsed="0.000000"/>
</kw>
<arg>action=keyboard_close</arg>
<arg>message=Teclado fechado</arg>
<arg>device=${tag_lower}</arg>
<arg>method=${method}</arg>
<status status="PASS" start="2026-05-15T09:45:08.237910" elapsed="0.002001"/>
</kw>
<status status="PASS" start="2026-05-15T09:45:06.218520" elapsed="2.021391"/>
</branch>
<branch type="EXCEPT" assign="${error}">
<kw name="Log Action" owner="structured_logging">
<arg>action=keyboard_close_fallback</arg>
<arg>message=Fallback Hide Keyboard aplicado</arg>
<arg>error=${error}</arg>
<arg>level=WARN</arg>
<status status="NOT RUN" start="2026-05-15T09:45:08.240911" elapsed="0.000000"/>
</kw>
<kw name="Hide Keyboard" owner="AppiumLibrary">
<doc>Hides the software keyboard on the device if it is currently visible.</doc>
<status status="NOT RUN" start="2026-05-15T09:45:08.240911" elapsed="0.000000"/>
</kw>
<status status="NOT RUN" start="2026-05-15T09:45:08.240911" elapsed="0.000000"/>
</branch>
<status status="PASS" start="2026-05-15T09:45:06.218520" elapsed="2.022391"/>
</try>
<doc>Fecha o teclado de forma segura.
O método (back/hide) é lido do devices.yaml para cada tag via DevicesConfig.
- back: envia keycode 4 (botão voltar Android)
- hide: chama Hide Keyboard do AppiumLibrary
Em caso de falha inesperada, aplica Hide Keyboard como fallback.</doc>
<status status="PASS" start="2026-05-15T09:45:06.218520" elapsed="2.022391"/>
</kw>
<arg>Client_Credit</arg>
<status status="PASS" start="2026-05-15T09:45:04.039077" elapsed="4.201834"/>
</kw>
<kw name="Pdv - Clients - Click Client 1" owner="clients_page">
<kw name="Wait Visible And Click Element" owner="common_keywords">
<kw name="Run With Screenshot On Failure" owner="common_keywords">
<try>
<branch type="TRY">
<kw name="Run Keyword" owner="BuiltIn">
<kw name="_Do Wait Visible And Click Element" owner="common_keywords">
<kw name="Wait Until Element Is Visible" owner="AppiumLibrary">
<msg time="2026-05-15T09:45:08.806083" level="INFO">xpath criteria: //android.widget.TextView[@text="Client_Credit"]</msg>
<arg>${locator}</arg>
<arg>timeout=${timeout}</arg>
<doc>Waits until the element specified by the ``locator`` is visible.</doc>
<status status="PASS" start="2026-05-15T09:45:08.242909" elapsed="0.563174"/>
</kw>
<kw name="Click Element" owner="AppiumLibrary">
<msg time="2026-05-15T09:45:08.806083" level="INFO">Clicking element '//android.widget.TextView[@text="Client_Credit"]'.</msg>
<msg time="2026-05-15T09:45:08.968992" level="INFO">xpath criteria: //android.widget.TextView[@text="Client_Credit"]</msg>
<arg>${locator}</arg>
<doc>Clicks the element identified by ``locator``.</doc>
<status status="PASS" start="2026-05-15T09:45:08.806083" elapsed="0.162909"/>
</kw>
<arg>@{args}</arg>
<status status="PASS" start="2026-05-15T09:45:08.242909" elapsed="0.726083"/>
</kw>
<arg>${keyword_name}</arg>
<arg>@{args}</arg>
<doc>Executes the given keyword with the given arguments.</doc>
<status status="PASS" start="2026-05-15T09:45:08.242909" elapsed="0.726083"/>
</kw>
<status status="PASS" start="2026-05-15T09:45:08.242909" elapsed="0.726083"/>
</branch>
<branch type="EXCEPT" assign="${error}">
<kw name="Capture Page Screenshot" owner="AppiumLibrary">
<arg>${SCREENSHOT_DIR}/${screenshot_suffix}_${TEST_NAME}.png</arg>
<doc>Takes a screenshot of the current page and embeds it into the log.</doc>
<status status="NOT RUN" start="2026-05-15T09:45:08.968992" elapsed="0.000000"/>
</kw>
<kw name="Fail" owner="BuiltIn">
<arg>${error_message}: ${error}</arg>
<doc>Fails the test with the given message and optionally alters its tags.</doc>
<status status="NOT RUN" start="2026-05-15T09:45:08.968992" elapsed="0.000000"/>
</kw>
<status status="NOT RUN" start="2026-05-15T09:45:08.968992" elapsed="0.000000"/>
</branch>
<status status="PASS" start="2026-05-15T09:45:08.242909" elapsed="0.726083"/>
</try>
<arg>_Do Wait Visible And Click Element</arg>
<arg>click_error</arg>
<arg>Erro ao clicar no elemento '${locator}'</arg>
<arg>${locator}</arg>
<arg>${timeout}</arg>
<doc>Executa uma keyword e, em caso de falha, captura screenshot e relança o erro.
Centraliza o padrão TRY/EXCEPT do projeto — todas as keywords públicas
deste arquivo delegam sua lógica real a uma keyword _Do via este wrapper.</doc>
<status status="PASS" start="2026-05-15T09:45:08.241910" elapsed="0.727082"/>
</kw>
<arg>${clients.client1}</arg>
<doc>Aguarda o elemento ficar visível e clica nele.
Aceita timeout customizável — substitui Wait And Click Element.</doc>
<status status="PASS" start="2026-05-15T09:45:08.240911" elapsed="0.728081"/>
</kw>
<status status="PASS" start="2026-05-15T09:45:08.240911" elapsed="0.728081"/>
</kw>
<kw name="Pdv - Clients - Click New Order Client" owner="clients_page">
<kw name="Wait Visible And Click Element" owner="common_keywords">
<kw name="Run With Screenshot On Failure" owner="common_keywords">
<try>
<branch type="TRY">
<kw name="Run Keyword" owner="BuiltIn">
<kw name="_Do Wait Visible And Click Element" owner="common_keywords">
<kw name="Wait Until Element Is Visible" owner="AppiumLibrary">
<msg time="2026-05-15T09:45:10.369648" level="INFO">xpath criteria: //android.widget.TextView[@text="Iniciar Venda"]
xpath criteria: //android.widget.TextView[@text="Iniciar Venda"]</msg>
<arg>${locator}</arg>
<arg>timeout=${timeout}</arg>
<doc>Waits until the element specified by the ``locator`` is visible.</doc>
<status status="PASS" start="2026-05-15T09:45:08.971984" elapsed="1.397664"/>
</kw>
<kw name="Click Element" owner="AppiumLibrary">
<msg time="2026-05-15T09:45:10.370648" level="INFO">Clicking element '//android.widget.TextView[@text="Iniciar Venda"]'.</msg>
<msg time="2026-05-15T09:45:12.001598" level="INFO">xpath criteria: //android.widget.TextView[@text="Iniciar Venda"]</msg>
<arg>${locator}</arg>
<doc>Clicks the element identified by ``locator``.</doc>
<status status="PASS" start="2026-05-15T09:45:10.369648" elapsed="1.631950"/>
</kw>
<arg>@{args}</arg>
<status status="PASS" start="2026-05-15T09:45:08.971984" elapsed="3.029614"/>
</kw>
<arg>${keyword_name}</arg>
<arg>@{args}</arg>
<doc>Executes the given keyword with the given arguments.</doc>
<status status="PASS" start="2026-05-15T09:45:08.970984" elapsed="3.030614"/>
</kw>
<status status="PASS" start="2026-05-15T09:45:08.970984" elapsed="3.030614"/>
</branch>
<branch type="EXCEPT" assign="${error}">
<kw name="Capture Page Screenshot" owner="AppiumLibrary">
<arg>${SCREENSHOT_DIR}/${screenshot_suffix}_${TEST_NAME}.png</arg>
<doc>Takes a screenshot of the current page and embeds it into the log.</doc>
<status status="NOT RUN" start="2026-05-15T09:45:12.001598" elapsed="0.000000"/>
</kw>
<kw name="Fail" owner="BuiltIn">
<arg>${error_message}: ${error}</arg>
<doc>Fails the test with the given message and optionally alters its tags.</doc>
<status status="NOT RUN" start="2026-05-15T09:45:12.001598" elapsed="0.000000"/>
</kw>
<status status="NOT RUN" start="2026-05-15T09:45:12.001598" elapsed="0.000000"/>
</branch>
<status status="PASS" start="2026-05-15T09:45:08.970984" elapsed="3.031614"/>
</try>
<arg>_Do Wait Visible And Click Element</arg>
<arg>click_error</arg>
<arg>Erro ao clicar no elemento '${locator}'</arg>
<arg>${locator}</arg>
<arg>${timeout}</arg>
<doc>Executa uma keyword e, em caso de falha, captura screenshot e relança o erro.
Centraliza o padrão TRY/EXCEPT do projeto — todas as keywords públicas
deste arquivo delegam sua lógica real a uma keyword _Do via este wrapper.</doc>
<status status="PASS" start="2026-05-15T09:45:08.970984" elapsed="3.031614"/>
</kw>
<arg>${clients.new_order_client}</arg>
<doc>Aguarda o elemento ficar visível e clica nele.
Aceita timeout customizável — substitui Wait And Click Element.</doc>
<status status="PASS" start="2026-05-15T09:45:08.969985" elapsed="3.032613"/>
</kw>
<status status="PASS" start="2026-05-15T09:45:08.968992" elapsed="3.033606"/>
</kw>
<kw name="Pdv - Orders - Click Item" owner="orders_page">
<kw name="Wait Visible And Click Element" owner="common_keywords">
<kw name="Run With Screenshot On Failure" owner="common_keywords">
<try>
<branch type="TRY">
<kw name="Run Keyword" owner="BuiltIn">
<kw name="_Do Wait Visible And Click Element" owner="common_keywords">
<kw name="Wait Until Element Is Visible" owner="AppiumLibrary">
<msg time="2026-05-15T09:45:12.288667" level="INFO">xpath criteria: //android.view.View[@content-desc="Item_primary"]</msg>
<arg>${locator}</arg>
<arg>timeout=${timeout}</arg>
<doc>Waits until the element specified by the ``locator`` is visible.</doc>
<status status="PASS" start="2026-05-15T09:45:12.005873" elapsed="0.282794"/>
</kw>
<kw name="Click Element" owner="AppiumLibrary">
<msg time="2026-05-15T09:45:12.292200" level="INFO">Clicking element '//android.view.View[@content-desc="Item_primary"]'.</msg>
<msg time="2026-05-15T09:45:12.532396" level="INFO">xpath criteria: //android.view.View[@content-desc="Item_primary"]</msg>
<arg>${locator}</arg>
<doc>Clicks the element identified by ``locator``.</doc>
<status status="PASS" start="2026-05-15T09:45:12.288667" elapsed="0.243729"/>
</kw>
<arg>@{args}</arg>
<status status="PASS" start="2026-05-15T09:45:12.005873" elapsed="0.526523"/>
</kw>
<arg>${keyword_name}</arg>
<arg>@{args}</arg>
<doc>Executes the given keyword with the given arguments.</doc>
<status status="PASS" start="2026-05-15T09:45:12.004872" elapsed="0.527524"/>
</kw>
<status status="PASS" start="2026-05-15T09:45:12.004872" elapsed="0.527524"/>
</branch>
<branch type="EXCEPT" assign="${error}">
<kw name="Capture Page Screenshot" owner="AppiumLibrary">
<arg>${SCREENSHOT_DIR}/${screenshot_suffix}_${TEST_NAME}.png</arg>
<doc>Takes a screenshot of the current page and embeds it into the log.</doc>
<status status="NOT RUN" start="2026-05-15T09:45:12.532396" elapsed="0.000000"/>
</kw>
<kw name="Fail" owner="BuiltIn">
<arg>${error_message}: ${error}</arg>
<doc>Fails the test with the given message and optionally alters its tags.</doc>
<status status="NOT RUN" start="2026-05-15T09:45:12.532396" elapsed="0.000000"/>
</kw>
<status status="NOT RUN" start="2026-05-15T09:45:12.532396" elapsed="0.000000"/>
</branch>
<status status="PASS" start="2026-05-15T09:45:12.004872" elapsed="0.527524"/>
</try>
<arg>_Do Wait Visible And Click Element</arg>
<arg>click_error</arg>
<arg>Erro ao clicar no elemento '${locator}'</arg>
<arg>${locator}</arg>
<arg>${timeout}</arg>
<doc>Executa uma keyword e, em caso de falha, captura screenshot e relança o erro.
Centraliza o padrão TRY/EXCEPT do projeto — todas as keywords públicas
deste arquivo delegam sua lógica real a uma keyword _Do via este wrapper.</doc>
<status status="PASS" start="2026-05-15T09:45:12.004872" elapsed="0.527524"/>
</kw>
<arg>${orders.item}</arg>
<doc>Aguarda o elemento ficar visível e clica nele.
Aceita timeout customizável — substitui Wait And Click Element.</doc>
<status status="PASS" start="2026-05-15T09:45:12.002598" elapsed="0.529798"/>
</kw>
<status status="PASS" start="2026-05-15T09:45:12.002598" elapsed="0.529798"/>
</kw>
<kw name="Pdv - Orders - Click Conference" owner="orders_page">
<kw name="Wait Visible And Click Element" owner="common_keywords">
<kw name="Run With Screenshot On Failure" owner="common_keywords">
<try>
<branch type="TRY">
<kw name="Run Keyword" owner="BuiltIn">
<kw name="_Do Wait Visible And Click Element" owner="common_keywords">
<kw name="Wait Until Element Is Visible" owner="AppiumLibrary">
<msg time="2026-05-15T09:45:13.176918" level="INFO">xpath criteria: //android.widget.TextView[@resource-id="CheckoutFooterText_0"]</msg>
<arg>${locator}</arg>
<arg>timeout=${timeout}</arg>
<doc>Waits until the element specified by the ``locator`` is visible.</doc>
<status status="PASS" start="2026-05-15T09:45:12.549288" elapsed="0.627630"/>
</kw>
<kw name="Click Element" owner="AppiumLibrary">
<msg time="2026-05-15T09:45:13.178917" level="INFO">Clicking element '//android.widget.TextView[@resource-id="CheckoutFooterText_0"]'.</msg>
<msg time="2026-05-15T09:45:14.877762" level="INFO">xpath criteria: //android.widget.TextView[@resource-id="CheckoutFooterText_0"]</msg>
<arg>${locator}</arg>
<doc>Clicks the element identified by ``locator``.</doc>
<status status="PASS" start="2026-05-15T09:45:13.177918" elapsed="1.699844"/>
</kw>
<arg>@{args}</arg>
<status status="PASS" start="2026-05-15T09:45:12.549288" elapsed="2.329484"/>
</kw>
<arg>${keyword_name}</arg>
<arg>@{args}</arg>
<doc>Executes the given keyword with the given arguments.</doc>
<status status="PASS" start="2026-05-15T09:45:12.548290" elapsed="2.330482"/>
</kw>
<status status="PASS" start="2026-05-15T09:45:12.548290" elapsed="2.330482"/>
</branch>
<branch type="EXCEPT" assign="${error}">
<kw name="Capture Page Screenshot" owner="AppiumLibrary">
<arg>${SCREENSHOT_DIR}/${screenshot_suffix}_${TEST_NAME}.png</arg>
<doc>Takes a screenshot of the current page and embeds it into the log.</doc>
<status status="NOT RUN" start="2026-05-15T09:45:14.878772" elapsed="0.000000"/>
</kw>
<kw name="Fail" owner="BuiltIn">
<arg>${error_message}: ${error}</arg>
<doc>Fails the test with the given message and optionally alters its tags.</doc>
<status status="NOT RUN" start="2026-05-15T09:45:14.878772" elapsed="0.000000"/>
</kw>
<status status="NOT RUN" start="2026-05-15T09:45:14.878772" elapsed="0.000000"/>
</branch>
<status status="PASS" start="2026-05-15T09:45:12.548290" elapsed="2.330482"/>
</try>
<arg>_Do Wait Visible And Click Element</arg>
<arg>click_error</arg>
<arg>Erro ao clicar no elemento '${locator}'</arg>
<arg>${locator}</arg>
<arg>${timeout}</arg>
<doc>Executa uma keyword e, em caso de falha, captura screenshot e relança o erro.
Centraliza o padrão TRY/EXCEPT do projeto — todas as keywords públicas
deste arquivo delegam sua lógica real a uma keyword _Do via este wrapper.</doc>
<status status="PASS" start="2026-05-15T09:45:12.543289" elapsed="2.335483"/>
</kw>
<arg>${orders.conference}</arg>
<doc>Aguarda o elemento ficar visível e clica nele.
Aceita timeout customizável — substitui Wait And Click Element.</doc>
<status status="PASS" start="2026-05-15T09:45:12.532396" elapsed="2.346376"/>
</kw>
<status status="PASS" start="2026-05-15T09:45:12.532396" elapsed="2.346376"/>
</kw>
<kw name="Pdv - Orders - Click Finalize Order" owner="orders_page">
<kw name="Wait Visible And Click Element" owner="common_keywords">
<kw name="Run With Screenshot On Failure" owner="common_keywords">
<try>
<branch type="TRY">
<kw name="Run Keyword" owner="BuiltIn">
<kw name="_Do Wait Visible And Click Element" owner="common_keywords">
<kw name="Wait Until Element Is Visible" owner="AppiumLibrary">
<msg time="2026-05-15T09:45:15.038088" level="INFO">xpath criteria: //android.widget.TextView[@resource-id="CarrinhoItensText_1"]</msg>
<arg>${locator}</arg>
<arg>timeout=${timeout}</arg>
<doc>Waits until the element specified by the ``locator`` is visible.</doc>
<status status="PASS" start="2026-05-15T09:45:14.881801" elapsed="0.156287"/>
</kw>
<kw name="Click Element" owner="AppiumLibrary">
<msg time="2026-05-15T09:45:15.040094" level="INFO">Clicking element '//android.widget.TextView[@resource-id="CarrinhoItensText_1"]'.</msg>
<msg time="2026-05-15T09:45:16.391282" level="INFO">xpath criteria: //android.widget.TextView[@resource-id="CarrinhoItensText_1"]</msg>
<arg>${locator}</arg>
<doc>Clicks the element identified by ``locator``.</doc>
<status status="PASS" start="2026-05-15T09:45:15.038088" elapsed="1.353194"/>
</kw>
<arg>@{args}</arg>
<status status="PASS" start="2026-05-15T09:45:14.881801" elapsed="1.509481"/>
</kw>
<arg>${keyword_name}</arg>
<arg>@{args}</arg>
<doc>Executes the given keyword with the given arguments.</doc>
<status status="PASS" start="2026-05-15T09:45:14.880791" elapsed="1.510491"/>
</kw>
<status status="PASS" start="2026-05-15T09:45:14.880791" elapsed="1.510491"/>
</branch>
<branch type="EXCEPT" assign="${error}">
<kw name="Capture Page Screenshot" owner="AppiumLibrary">
<arg>${SCREENSHOT_DIR}/${screenshot_suffix}_${TEST_NAME}.png</arg>
<doc>Takes a screenshot of the current page and embeds it into the log.</doc>
<status status="NOT RUN" start="2026-05-15T09:45:16.392281" elapsed="0.000000"/>
</kw>
<kw name="Fail" owner="BuiltIn">
<arg>${error_message}: ${error}</arg>
<doc>Fails the test with the given message and optionally alters its tags.</doc>
<status status="NOT RUN" start="2026-05-15T09:45:16.392281" elapsed="0.000000"/>
</kw>
<status status="NOT RUN" start="2026-05-15T09:45:16.392281" elapsed="0.000000"/>
</branch>
<status status="PASS" start="2026-05-15T09:45:14.880791" elapsed="1.511490"/>
</try>
<arg>_Do Wait Visible And Click Element</arg>
<arg>click_error</arg>
<arg>Erro ao clicar no elemento '${locator}'</arg>
<arg>${locator}</arg>
<arg>${timeout}</arg>
<doc>Executa uma keyword e, em caso de falha, captura screenshot e relança o erro.
Centraliza o padrão TRY/EXCEPT do projeto — todas as keywords públicas
deste arquivo delegam sua lógica real a uma keyword _Do via este wrapper.</doc>
<status status="PASS" start="2026-05-15T09:45:14.880791" elapsed="1.511490"/>
</kw>
<arg>${orders.finalize_order}</arg>
<doc>Aguarda o elemento ficar visível e clica nele.
Aceita timeout customizável — substitui Wait And Click Element.</doc>
<status status="PASS" start="2026-05-15T09:45:14.879780" elapsed="1.512501"/>
</kw>
<status status="PASS" start="2026-05-15T09:45:14.878772" elapsed="1.513509"/>
</kw>
<kw name="Pdv - Orders - Click Payment Money" owner="orders_page">
<kw name="Wait Visible And Click Element" owner="common_keywords">
<kw name="Run With Screenshot On Failure" owner="common_keywords">
<try>
<branch type="TRY">
<kw name="Run Keyword" owner="BuiltIn">
<kw name="_Do Wait Visible And Click Element" owner="common_keywords">
<kw name="Wait Until Element Is Visible" owner="AppiumLibrary">
<msg time="2026-05-15T09:45:17.046800" level="INFO">xpath criteria: //android.view.View[@resource-id="PaymentMethodTileColumn_0"]</msg>
<arg>${locator}</arg>
<arg>timeout=${timeout}</arg>
<doc>Waits until the element specified by the ``locator`` is visible.</doc>
<status status="PASS" start="2026-05-15T09:45:16.397279" elapsed="0.649521"/>
</kw>
<kw name="Click Element" owner="AppiumLibrary">
<msg time="2026-05-15T09:45:17.049800" level="INFO">Clicking element '//android.view.View[@resource-id="PaymentMethodTileColumn_0"]'.</msg>
<msg time="2026-05-15T09:45:17.242513" level="INFO">xpath criteria: //android.view.View[@resource-id="PaymentMethodTileColumn_0"]</msg>
<arg>${locator}</arg>
<doc>Clicks the element identified by ``locator``.</doc>
<status status="PASS" start="2026-05-15T09:45:17.046800" elapsed="0.195713"/>
</kw>
<arg>@{args}</arg>
<status status="PASS" start="2026-05-15T09:45:16.396281" elapsed="0.846232"/>
</kw>
<arg>${keyword_name}</arg>
<arg>@{args}</arg>
<doc>Executes the given keyword with the given arguments.</doc>
<status status="PASS" start="2026-05-15T09:45:16.396281" elapsed="0.846232"/>
</kw>
<status status="PASS" start="2026-05-15T09:45:16.396281" elapsed="0.846232"/>
</branch>
<branch type="EXCEPT" assign="${error}">
<kw name="Capture Page Screenshot" owner="AppiumLibrary">
<arg>${SCREENSHOT_DIR}/${screenshot_suffix}_${TEST_NAME}.png</arg>
<doc>Takes a screenshot of the current page and embeds it into the log.</doc>
<status status="NOT RUN" start="2026-05-15T09:45:17.243515" elapsed="0.000000"/>
</kw>
<kw name="Fail" owner="BuiltIn">
<arg>${error_message}: ${error}</arg>
<doc>Fails the test with the given message and optionally alters its tags.</doc>
<status status="NOT RUN" start="2026-05-15T09:45:17.243515" elapsed="0.000000"/>
</kw>
<status status="NOT RUN" start="2026-05-15T09:45:17.242513" elapsed="0.001002"/>
</branch>
<status status="PASS" start="2026-05-15T09:45:16.395280" elapsed="0.848235"/>
</try>
<arg>_Do Wait Visible And Click Element</arg>
<arg>click_error</arg>
<arg>Erro ao clicar no elemento '${locator}'</arg>
<arg>${locator}</arg>
<arg>${timeout}</arg>
<doc>Executa uma keyword e, em caso de falha, captura screenshot e relança o erro.
Centraliza o padrão TRY/EXCEPT do projeto — todas as keywords públicas
deste arquivo delegam sua lógica real a uma keyword _Do via este wrapper.</doc>
<status status="PASS" start="2026-05-15T09:45:16.395280" elapsed="0.848235"/>
</kw>
<arg>${orders.money}</arg>
<doc>Aguarda o elemento ficar visível e clica nele.
Aceita timeout customizável — substitui Wait And Click Element.</doc>
<status status="PASS" start="2026-05-15T09:45:16.393282" elapsed="0.850233"/>
</kw>
<status status="PASS" start="2026-05-15T09:45:16.393282" elapsed="0.850233"/>
</kw>
<kw name="Pdv - Orders - Click Confirm Value" owner="orders_page">
<kw name="Wait Visible And Click Element" owner="common_keywords">
<kw name="Run With Screenshot On Failure" owner="common_keywords">
<try>
<branch type="TRY">
<kw name="Run Keyword" owner="BuiltIn">
<kw name="_Do Wait Visible And Click Element" owner="common_keywords">
<kw name="Wait Until Element Is Visible" owner="AppiumLibrary">
<msg time="2026-05-15T09:45:18.324735" level="INFO">xpath criteria: //android.widget.TextView[@resource-id="ValorPagamentoDialogText_23"]
xpath criteria: //android.widget.TextView[@resource-id="ValorPagamentoDialogText_23"]</msg>
<arg>${locator}</arg>
<arg>timeout=${timeout}</arg>
<doc>Waits until the element specified by the ``locator`` is visible.</doc>
<status status="PASS" start="2026-05-15T09:45:17.248513" elapsed="1.076222"/>
</kw>
<kw name="Click Element" owner="AppiumLibrary">
<msg time="2026-05-15T09:45:18.326736" level="INFO">Clicking element '//android.widget.TextView[@resource-id="ValorPagamentoDialogText_23"]'.</msg>
<msg time="2026-05-15T09:45:19.649481" level="INFO">xpath criteria: //android.widget.TextView[@resource-id="ValorPagamentoDialogText_23"]</msg>
<arg>${locator}</arg>
<doc>Clicks the element identified by ``locator``.</doc>
<status status="PASS" start="2026-05-15T09:45:18.324735" elapsed="1.324746"/>
</kw>
<arg>@{args}</arg>
<status status="PASS" start="2026-05-15T09:45:17.247513" elapsed="2.401968"/>
</kw>
<arg>${keyword_name}</arg>
<arg>@{args}</arg>
<doc>Executes the given keyword with the given arguments.</doc>
<status status="PASS" start="2026-05-15T09:45:17.247513" elapsed="2.401968"/>
</kw>
<status status="PASS" start="2026-05-15T09:45:17.247513" elapsed="2.401968"/>
</branch>
<branch type="EXCEPT" assign="${error}">
<kw name="Capture Page Screenshot" owner="AppiumLibrary">
<arg>${SCREENSHOT_DIR}/${screenshot_suffix}_${TEST_NAME}.png</arg>
<doc>Takes a screenshot of the current page and embeds it into the log.</doc>
<status status="NOT RUN" start="2026-05-15T09:45:19.649481" elapsed="0.000000"/>
</kw>
<kw name="Fail" owner="BuiltIn">
<arg>${error_message}: ${error}</arg>
<doc>Fails the test with the given message and optionally alters its tags.</doc>
<status status="NOT RUN" start="2026-05-15T09:45:19.649481" elapsed="0.000000"/>
</kw>
<status status="NOT RUN" start="2026-05-15T09:45:19.649481" elapsed="0.000000"/>
</branch>
<status status="PASS" start="2026-05-15T09:45:17.246513" elapsed="2.402968"/>
</try>
<arg>_Do Wait Visible And Click Element</arg>
<arg>click_error</arg>
<arg>Erro ao clicar no elemento '${locator}'</arg>
<arg>${locator}</arg>
<arg>${timeout}</arg>
<doc>Executa uma keyword e, em caso de falha, captura screenshot e relança o erro.
Centraliza o padrão TRY/EXCEPT do projeto — todas as keywords públicas
deste arquivo delegam sua lógica real a uma keyword _Do via este wrapper.</doc>
<status status="PASS" start="2026-05-15T09:45:17.246513" elapsed="2.402968"/>
</kw>
<arg>${orders.confirm_value}</arg>
<doc>Aguarda o elemento ficar visível e clica nele.
Aceita timeout customizável — substitui Wait And Click Element.</doc>
<status status="PASS" start="2026-05-15T09:45:17.244514" elapsed="2.404967"/>
</kw>
<status status="PASS" start="2026-05-15T09:45:17.244514" elapsed="2.404967"/>
</kw>
<kw name="Pdv - Orders - Click Finish Order" owner="orders_page">
<kw name="Wait Visible And Click Element" owner="common_keywords">
<kw name="Run With Screenshot On Failure" owner="common_keywords">
<try>
<branch type="TRY">
<kw name="Run Keyword" owner="BuiltIn">
<kw name="_Do Wait Visible And Click Element" owner="common_keywords">
<kw name="Wait Until Element Is Visible" owner="AppiumLibrary">
<msg time="2026-05-15T09:45:19.843772" level="INFO">xpath criteria: //android.widget.TextView[@resource-id="PaymentBottomBarText_0"]</msg>
<arg>${locator}</arg>
<arg>timeout=${timeout}</arg>
<doc>Waits until the element specified by the ``locator`` is visible.</doc>
<status status="PASS" start="2026-05-15T09:45:19.649481" elapsed="0.194291"/>
</kw>
<kw name="Click Element" owner="AppiumLibrary">
<msg time="2026-05-15T09:45:19.845781" level="INFO">Clicking element '//android.widget.TextView[@resource-id="PaymentBottomBarText_0"]'.</msg>
<msg time="2026-05-15T09:45:22.100482" level="INFO">xpath criteria: //android.widget.TextView[@resource-id="PaymentBottomBarText_0"]</msg>
<arg>${locator}</arg>
<doc>Clicks the element identified by ``locator``.</doc>
<status status="PASS" start="2026-05-15T09:45:19.843772" elapsed="2.256710"/>
</kw>
<arg>@{args}</arg>
<status status="PASS" start="2026-05-15T09:45:19.649481" elapsed="2.451001"/>
</kw>
<arg>${keyword_name}</arg>
<arg>@{args}</arg>
<doc>Executes the given keyword with the given arguments.</doc>
<status status="PASS" start="2026-05-15T09:45:19.649481" elapsed="2.451001"/>
</kw>
<status status="PASS" start="2026-05-15T09:45:19.649481" elapsed="2.451001"/>
</branch>
<branch type="EXCEPT" assign="${error}">
<kw name="Capture Page Screenshot" owner="AppiumLibrary">
<arg>${SCREENSHOT_DIR}/${screenshot_suffix}_${TEST_NAME}.png</arg>
<doc>Takes a screenshot of the current page and embeds it into the log.</doc>
<status status="NOT RUN" start="2026-05-15T09:45:22.100482" elapsed="0.000000"/>
</kw>
<kw name="Fail" owner="BuiltIn">
<arg>${error_message}: ${error}</arg>
<doc>Fails the test with the given message and optionally alters its tags.</doc>
<status status="NOT RUN" start="2026-05-15T09:45:22.100482" elapsed="0.000000"/>
</kw>
<status status="NOT RUN" start="2026-05-15T09:45:22.100482" elapsed="0.000997"/>
</branch>
<status status="PASS" start="2026-05-15T09:45:19.649481" elapsed="2.451998"/>
</try>
<arg>_Do Wait Visible And Click Element</arg>
<arg>click_error</arg>
<arg>Erro ao clicar no elemento '${locator}'</arg>
<arg>${locator}</arg>
<arg>${timeout}</arg>
<doc>Executa uma keyword e, em caso de falha, captura screenshot e relança o erro.
Centraliza o padrão TRY/EXCEPT do projeto — todas as keywords públicas
deste arquivo delegam sua lógica real a uma keyword _Do via este wrapper.</doc>
<status status="PASS" start="2026-05-15T09:45:19.649481" elapsed="2.451998"/>
</kw>
<arg>${orders.finish_order}</arg>
<doc>Aguarda o elemento ficar visível e clica nele.
Aceita timeout customizável — substitui Wait And Click Element.</doc>
<status status="PASS" start="2026-05-15T09:45:19.649481" elapsed="2.451998"/>
</kw>
<status status="PASS" start="2026-05-15T09:45:19.649481" elapsed="2.451998"/>
</kw>
<kw name="Pdv - Orders - Click Home" owner="orders_page">
<kw name="Wait Visible And Click Element" owner="common_keywords">
<kw name="Run With Screenshot On Failure" owner="common_keywords">
<try>
<branch type="TRY">
<kw name="Run Keyword" owner="BuiltIn">
<kw name="_Do Wait Visible And Click Element" owner="common_keywords">
<kw name="Wait Until Element Is Visible" owner="AppiumLibrary">
<msg time="2026-05-15T09:45:26.196254" level="INFO">xpath criteria: //android.widget.TextView[@text="Tela Inicial"]
xpath criteria: //android.widget.TextView[@text="Tela Inicial"]
xpath criteria: //android.widget.TextView[@text="Tela Inicial"]
xpath criteria: //android.widget.TextView[@text="Tela Inicial"]</msg>
<arg>${locator}</arg>
<arg>timeout=${timeout}</arg>
<doc>Waits until the element specified by the ``locator`` is visible.</doc>
<status status="PASS" start="2026-05-15T09:45:22.105481" elapsed="4.090773"/>
</kw>
<kw name="Click Element" owner="AppiumLibrary">
<msg time="2026-05-15T09:45:26.198254" level="INFO">Clicking element '//android.widget.TextView[@text="Tela Inicial"]'.</msg>
<msg time="2026-05-15T09:45:26.450360" level="INFO">xpath criteria: //android.widget.TextView[@text="Tela Inicial"]</msg>
<arg>${locator}</arg>
<doc>Clicks the element identified by ``locator``.</doc>
<status status="PASS" start="2026-05-15T09:45:26.196254" elapsed="0.254106"/>
</kw>
<arg>@{args}</arg>
<status status="PASS" start="2026-05-15T09:45:22.104479" elapsed="4.345881"/>
</kw>
<arg>${keyword_name}</arg>
<arg>@{args}</arg>
<doc>Executes the given keyword with the given arguments.</doc>
<status status="PASS" start="2026-05-15T09:45:22.104479" elapsed="4.345881"/>
</kw>
<status status="PASS" start="2026-05-15T09:45:22.104479" elapsed="4.345881"/>
</branch>
<branch type="EXCEPT" assign="${error}">
<kw name="Capture Page Screenshot" owner="AppiumLibrary">
<arg>${SCREENSHOT_DIR}/${screenshot_suffix}_${TEST_NAME}.png</arg>
<doc>Takes a screenshot of the current page and embeds it into the log.</doc>
<status status="NOT RUN" start="2026-05-15T09:45:26.450360" elapsed="0.000000"/>
</kw>
<kw name="Fail" owner="BuiltIn">
<arg>${error_message}: ${error}</arg>
<doc>Fails the test with the given message and optionally alters its tags.</doc>
<status status="NOT RUN" start="2026-05-15T09:45:26.450360" elapsed="0.000000"/>
</kw>
<status status="NOT RUN" start="2026-05-15T09:45:26.450360" elapsed="0.001001"/>
</branch>
<status status="PASS" start="2026-05-15T09:45:22.104479" elapsed="4.346882"/>
</try>
<arg>_Do Wait Visible And Click Element</arg>
<arg>click_error</arg>
<arg>Erro ao clicar no elemento '${locator}'</arg>
<arg>${locator}</arg>
<arg>${timeout}</arg>
<doc>Executa uma keyword e, em caso de falha, captura screenshot e relança o erro.
Centraliza o padrão TRY/EXCEPT do projeto — todas as keywords públicas
deste arquivo delegam sua lógica real a uma keyword _Do via este wrapper.</doc>
<status status="PASS" start="2026-05-15T09:45:22.103480" elapsed="4.347881"/>
</kw>
<arg>${orders.home}</arg>
<doc>Aguarda o elemento ficar visível e clica nele.
Aceita timeout customizável — substitui Wait And Click Element.</doc>
<status status="PASS" start="2026-05-15T09:45:22.101479" elapsed="4.349882"/>
</kw>
<status status="PASS" start="2026-05-15T09:45:22.101479" elapsed="4.349882"/>
</kw>
<kw name="Pdv - Home - Verify Visible" owner="home_page">
<kw name="Wait Until Element Is Visible" owner="AppiumLibrary">
<msg time="2026-05-15T09:45:28.543509" level="INFO">xpath criteria: //android.view.View[@resource-id="MainBox_0"]
xpath criteria: //android.view.View[@resource-id="MainBox_0"]</msg>
<arg>${home.home}</arg>
<doc>Waits until the element specified by the ``locator`` is visible.</doc>
<status status="PASS" start="2026-05-15T09:45:26.451361" elapsed="2.092148"/>
</kw>
<status status="PASS" start="2026-05-15T09:45:26.451361" elapsed="2.092148"/>
</kw>
<doc>Realiza pedido iniciando pelo cadastro de clientes (client1).</doc>
<status status="PASS" start="2026-05-15T09:45:02.833129" elapsed="25.710380"/>
</kw>
<kw name="Test Teardown Default" owner="setup" type="TEARDOWN">
<kw name="Run Keyword If Test Failed" owner="BuiltIn">
<arg>Capture Failure Screenshot</arg>
<doc>Runs the given keyword with the given arguments, if the test failed.</doc>
<status status="PASS" start="2026-05-15T09:45:28.544027" elapsed="0.001007"/>
</kw>
<if>
<branch type="IF" condition="'${TEST_STATUS}' == 'FAIL'">
<kw name="Set Suite Variable" owner="BuiltIn">
<arg>${UI_FAILURE_DETECTED}</arg>
<arg>${TRUE}</arg>
<doc>Makes a variable available everywhere within the scope of the current suite.</doc>
<status status="NOT RUN" start="2026-05-15T09:45:28.545034" elapsed="0.000507"/>
</kw>
<status status="NOT RUN" start="2026-05-15T09:45:28.545034" elapsed="0.000507"/>
</branch>
<status status="PASS" start="2026-05-15T09:45:28.545034" elapsed="0.000507"/>
</if>
<kw name="Log Action" owner="structured_logging">
<kw name="Get Current Date" owner="DateTime">
<msg time="2026-05-15T09:45:28.546047" level="INFO">${timestamp} = 2026-05-15 09:45:28</msg>
<var>${timestamp}</var>
<arg>result_format=%Y-%m-%d %H:%M:%S</arg>
<doc>Returns current local or UTC time with an optional increment.</doc>
<status status="PASS" start="2026-05-15T09:45:28.546047" elapsed="0.000000"/>
</kw>
<kw name="Evaluate" owner="BuiltIn">
<msg time="2026-05-15T09:45:28.547054" level="INFO">${extras} = test=PDV - Orders - Client Order | status=PASS</msg>
<var>${extras}</var>
<arg>' | '.join(f'{k}={v}' for k, v in $kwargs.items())</arg>
<doc>Evaluates the given expression in Python and returns the result.</doc>
<status status="PASS" start="2026-05-15T09:45:28.546047" elapsed="0.001007"/>
</kw>
<kw name="Set Variable If" owner="BuiltIn">
<msg time="2026-05-15T09:45:28.548566" level="INFO">${formatted} = [TEST_END] Teste finalizado | test=PDV - Orders - Client Order | status=PASS | timestamp=2026-05-15 09:45:28</msg>
<var>${formatted}</var>
<arg>$extras</arg>
<arg>[${action.upper()}] ${message} | ${extras} | timestamp=${timestamp}</arg>
<arg>[${action.upper()}] ${message} | timestamp=${timestamp}</arg>
<doc>Sets variable based on the given condition.</doc>
<status status="PASS" start="2026-05-15T09:45:28.547559" elapsed="0.001007"/>
</kw>
<kw name="Log" owner="BuiltIn">
<msg time="2026-05-15T09:45:28.548566" level="INFO">[TEST_END] Teste finalizado | test=PDV - Orders - Client Order | status=PASS | timestamp=2026-05-15 09:45:28</msg>
<arg>${formatted}</arg>
<arg>level=${level}</arg>
<doc>Logs the given message with the given level.</doc>
<status status="PASS" start="2026-05-15T09:45:28.548566" elapsed="0.000000"/>
</kw>
<arg>action=test_end</arg>
<arg>message=Teste finalizado</arg>
<arg>test=${TEST_NAME}</arg>
<arg>status=${TEST_STATUS}</arg>
<status status="PASS" start="2026-05-15T09:45:28.545541" elapsed="0.003025"/>
</kw>
<doc>Teardown padrão de teste — captura screenshot em caso de falha.
Em caso de falha, ativa o flag de suite para que testes subsequentes
sejam ignorados (SKIP), evitando falhas em cadeia por estado inválido do app.</doc>
<status status="PASS" start="2026-05-15T09:45:28.544027" elapsed="0.004539"/>
</kw>
<doc>Realiza pedido iniciado a partir da tela de clientes.</doc>
<tag>@allure.label.severity:normal</tag>
<tag>orders</tag>
<tag>pdv</tag>
<tag>regression</tag>
<status status="PASS" start="2026-05-15T09:45:02.833129" elapsed="25.715437"/>
</test>
<test id="s1-t2" name="PDV - Orders - Cancel Order (New Order)" line="46">
<kw name="Test Setup Default" owner="setup" type="SETUP">
<kw name="Get Variable Value" owner="BuiltIn">
<msg time="2026-05-15T09:45:28.550564" level="INFO">${_ui_failed} = False</msg>
<var>${_ui_failed}</var>
<arg>${UI_FAILURE_DETECTED}</arg>
<arg>${FALSE}</arg>
<doc>Returns variable value or ``default`` if the variable does not exist.</doc>
<status status="PASS" start="2026-05-15T09:45:28.550564" elapsed="0.000000"/>
</kw>
<if>
<branch type="IF" condition="${_ui_failed}">
<kw name="Skip" owner="BuiltIn">
<arg>Teste ignorado: falha de UI detectada no teste anterior — o app pode estar em estado inválido.</arg>
<doc>Skips the rest of the current test.</doc>
<status status="NOT RUN" start="2026-05-15T09:45:28.550564" elapsed="0.000000"/>
</kw>
<status status="NOT RUN" start="2026-05-15T09:45:28.550564" elapsed="0.000000"/>
</branch>
<status status="PASS" start="2026-05-15T09:45:28.550564" elapsed="0.000999"/>
</if>
<kw name="Log Action" owner="structured_logging">
<kw name="Get Current Date" owner="DateTime">
<msg time="2026-05-15T09:45:28.551563" level="INFO">${timestamp} = 2026-05-15 09:45:28</msg>
<var>${timestamp}</var>
<arg>result_format=%Y-%m-%d %H:%M:%S</arg>
<doc>Returns current local or UTC time with an optional increment.</doc>
<status status="PASS" start="2026-05-15T09:45:28.551563" elapsed="0.000000"/>
</kw>
<kw name="Evaluate" owner="BuiltIn">
<msg time="2026-05-15T09:45:28.552565" level="INFO">${extras} = test=PDV - Orders - Cancel Order (New Order)</msg>
<var>${extras}</var>
<arg>' | '.join(f'{k}={v}' for k, v in $kwargs.items())</arg>
<doc>Evaluates the given expression in Python and returns the result.</doc>
<status status="PASS" start="2026-05-15T09:45:28.552565" elapsed="0.000000"/>
</kw>
<kw name="Set Variable If" owner="BuiltIn">
<msg time="2026-05-15T09:45:28.554091" level="INFO">${formatted} = [TEST_START] Iniciando teste | test=PDV - Orders - Cancel Order (New Order) | timestamp=2026-05-15 09:45:28</msg>
<var>${formatted}</var>
<arg>$extras</arg>
<arg>[${action.upper()}] ${message} | ${extras} | timestamp=${timestamp}</arg>
<arg>[${action.upper()}] ${message} | timestamp=${timestamp}</arg>
<doc>Sets variable based on the given condition.</doc>
<status status="PASS" start="2026-05-15T09:45:28.552565" elapsed="0.001526"/>
</kw>
<kw name="Log" owner="BuiltIn">
<msg time="2026-05-15T09:45:28.555158" level="INFO">[TEST_START] Iniciando teste | test=PDV - Orders - Cancel Order (New Order) | timestamp=2026-05-15 09:45:28</msg>
<arg>${formatted}</arg>
<arg>level=${level}</arg>
<doc>Logs the given message with the given level.</doc>
<status status="PASS" start="2026-05-15T09:45:28.554091" elapsed="0.001067"/>
</kw>
<arg>action=test_start</arg>
<arg>message=Iniciando teste</arg>
<arg>test=${TEST_NAME}</arg>
<status status="PASS" start="2026-05-15T09:45:28.551563" elapsed="0.003595"/>
</kw>
<doc>Setup padrão de teste — registra início do caso de teste no log.
Ignora o teste automaticamente se uma falha de UI foi detectada no teste anterior,
evitando falhas em cadeia por estado inválido da interface.</doc>
<status status="PASS" start="2026-05-15T09:45:28.549566" elapsed="0.005592"/>
</kw>
<kw name="Pdv - Navigate To Cancel Order" owner="pdv_navigation">
<kw name="Pdv - Navigate To New Order" owner="pdv_navigation">
<kw name="Pdv - Home - Click New Order" owner="home_page">
<kw name="Wait Visible And Click Element" owner="common_keywords">
<kw name="Run With Screenshot On Failure" owner="common_keywords">
<try>
<branch type="TRY">
<kw name="Run Keyword" owner="BuiltIn">
<kw name="_Do Wait Visible And Click Element" owner="common_keywords">
<kw name="Wait Until Element Is Visible" owner="AppiumLibrary">
<msg time="2026-05-15T09:45:28.698638" level="INFO">xpath criteria: //android.widget.TextView[@resource-id="NovoPedidoText_0"]</msg>
<arg>${locator}</arg>
<arg>timeout=${timeout}</arg>
<doc>Waits until the element specified by the ``locator`` is visible.</doc>
<status status="PASS" start="2026-05-15T09:45:28.556631" elapsed="0.142007"/>
</kw>
<kw name="Click Element" owner="AppiumLibrary">
<msg time="2026-05-15T09:45:28.700638" level="INFO">Clicking element '//android.widget.TextView[@resource-id="NovoPedidoText_0"]'.</msg>
<msg time="2026-05-15T09:45:30.357880" level="INFO">xpath criteria: //android.widget.TextView[@resource-id="NovoPedidoText_0"]</msg>
<arg>${locator}</arg>
<doc>Clicks the element identified by ``locator``.</doc>
<status status="PASS" start="2026-05-15T09:45:28.698638" elapsed="1.659242"/>
</kw>
<arg>@{args}</arg>
<status status="PASS" start="2026-05-15T09:45:28.556631" elapsed="1.801249"/>
</kw>
<arg>${keyword_name}</arg>
<arg>@{args}</arg>
<doc>Executes the given keyword with the given arguments.</doc>
<status status="PASS" start="2026-05-15T09:45:28.556631" elapsed="1.801249"/>
</kw>
<status status="PASS" start="2026-05-15T09:45:28.556631" elapsed="1.801249"/>
</branch>
<branch type="EXCEPT" assign="${error}">
<kw name="Capture Page Screenshot" owner="AppiumLibrary">
<arg>${SCREENSHOT_DIR}/${screenshot_suffix}_${TEST_NAME}.png</arg>
<doc>Takes a screenshot of the current page and embeds it into the log.</doc>
<status status="NOT RUN" start="2026-05-15T09:45:30.357880" elapsed="0.000000"/>
</kw>
<kw name="Fail" owner="BuiltIn">
<arg>${error_message}: ${error}</arg>
<doc>Fails the test with the given message and optionally alters its tags.</doc>
<status status="NOT RUN" start="2026-05-15T09:45:30.357880" elapsed="0.000000"/>
</kw>
<status status="NOT RUN" start="2026-05-15T09:45:30.357880" elapsed="0.000000"/>
</branch>
<status status="PASS" start="2026-05-15T09:45:28.556631" elapsed="1.801249"/>
</try>
<arg>_Do Wait Visible And Click Element</arg>
<arg>click_error</arg>
<arg>Erro ao clicar no elemento '${locator}'</arg>
<arg>${locator}</arg>
<arg>${timeout}</arg>
<doc>Executa uma keyword e, em caso de falha, captura screenshot e relança o erro.
Centraliza o padrão TRY/EXCEPT do projeto — todas as keywords públicas
deste arquivo delegam sua lógica real a uma keyword _Do via este wrapper.</doc>
<status status="PASS" start="2026-05-15T09:45:28.556631" elapsed="1.801249"/>
</kw>
<arg>${home.new_order}</arg>
<doc>Aguarda o elemento ficar visível e clica nele.
Aceita timeout customizável — substitui Wait And Click Element.</doc>
<status status="PASS" start="2026-05-15T09:45:28.556631" elapsed="1.801249"/>
</kw>
<status status="PASS" start="2026-05-15T09:45:28.556631" elapsed="1.801249"/>
</kw>
<doc>Navega da tela inicial para a tela de novo pedido.</doc>
<status status="PASS" start="2026-05-15T09:45:28.556159" elapsed="1.801721"/>
</kw>
<kw name="Pdv - Orders - Click Item" owner="orders_page">
<kw name="Wait Visible And Click Element" owner="common_keywords">
<kw name="Run With Screenshot On Failure" owner="common_keywords">
<try>
<branch type="TRY">
<kw name="Run Keyword" owner="BuiltIn">
<kw name="_Do Wait Visible And Click Element" owner="common_keywords">
<kw name="Wait Until Element Is Visible" owner="AppiumLibrary">
<msg time="2026-05-15T09:45:30.598677" level="INFO">xpath criteria: //android.view.View[@content-desc="Item_primary"]</msg>
<arg>${locator}</arg>
<arg>timeout=${timeout}</arg>
<doc>Waits until the element specified by the ``locator`` is visible.</doc>
<status status="PASS" start="2026-05-15T09:45:30.360994" elapsed="0.237683"/>
</kw>
<kw name="Click Element" owner="AppiumLibrary">
<msg time="2026-05-15T09:45:30.601684" level="INFO">Clicking element '//android.view.View[@content-desc="Item_primary"]'.</msg>
<msg time="2026-05-15T09:45:30.868881" level="INFO">xpath criteria: //android.view.View[@content-desc="Item_primary"]</msg>
<arg>${locator}</arg>
<doc>Clicks the element identified by ``locator``.</doc>
<status status="PASS" start="2026-05-15T09:45:30.598677" elapsed="0.270204"/>
</kw>
<arg>@{args}</arg>
<status status="PASS" start="2026-05-15T09:45:30.360994" elapsed="0.507887"/>
</kw>
<arg>${keyword_name}</arg>
<arg>@{args}</arg>
<doc>Executes the given keyword with the given arguments.</doc>
<status status="PASS" start="2026-05-15T09:45:30.360994" elapsed="0.507887"/>
</kw>
<status status="PASS" start="2026-05-15T09:45:30.360994" elapsed="0.507887"/>
</branch>
<branch type="EXCEPT" assign="${error}">
<kw name="Capture Page Screenshot" owner="AppiumLibrary">
<arg>${SCREENSHOT_DIR}/${screenshot_suffix}_${TEST_NAME}.png</arg>
<doc>Takes a screenshot of the current page and embeds it into the log.</doc>
<status status="NOT RUN" start="2026-05-15T09:45:30.868881" elapsed="0.000000"/>
</kw>
<kw name="Fail" owner="BuiltIn">
<arg>${error_message}: ${error}</arg>
<doc>Fails the test with the given message and optionally alters its tags.</doc>
<status status="NOT RUN" start="2026-05-15T09:45:30.870892" elapsed="0.000000"/>
</kw>
<status status="NOT RUN" start="2026-05-15T09:45:30.868881" elapsed="0.002011"/>
</branch>
<status status="PASS" start="2026-05-15T09:45:30.360994" elapsed="0.509898"/>
</try>
<arg>_Do Wait Visible And Click Element</arg>
<arg>click_error</arg>
<arg>Erro ao clicar no elemento '${locator}'</arg>
<arg>${locator}</arg>
<arg>${timeout}</arg>
<doc>Executa uma keyword e, em caso de falha, captura screenshot e relança o erro.
Centraliza o padrão TRY/EXCEPT do projeto — todas as keywords públicas
deste arquivo delegam sua lógica real a uma keyword _Do via este wrapper.</doc>
<status status="PASS" start="2026-05-15T09:45:30.360994" elapsed="0.509898"/>
</kw>
<arg>${orders.item}</arg>
<doc>Aguarda o elemento ficar visível e clica nele.
Aceita timeout customizável — substitui Wait And Click Element.</doc>
<status status="PASS" start="2026-05-15T09:45:30.357880" elapsed="0.513012"/>
</kw>
<status status="PASS" start="2026-05-15T09:45:30.357880" elapsed="0.513012"/>
</kw>
<if>
<branch type="IF" condition="'${origin}' == 'cart'">
<kw name="Pdv - Orders - Click Conference" owner="orders_page">
<status status="NOT RUN" start="2026-05-15T09:45:30.870892" elapsed="0.000000"/>
</kw>
<kw name="Pdv - Orders - Click Cancel Order Cart" owner="orders_page">
<status status="NOT RUN" start="2026-05-15T09:45:30.870892" elapsed="0.000000"/>
</kw>
<status status="NOT RUN" start="2026-05-15T09:45:30.870892" elapsed="0.000000"/>
</branch>
<branch type="ELSE">
<kw name="Pdv - Orders - Click Cancel Order New" owner="orders_page">
<kw name="Wait Visible And Click Element" owner="common_keywords">
<kw name="Run With Screenshot On Failure" owner="common_keywords">
<try>
<branch type="TRY">
<kw name="Run Keyword" owner="BuiltIn">
<kw name="_Do Wait Visible And Click Element" owner="common_keywords">
<kw name="Wait Until Element Is Visible" owner="AppiumLibrary">
<msg time="2026-05-15T09:45:31.479364" level="INFO">xpath criteria: //android.widget.TextView[@resource-id="PdvScreenText_1"]</msg>
<arg>${locator}</arg>
<arg>timeout=${timeout}</arg>
<doc>Waits until the element specified by the ``locator`` is visible.</doc>
<status status="PASS" start="2026-05-15T09:45:30.875173" elapsed="0.604191"/>
</kw>
<kw name="Click Element" owner="AppiumLibrary">
<msg time="2026-05-15T09:45:31.483269" level="INFO">Clicking element '//android.widget.TextView[@resource-id="PdvScreenText_1"]'.</msg>
<msg time="2026-05-15T09:45:31.753786" level="INFO">xpath criteria: //android.widget.TextView[@resource-id="PdvScreenText_1"]</msg>
<arg>${locator}</arg>
<doc>Clicks the element identified by ``locator``.</doc>
<status status="PASS" start="2026-05-15T09:45:31.480365" elapsed="0.273928"/>
</kw>
<arg>@{args}</arg>
<status status="PASS" start="2026-05-15T09:45:30.875173" elapsed="0.879120"/>
</kw>
<arg>${keyword_name}</arg>
<arg>@{args}</arg>
<doc>Executes the given keyword with the given arguments.</doc>
<status status="PASS" start="2026-05-15T09:45:30.874162" elapsed="0.880131"/>
</kw>
<status status="PASS" start="2026-05-15T09:45:30.874162" elapsed="0.880131"/>
</branch>
<branch type="EXCEPT" assign="${error}">
<kw name="Capture Page Screenshot" owner="AppiumLibrary">
<arg>${SCREENSHOT_DIR}/${screenshot_suffix}_${TEST_NAME}.png</arg>
<doc>Takes a screenshot of the current page and embeds it into the log.</doc>
<status status="NOT RUN" start="2026-05-15T09:45:31.754293" elapsed="0.000000"/>
</kw>
<kw name="Fail" owner="BuiltIn">
<arg>${error_message}: ${error}</arg>
<doc>Fails the test with the given message and optionally alters its tags.</doc>
<status status="NOT RUN" start="2026-05-15T09:45:31.754293" elapsed="0.000000"/>
</kw>
<status status="NOT RUN" start="2026-05-15T09:45:31.754293" elapsed="0.000000"/>
</branch>
<status status="PASS" start="2026-05-15T09:45:30.874162" elapsed="0.880131"/>
</try>
<arg>_Do Wait Visible And Click Element</arg>
<arg>click_error</arg>
<arg>Erro ao clicar no elemento '${locator}'</arg>
<arg>${locator}</arg>
<arg>${timeout}</arg>
<doc>Executa uma keyword e, em caso de falha, captura screenshot e relança o erro.
Centraliza o padrão TRY/EXCEPT do projeto — todas as keywords públicas
deste arquivo delegam sua lógica real a uma keyword _Do via este wrapper.</doc>
<status status="PASS" start="2026-05-15T09:45:30.874162" elapsed="0.880131"/>
</kw>
<arg>${orders.cancel_order1}</arg>
<doc>Aguarda o elemento ficar visível e clica nele.
Aceita timeout customizável — substitui Wait And Click Element.</doc>
<status status="PASS" start="2026-05-15T09:45:30.870892" elapsed="0.883401"/>
</kw>
<status status="PASS" start="2026-05-15T09:45:30.870892" elapsed="0.884414"/>
</kw>
<status status="PASS" start="2026-05-15T09:45:30.870892" elapsed="0.884414"/>
</branch>
<status status="PASS" start="2026-05-15T09:45:30.870892" elapsed="0.884414"/>
</if>
<kw name="Pdv - Orders - Verify Cancel Dialog" owner="orders_page">
<kw name="Wait Until Element Is Visible" owner="AppiumLibrary">
<msg time="2026-05-15T09:45:32.506091" level="INFO">xpath criteria: //android.widget.TextView[@text="Ei, vai mesmo cancelar esse pedido?"]</msg>
<arg>${orders.cancel_order_text}</arg>
<doc>Waits until the element specified by the ``locator`` is visible.</doc>
<status status="PASS" start="2026-05-15T09:45:31.755306" elapsed="0.750785"/>
</kw>
<status status="PASS" start="2026-05-15T09:45:31.755306" elapsed="0.752801"/>
</kw>
<kw name="Pdv - Orders - Click Cancel Confirm" owner="orders_page">
<kw name="Wait Visible And Click Element" owner="common_keywords">
<kw name="Run With Screenshot On Failure" owner="common_keywords">
<try>
<branch type="TRY">
<kw name="Run Keyword" owner="BuiltIn">
<kw name="_Do Wait Visible And Click Element" owner="common_keywords">
<kw name="Wait Until Element Is Visible" owner="AppiumLibrary">
<msg time="2026-05-15T09:45:32.593488" level="INFO">xpath criteria: //android.widget.TextView[@text="Sim"]</msg>
<arg>${locator}</arg>
<arg>timeout=${timeout}</arg>
<doc>Waits until the element specified by the ``locator`` is visible.</doc>
<status status="PASS" start="2026-05-15T09:45:32.512117" elapsed="0.081371"/>
</kw>
<kw name="Click Element" owner="AppiumLibrary">
<msg time="2026-05-15T09:45:32.595489" level="INFO">Clicking element '//android.widget.TextView[@text="Sim"]'.</msg>
<msg time="2026-05-15T09:45:34.183274" level="INFO">xpath criteria: //android.widget.TextView[@text="Sim"]</msg>
<arg>${locator}</arg>
[...]
</branch>
<status status="PASS" start="2026-05-15T09:49:32.371770" elapsed="0.000000"/>
</if>
<kw name="Log Action" owner="structured_logging">
<kw name="Get Current Date" owner="DateTime">
<msg time="2026-05-15T09:49:32.372768" level="INFO">${timestamp} = 2026-05-15 09:49:32</msg>
<var>${timestamp}</var>
<arg>result_format=%Y-%m-%d %H:%M:%S</arg>
<doc>Returns current local or UTC time with an optional increment.</doc>
<status status="PASS" start="2026-05-15T09:49:32.372768" elapsed="0.000000"/>
</kw>
<kw name="Evaluate" owner="BuiltIn">
<msg time="2026-05-15T09:49:32.372768" level="INFO">${extras} = test=PDV - Sync - Sync Clients | status=SKIP</msg>
<var>${extras}</var>
<arg>' | '.join(f'{k}={v}' for k, v in $kwargs.items())</arg>
<doc>Evaluates the given expression in Python and returns the result.</doc>
<status status="PASS" start="2026-05-15T09:49:32.372768" elapsed="0.001001"/>
</kw>
<kw name="Set Variable If" owner="BuiltIn">
<msg time="2026-05-15T09:49:32.374768" level="INFO">${formatted} = [TEST_END] Teste finalizado | test=PDV - Sync - Sync Clients | status=SKIP | timestamp=2026-05-15 09:49:32</msg>
<var>${formatted}</var>
<arg>$extras</arg>
<arg>[${action.upper()}] ${message} | ${extras} | timestamp=${timestamp}</arg>
<arg>[${action.upper()}] ${message} | timestamp=${timestamp}</arg>
<doc>Sets variable based on the given condition.</doc>
<status status="PASS" start="2026-05-15T09:49:32.373769" elapsed="0.000999"/>
</kw>
<kw name="Log" owner="BuiltIn">
<msg time="2026-05-15T09:49:32.374768" level="INFO">[TEST_END] Teste finalizado | test=PDV - Sync - Sync Clients | status=SKIP | timestamp=2026-05-15 09:49:32</msg>
<arg>${formatted}</arg>
<arg>level=${level}</arg>
<doc>Logs the given message with the given level.</doc>
<status status="PASS" start="2026-05-15T09:49:32.374768" elapsed="0.000000"/>
</kw>
<arg>action=test_end</arg>
<arg>message=Teste finalizado</arg>
<arg>test=${TEST_NAME}</arg>
<arg>status=${TEST_STATUS}</arg>
<status status="PASS" start="2026-05-15T09:49:32.371770" elapsed="0.002998"/>
</kw>
<doc>Teardown padrão de teste — captura screenshot em caso de falha.
Em caso de falha, ativa o flag de suite para que testes subsequentes
sejam ignorados (SKIP), evitando falhas em cadeia por estado inválido do app.</doc>
<status status="PASS" start="2026-05-15T09:49:32.369768" elapsed="0.005000"/>
</kw>
<doc>Realiza a sincronização de clientes.</doc>
<tag>@allure.label.severity:normal</tag>
<tag>pdv</tag>
<tag>regression</tag>
<tag>sync</tag>
<status status="SKIP" start="2026-05-15T09:49:32.366768" elapsed="0.008000">Teste ignorado: falha de UI detectada no teste anterior — o app pode estar em estado inválido.</status>
</test>
<test id="s1-t28" name="PDV - Sync - Sync Orders" line="176">
<kw name="Test Setup Default" owner="setup" type="SETUP">
<kw name="Get Variable Value" owner="BuiltIn">
<msg time="2026-05-15T09:49:32.375769" level="INFO">${_ui_failed} = True</msg>
<var>${_ui_failed}</var>
<arg>${UI_FAILURE_DETECTED}</arg>
<arg>${FALSE}</arg>
<doc>Returns variable value or ``default`` if the variable does not exist.</doc>
<status status="PASS" start="2026-05-15T09:49:32.375769" elapsed="0.000000"/>
</kw>
<if>
<branch type="IF" condition="${_ui_failed}">
<kw name="Skip" owner="BuiltIn">
<msg time="2026-05-15T09:49:32.376768" level="SKIP">Teste ignorado: falha de UI detectada no teste anterior — o app pode estar em estado inválido.</msg>
<arg>Teste ignorado: falha de UI detectada no teste anterior — o app pode estar em estado inválido.</arg>
<doc>Skips the rest of the current test.</doc>
<status status="SKIP" start="2026-05-15T09:49:32.376768" elapsed="0.000000">Teste ignorado: falha de UI detectada no teste anterior — o app pode estar em estado inválido.</status>
</kw>
<status status="SKIP" start="2026-05-15T09:49:32.375769" elapsed="0.000999">Teste ignorado: falha de UI detectada no teste anterior — o app pode estar em estado inválido.</status>
</branch>
<status status="SKIP" start="2026-05-15T09:49:32.375769" elapsed="0.000999">Teste ignorado: falha de UI detectada no teste anterior — o app pode estar em estado inválido.</status>
</if>
<kw name="Log Action" owner="structured_logging">
<arg>action=test_start</arg>
<arg>message=Iniciando teste</arg>
<arg>test=${TEST_NAME}</arg>
<status status="NOT RUN" start="2026-05-15T09:49:32.376768" elapsed="0.000000"/>
</kw>
<doc>Setup padrão de teste — registra início do caso de teste no log.
Ignora o teste automaticamente se uma falha de UI foi detectada no teste anterior,
evitando falhas em cadeia por estado inválido da interface.</doc>
<status status="SKIP" start="2026-05-15T09:49:32.375769" elapsed="0.000999">Teste ignorado: falha de UI detectada no teste anterior — o app pode estar em estado inválido.</status>
</kw>
<kw name="Test Teardown Default" owner="setup" type="TEARDOWN">
<kw name="Run Keyword If Test Failed" owner="BuiltIn">
<arg>Capture Failure Screenshot</arg>
<doc>Runs the given keyword with the given arguments, if the test failed.</doc>
<status status="PASS" start="2026-05-15T09:49:32.377768" elapsed="0.000000"/>
</kw>
<if>
<branch type="IF" condition="'${TEST_STATUS}' == 'FAIL'">
<kw name="Set Suite Variable" owner="BuiltIn">
<arg>${UI_FAILURE_DETECTED}</arg>
<arg>${TRUE}</arg>
<doc>Makes a variable available everywhere within the scope of the current suite.</doc>
<status status="NOT RUN" start="2026-05-15T09:49:32.377768" elapsed="0.000000"/>
</kw>
<status status="NOT RUN" start="2026-05-15T09:49:32.377768" elapsed="0.000000"/>
</branch>
<status status="PASS" start="2026-05-15T09:49:32.377768" elapsed="0.000000"/>
</if>
<kw name="Log Action" owner="structured_logging">
<kw name="Get Current Date" owner="DateTime">
<msg time="2026-05-15T09:49:32.378937" level="INFO">${timestamp} = 2026-05-15 09:49:32</msg>
<var>${timestamp}</var>
<arg>result_format=%Y-%m-%d %H:%M:%S</arg>
<doc>Returns current local or UTC time with an optional increment.</doc>
<status status="PASS" start="2026-05-15T09:49:32.378937" elapsed="0.000000"/>
</kw>
<kw name="Evaluate" owner="BuiltIn">
<msg time="2026-05-15T09:49:32.378937" level="INFO">${extras} = test=PDV - Sync - Sync Orders | status=SKIP</msg>
<var>${extras}</var>
<arg>' | '.join(f'{k}={v}' for k, v in $kwargs.items())</arg>
<doc>Evaluates the given expression in Python and returns the result.</doc>
<status status="PASS" start="2026-05-15T09:49:32.378937" elapsed="0.000000"/>
</kw>
<kw name="Set Variable If" owner="BuiltIn">
<msg time="2026-05-15T09:49:32.379936" level="INFO">${formatted} = [TEST_END] Teste finalizado | test=PDV - Sync - Sync Orders | status=SKIP | timestamp=2026-05-15 09:49:32</msg>
<var>${formatted}</var>
<arg>$extras</arg>
<arg>[${action.upper()}] ${message} | ${extras} | timestamp=${timestamp}</arg>
<arg>[${action.upper()}] ${message} | timestamp=${timestamp}</arg>
<doc>Sets variable based on the given condition.</doc>
<status status="PASS" start="2026-05-15T09:49:32.378937" elapsed="0.000999"/>
</kw>
<kw name="Log" owner="BuiltIn">
<msg time="2026-05-15T09:49:32.380936" level="INFO">[TEST_END] Teste finalizado | test=PDV - Sync - Sync Orders | status=SKIP | timestamp=2026-05-15 09:49:32</msg>
<arg>${formatted}</arg>
<arg>level=${level}</arg>
<doc>Logs the given message with the given level.</doc>
<status status="PASS" start="2026-05-15T09:49:32.379936" elapsed="0.001000"/>
</kw>
<arg>action=test_end</arg>
<arg>message=Teste finalizado</arg>
<arg>test=${TEST_NAME}</arg>
<arg>status=${TEST_STATUS}</arg>
<status status="PASS" start="2026-05-15T09:49:32.377768" elapsed="0.003168"/>
</kw>
<doc>Teardown padrão de teste — captura screenshot em caso de falha.
Em caso de falha, ativa o flag de suite para que testes subsequentes
sejam ignorados (SKIP), evitando falhas em cadeia por estado inválido do app.</doc>
<status status="PASS" start="2026-05-15T09:49:32.376768" elapsed="0.004168"/>
</kw>
<doc>Realiza a sincronização de pedidos.</doc>
<tag>@allure.label.severity:normal</tag>
<tag>pdv</tag>
<tag>regression</tag>
<tag>sync</tag>
<status status="SKIP" start="2026-05-15T09:49:32.374768" elapsed="0.006168">Teste ignorado: falha de UI detectada no teste anterior — o app pode estar em estado inválido.</status>
</test>
<test id="s1-t29" name="PDV - Sync - Sync All" line="181">
<kw name="Test Setup Default" owner="setup" type="SETUP">
<kw name="Get Variable Value" owner="BuiltIn">
<msg time="2026-05-15T09:49:32.381936" level="INFO">${_ui_failed} = True</msg>
<var>${_ui_failed}</var>
<arg>${UI_FAILURE_DETECTED}</arg>
<arg>${FALSE}</arg>
<doc>Returns variable value or ``default`` if the variable does not exist.</doc>
<status status="PASS" start="2026-05-15T09:49:32.381936" elapsed="0.000000"/>
</kw>
<if>
<branch type="IF" condition="${_ui_failed}">
<kw name="Skip" owner="BuiltIn">
<msg time="2026-05-15T09:49:32.382937" level="SKIP">Teste ignorado: falha de UI detectada no teste anterior — o app pode estar em estado inválido.</msg>
<arg>Teste ignorado: falha de UI detectada no teste anterior — o app pode estar em estado inválido.</arg>
<doc>Skips the rest of the current test.</doc>
<status status="SKIP" start="2026-05-15T09:49:32.382937" elapsed="0.000000">Teste ignorado: falha de UI detectada no teste anterior — o app pode estar em estado inválido.</status>
</kw>
<status status="SKIP" start="2026-05-15T09:49:32.381936" elapsed="0.001001">Teste ignorado: falha de UI detectada no teste anterior — o app pode estar em estado inválido.</status>
</branch>
<status status="SKIP" start="2026-05-15T09:49:32.381936" elapsed="0.001001">Teste ignorado: falha de UI detectada no teste anterior — o app pode estar em estado inválido.</status>
</if>
<kw name="Log Action" owner="structured_logging">
<arg>action=test_start</arg>
<arg>message=Iniciando teste</arg>
<arg>test=${TEST_NAME}</arg>
<status status="NOT RUN" start="2026-05-15T09:49:32.382937" elapsed="0.000000"/>
</kw>
<doc>Setup padrão de teste — registra início do caso de teste no log.
Ignora o teste automaticamente se uma falha de UI foi detectada no teste anterior,
evitando falhas em cadeia por estado inválido da interface.</doc>
<status status="SKIP" start="2026-05-15T09:49:32.381936" elapsed="0.001001">Teste ignorado: falha de UI detectada no teste anterior — o app pode estar em estado inválido.</status>
</kw>
<kw name="Test Teardown Default" owner="setup" type="TEARDOWN">
<kw name="Run Keyword If Test Failed" owner="BuiltIn">
<arg>Capture Failure Screenshot</arg>
<doc>Runs the given keyword with the given arguments, if the test failed.</doc>
<status status="PASS" start="2026-05-15T09:49:32.383939" elapsed="0.000000"/>
</kw>
<if>
<branch type="IF" condition="'${TEST_STATUS}' == 'FAIL'">
<kw name="Set Suite Variable" owner="BuiltIn">
<arg>${UI_FAILURE_DETECTED}</arg>
<arg>${TRUE}</arg>
<doc>Makes a variable available everywhere within the scope of the current suite.</doc>
<status status="NOT RUN" start="2026-05-15T09:49:32.383939" elapsed="0.000997"/>
</kw>
<status status="NOT RUN" start="2026-05-15T09:49:32.383939" elapsed="0.000997"/>
</branch>
<status status="PASS" start="2026-05-15T09:49:32.383939" elapsed="0.000997"/>
</if>
<kw name="Log Action" owner="structured_logging">
<kw name="Get Current Date" owner="DateTime">
<msg time="2026-05-15T09:49:32.384936" level="INFO">${timestamp} = 2026-05-15 09:49:32</msg>
<var>${timestamp}</var>
<arg>result_format=%Y-%m-%d %H:%M:%S</arg>
<doc>Returns current local or UTC time with an optional increment.</doc>
<status status="PASS" start="2026-05-15T09:49:32.384936" elapsed="0.000000"/>
</kw>
<kw name="Evaluate" owner="BuiltIn">
<msg time="2026-05-15T09:49:32.385937" level="INFO">${extras} = test=PDV - Sync - Sync All | status=SKIP</msg>
<var>${extras}</var>
<arg>' | '.join(f'{k}={v}' for k, v in $kwargs.items())</arg>
<doc>Evaluates the given expression in Python and returns the result.</doc>
<status status="PASS" start="2026-05-15T09:49:32.385937" elapsed="0.000000"/>
</kw>
<kw name="Set Variable If" owner="BuiltIn">
<msg time="2026-05-15T09:49:32.386938" level="INFO">${formatted} = [TEST_END] Teste finalizado | test=PDV - Sync - Sync All | status=SKIP | timestamp=2026-05-15 09:49:32</msg>
<var>${formatted}</var>
<arg>$extras</arg>
<arg>[${action.upper()}] ${message} | ${extras} | timestamp=${timestamp}</arg>
<arg>[${action.upper()}] ${message} | timestamp=${timestamp}</arg>
<doc>Sets variable based on the given condition.</doc>
<status status="PASS" start="2026-05-15T09:49:32.385937" elapsed="0.001001"/>
</kw>
<kw name="Log" owner="BuiltIn">
<msg time="2026-05-15T09:49:32.387937" level="INFO">[TEST_END] Teste finalizado | test=PDV - Sync - Sync All | status=SKIP | timestamp=2026-05-15 09:49:32</msg>
<arg>${formatted}</arg>
<arg>level=${level}</arg>
<doc>Logs the given message with the given level.</doc>
<status status="PASS" start="2026-05-15T09:49:32.387937" elapsed="0.000000"/>
</kw>
<arg>action=test_end</arg>
<arg>message=Teste finalizado</arg>
<arg>test=${TEST_NAME}</arg>
<arg>status=${TEST_STATUS}</arg>
<status status="PASS" start="2026-05-15T09:49:32.384936" elapsed="0.003001"/>
</kw>
<doc>Teardown padrão de teste — captura screenshot em caso de falha.
Em caso de falha, ativa o flag de suite para que testes subsequentes
sejam ignorados (SKIP), evitando falhas em cadeia por estado inválido do app.</doc>
<status status="PASS" start="2026-05-15T09:49:32.383939" elapsed="0.003998"/>
</kw>
<doc>Realiza a sincronização de todos os dados.</doc>
<tag>@allure.label.severity:normal</tag>
<tag>pdv</tag>
<tag>regression</tag>
<tag>sync</tag>
<status status="SKIP" start="2026-05-15T09:49:32.380936" elapsed="0.007001">Teste ignorado: falha de UI detectada no teste anterior — o app pode estar em estado inválido.</status>
</test>
<kw name="Suite Teardown Default" owner="setup" type="TEARDOWN">
<kw name="Log Action" owner="structured_logging">
<kw name="Get Current Date" owner="DateTime">
<msg time="2026-05-15T09:49:32.390442" level="INFO">${timestamp} = 2026-05-15 09:49:32</msg>
<var>${timestamp}</var>
<arg>result_format=%Y-%m-%d %H:%M:%S</arg>
<doc>Returns current local or UTC time with an optional increment.</doc>
<status status="PASS" start="2026-05-15T09:49:32.388937" elapsed="0.001505"/>
</kw>
<kw name="Evaluate" owner="BuiltIn">
<msg time="2026-05-15T09:49:32.390442" level="INFO">${extras} = suite=Pdv</msg>
<var>${extras}</var>
<arg>' | '.join(f'{k}={v}' for k, v in $kwargs.items())</arg>
<doc>Evaluates the given expression in Python and returns the result.</doc>
<status status="PASS" start="2026-05-15T09:49:32.390442" elapsed="0.000000"/>
</kw>
<kw name="Set Variable If" owner="BuiltIn">
<msg time="2026-05-15T09:49:32.392447" level="INFO">${formatted} = [SUITE_END] Encerrando suite | suite=Pdv | timestamp=2026-05-15 09:49:32</msg>
<var>${formatted}</var>
<arg>$extras</arg>
<arg>[${action.upper()}] ${message} | ${extras} | timestamp=${timestamp}</arg>
<arg>[${action.upper()}] ${message} | timestamp=${timestamp}</arg>
<doc>Sets variable based on the given condition.</doc>
<status status="PASS" start="2026-05-15T09:49:32.391448" elapsed="0.000999"/>
</kw>
<kw name="Log" owner="BuiltIn">
<msg time="2026-05-15T09:49:32.392447" level="INFO">[SUITE_END] Encerrando suite | suite=Pdv | timestamp=2026-05-15 09:49:32</msg>
<arg>${formatted}</arg>
<arg>level=${level}</arg>
<doc>Logs the given message with the given level.</doc>
<status status="PASS" start="2026-05-15T09:49:32.392447" elapsed="0.000000"/>
</kw>
<arg>action=suite_end</arg>
<arg>message=Encerrando suite</arg>
<arg>suite=${SUITE_NAME}</arg>
<status status="PASS" start="2026-05-15T09:49:32.388937" elapsed="0.003510"/>
</kw>
<kw name="Close App" owner="open_app">
<try>
<branch type="TRY">
<kw name="Close Application" owner="AppiumLibrary">
<doc>Closes the current application and the webdriver session.</doc>
<status status="PASS" start="2026-05-15T09:49:32.393447" elapsed="0.049001"/>
</kw>
<kw name="Log Action" owner="structured_logging">
<kw name="Get Current Date" owner="DateTime">
<msg time="2026-05-15T09:49:32.443449" level="INFO">${timestamp} = 2026-05-15 09:49:32</msg>
<var>${timestamp}</var>
<arg>result_format=%Y-%m-%d %H:%M:%S</arg>
<doc>Returns current local or UTC time with an optional increment.</doc>
<status status="PASS" start="2026-05-15T09:49:32.443449" elapsed="0.000000"/>
</kw>
<kw name="Evaluate" owner="BuiltIn">
<msg time="2026-05-15T09:49:32.444446" level="INFO">${extras} = tag=pagbank</msg>
<var>${extras}</var>
<arg>' | '.join(f'{k}={v}' for k, v in $kwargs.items())</arg>
<doc>Evaluates the given expression in Python and returns the result.</doc>
<status status="PASS" start="2026-05-15T09:49:32.443449" elapsed="0.000997"/>
</kw>
<kw name="Set Variable If" owner="BuiltIn">
<msg time="2026-05-15T09:49:32.444446" level="INFO">${formatted} = [APP_CLOSE] Sessão encerrada | tag=pagbank | timestamp=2026-05-15 09:49:32</msg>
<var>${formatted}</var>
<arg>$extras</arg>
<arg>[${action.upper()}] ${message} | ${extras} | timestamp=${timestamp}</arg>
<arg>[${action.upper()}] ${message} | timestamp=${timestamp}</arg>
<doc>Sets variable based on the given condition.</doc>
<status status="PASS" start="2026-05-15T09:49:32.444446" elapsed="0.000000"/>
</kw>
<kw name="Log" owner="BuiltIn">
<msg time="2026-05-15T09:49:32.445446" level="INFO">[APP_CLOSE] Sessão encerrada | tag=pagbank | timestamp=2026-05-15 09:49:32</msg>
<arg>${formatted}</arg>
<arg>level=${level}</arg>
<doc>Logs the given message with the given level.</doc>
<status status="PASS" start="2026-05-15T09:49:32.445446" elapsed="0.000000"/>
</kw>
<arg>action=app_close</arg>
<arg>message=Sessão encerrada</arg>
<arg>tag=${DEVICE_TAG}</arg>
<status status="PASS" start="2026-05-15T09:49:32.442448" elapsed="0.002998"/>
</kw>
<status status="PASS" start="2026-05-15T09:49:32.393447" elapsed="0.051999"/>
</branch>
<branch type="EXCEPT" assign="${error}">
<kw name="Log Action" owner="structured_logging">
<arg>action=app_close_failed</arg>
<arg>message=Falha ao encerrar sessão</arg>
<arg>error=${error}</arg>
<arg>level=WARN</arg>
<status status="NOT RUN" start="2026-05-15T09:49:32.445446" elapsed="0.000000"/>
</kw>
<status status="NOT RUN" start="2026-05-15T09:49:32.445446" elapsed="0.000000"/>
</branch>
<status status="PASS" start="2026-05-15T09:49:32.393447" elapsed="0.051999"/>
</try>
<doc>Keyword de Test/Suite Teardown — encerra a sessão Appium com segurança.</doc>
<status status="PASS" start="2026-05-15T09:49:32.393447" elapsed="0.051999"/>
</kw>
<doc>Teardown padrão de suite — encerra a sessão Appium com segurança.</doc>
<status status="PASS" start="2026-05-15T09:49:32.388937" elapsed="0.056509"/>
</kw>
<doc>Suite de regressão — módulo Pdv (Smart PDV)

Cobre os fluxos principais de pedidos, cancelamentos, descontos,
remoção de itens, ticket, lista de pedidos e sincronização.
Pré-condição: app iniciado na tela inicial do Smart PDV.</doc>
<status status="FAIL" start="2026-05-15T09:44:48.623487" elapsed="283.821959"/>
</suite>
<statistics>
<total>
<stat pass="10" fail="1" skip="18">All Tests</stat>
</total>
<tag>
<stat pass="0" fail="0" skip="2">@allure.label.severity:critical</stat>
<stat pass="2" fail="0" skip="7">@allure.label.severity:minor</stat>
<stat pass="8" fail="1" skip="9">@allure.label.severity:normal</stat>
<stat pass="4" fail="0" skip="0">cancel</stat>
<stat pass="2" fail="0" skip="0">conference</stat>
<stat pass="2" fail="0" skip="0">discount</stat>
<stat pass="0" fail="0" skip="6">list_orders</stat>
<stat pass="10" fail="1" skip="7">orders</stat>
<stat pass="0" fail="0" skip="3">payment</stat>
<stat pass="10" fail="1" skip="18">pdv</stat>
<stat pass="10" fail="1" skip="18">regression</stat>
<stat pass="0" fail="0" skip="5">sync</stat>
<stat pass="0" fail="0" skip="3">ticket</stat>
</tag>
<suite>
<stat name="Pdv" id="s1" pass="10" fail="1" skip="18">Pdv</stat>
</suite>
</statistics>
<errors>
<msg time="2026-05-15T09:49:32.262273" level="WARN">[SCREENSHOT_CAPTURED] Screenshot capturado | file=FAIL_PDV - Orders - Remove Item.png | timestamp=2026-05-15 09:49:32</msg>
</errors>
</robot>
